Scenario - Match to Sample
Logfile written - 06/16/2022 13:39:38

Subject	Trial	Event Type	Code	event_cond(str)	block_name(str)	block_number(num)	trial_number(num)	study_grid(str)	dist_grid(str)	study_side(str)	delay(num)	Time	TTime	Uncertainty	Duration	Uncertainty	ReqTime	ReqDur	Stim Type	Pair Index

	0	Pulse	84									25658	25658	1
	2	Picture	ITI	ITI								165810	0	1	2004	1	0	next	other	0
	3	Picture	Study	Study								167814	0	1	10019	1	0	next	other	0
	5	Picture	Stim;Main;1;1;221111111;121111211;Right;0	Stim	Main	1	1	221111111	121111211	Right	0	207888	0	1	40075	1	0	next	hit	5
	5	Response	2									215916	8027	1
	6	Picture	ITI	ITI								247963	0	1	2004	1	0	next	other	0
	7	Picture	Study	Study								249967	0	1	10019	1	0	next	other	0
	9	Picture	Stim;Main;1;2;112211211;112211112;Right;0	Stim	Main	1	2	112211211	112211112	Right	0	290042	0	1	40075	1	0	next	hit	9
	9	Response	2									300075	10033	1
	10	Picture	ITI	ITI								330117	0	1	2004	1	0	next	other	0
	11	Picture	Study	Study								332121	0	1	10019	1	0	next	other	0
	13	Picture	Stim;Main;1;3;122112111;122111112;Left;0	Stim	Main	1	3	122112111	122111112	Left	0	372196	0	1	40075	1	0	next	hit	13
	13	Response	1									383104	10908	1
	14	Picture	ITI	ITI								412271	0	1	2004	1	0	next	other	0
	15	Picture	Study	Study								414274	0	1	10019	1	0	next	other	0
	17	Picture	Stim;Main;1;4;111121112;111221111;Left;0	Stim	Main	1	4	111121112	111221111	Left	0	454349	0	1	40075	1	0	next	hit	17
	17	Response	1									464194	9844	1
	18	Picture	ITI	ITI								494424	0	1	2004	1	0	next	other	0
	19	Picture	Study	Study								496428	0	1	10019	1	0	next	other	0
	21	Picture	Stim;Main;1;5;111112121;112112111;Left;0	Stim	Main	1	5	111112121	112112111	Left	0	536503	0	1	40075	1	0	next	hit	21
	21	Response	1									561254	24751	1
	22	Picture	ITI	ITI								576578	0	1	2004	1	0	next	other	0
	23	Picture	Study	Study								578582	0	1	10019	1	0	next	other	0
	25	Picture	Stim;Main;1;6;112221121;112221211;Right;0	Stim	Main	1	6	112221121	112221211	Right	0	618657	0	1	40075	1	0	next	hit	25
	25	Response	2									632992	14335	1
	27	Picture	ITI	ITI								798827	0	1	2004	1	0	next	other	0
	28	Picture	Study	Study								800831	0	1	10019	1	0	next	other	0
	30	Picture	Stim;Main;1;1;221111121;221121111;Right;0	Stim	Main	1	1	221111121	221121111	Right	0	840905	0	1	40075	1	0	next	hit	29
	30	Response	2									852010	11104	1
	31	Picture	ITI	ITI								880980	0	1	2004	1	0	next	other	0
	32	Picture	Study	Study								882984	0	1	10019	1	0	next	other	0
	34	Picture	Stim;Main;1;2;112221121;121221121;Right;0	Stim	Main	1	2	112221121	121221121	Right	0	923059	0	1	40075	1	0	next	incorrect	33
	34	Response	1									941760	18701	1
	35	Picture	ITI	ITI								963134	0	1	2004	1	0	next	other	0
	36	Picture	Study	Study								965138	0	1	10019	1	0	next	other	0
	38	Picture	Stim;Main;1;3;112112221;111112222;Left;0	Stim	Main	1	3	112112221	111112222	Left	0	1005213	0	1	40075	1	0	next	hit	37
	38	Response	1									1019458	14245	1
	39	Picture	ITI	ITI								1045288	0	1	2004	1	0	next	other	0
	40	Picture	Study	Study								1047291	0	1	10019	1	0	next	other	0
	42	Picture	Stim;Main;1;4;121211112;111211212;Left;0	Stim	Main	1	4	121211112	111211212	Left	0	1087366	0	1	40075	1	0	next	hit	41
	42	Response	1									1096718	9352	1
	43	Picture	ITI	ITI								1127441	0	1	2004	1	0	next	other	0
	44	Picture	Study	Study								1129445	0	1	10019	1	0	next	other	0
	46	Picture	Stim;Main;1;5;111122111;111121112;Left;0	Stim	Main	1	5	111122111	111121112	Left	0	1169520	0	1	40075	1	0	next	hit	45
	46	Response	1									1177307	7788	1
	47	Picture	ITI	ITI								1209595	0	1	2004	1	0	next	other	0
	48	Picture	Study	Study								1211599	0	1	10019	1	0	next	other	0
	50	Picture	Stim;Main;1;6;222112111;222111211;Right;0	Stim	Main	1	6	222112111	222111211	Right	0	1251673	0	1	40075	1	0	next	hit	49
	50	Response	2									1262367	10693	1
	52	Picture	ITI	ITI								1431844	0	1	2004	1	0	next	other	0
	53	Picture	Study	Study								1433848	0	1	10019	1	0	next	other	0
	55	Picture	Stim;Main;1;1;211112111;112112111;Right;0	Stim	Main	1	1	211112111	112112111	Right	0	1473922	0	1	40075	1	0	next	hit	53
	55	Response	2									1487415	13493	1
	56	Picture	ITI	ITI								1513997	0	1	2004	1	0	next	other	0
	57	Picture	Study	Study								1516001	0	1	10019	1	0	next	other	0
	59	Picture	Stim;Main;1;2;121212111;211212111;Right;0	Stim	Main	1	2	121212111	211212111	Right	0	1556076	0	1	40075	1	0	next	hit	57
	59	Response	2									1568254	12178	1
	60	Picture	ITI	ITI								1596151	0	1	2004	1	0	next	other	0
	61	Picture	Study	Study								1598155	0	1	10019	1	0	next	other	0
	63	Picture	Stim;Main;1;3;111111222;111211221;Left;0	Stim	Main	1	3	111111222	111211221	Left	0	1638230	0	1	40075	1	0	next	hit	61
	63	Response	1									1664353	26123	1
	64	Picture	ITI	ITI								1678305	0	1	2004	1	0	next	other	0
	65	Picture	Study	Study								1680308	0	1	10019	1	0	next	other	0
	67	Picture	Stim;Main;1;4;121111121;122111111;Left;0	Stim	Main	1	4	121111121	122111111	Left	0	1720383	0	1	40075	1	0	next	hit	65
	67	Response	1									1731633	11250	1
	68	Picture	ITI	ITI								1760458	0	1	2004	1	0	next	other	0
	69	Picture	Study	Study								1762462	0	1	10019	1	0	next	other	0
	71	Picture	Stim;Main;1;5;111112122;121111122;Left;0	Stim	Main	1	5	111112122	121111122	Left	0	1802537	0	1	40075	1	0	next	hit	69
	71	Response	1									1811391	8855	1
	72	Picture	ITI	ITI								1842612	0	1	2004	1	0	next	other	0
	73	Picture	Study	Study								1844615	0	1	10019	1	0	next	other	0
	75	Picture	Stim;Main;1;6;121122211;121121221;Right;0	Stim	Main	1	6	121122211	121121221	Right	0	1884690	0	1	40075	1	0	next	incorrect	73
	75	Response	1									1920461	35771	1
	77	Picture	ITI	ITI								2064861	0	1	2004	1	0	next	other	0
	78	Picture	Study	Study								2066864	0	1	10019	1	0	next	other	0
	80	Picture	Stim;Main;1;1;112122121;112112122;Right;0	Stim	Main	1	1	112122121	112112122	Right	0	2106938	0	2	40076	2	0	next	hit	77
	80	Response	2									2116550	9612	1
	81	Picture	ITI	ITI								2147014	0	1	2004	1	0	next	other	0
	82	Picture	Study	Study								2149018	0	1	10019	1	0	next	other	0
	84	Picture	Stim;Main;1;2;112111212;112112112;Right;0	Stim	Main	1	2	112111212	112112112	Right	0	2189093	0	1	40075	1	0	next	hit	81
	84	Response	2									2197489	8396	1
	85	Picture	ITI	ITI								2229168	0	1	2004	1	0	next	other	0
	86	Picture	Study	Study								2231171	0	1	10019	1	0	next	other	0
	88	Picture	Stim;Main;1;3;222111111;122111112;Left;0	Stim	Main	1	3	222111111	122111112	Left	0	2271247	0	1	40075	1	0	next	hit	85
	88	Response	1									2281849	10602	1
	89	Picture	ITI	ITI								2311321	0	1	2004	1	0	next	other	0
	90	Picture	Study	Study								2313325	0	1	10019	1	0	next	other	0
	92	Picture	Stim;Main;1;4;121222111;121221121;Left;0	Stim	Main	1	4	121222111	121221121	Left	0	2353400	0	1	40075	1	0	next	hit	89
	92	Response	1									2362928	9527	1
	93	Picture	ITI	ITI								2393475	0	1	2004	1	0	next	other	0
	94	Picture	Study	Study								2395479	0	1	10019	1	0	next	other	0
	96	Picture	Stim;Main;1;5;111211122;111211212;Left;0	Stim	Main	1	5	111211122	111211212	Left	0	2435554	0	1	40075	1	0	next	hit	93
	96	Response	1									2444748	9194	1
	97	Picture	ITI	ITI								2475629	0	1	2004	1	0	next	other	0
	98	Picture	Study	Study								2477632	0	1	10019	1	0	next	other	0
	100	Picture	Stim;Main;1;6;111222111;121122111;Right;0	Stim	Main	1	6	111222111	121122111	Right	0	2517707	0	1	40075	1	0	next	hit	97
	100	Response	2									2531296	13589	1
	102	Picture	ITI	ITI								2697877	0	1	2004	1	0	next	other	0
	103	Picture	Study	Study								2699881	0	1	10019	1	0	next	other	0
	105	Picture	Stim;Main;1;1;121211221;111211222;Right;0	Stim	Main	1	1	121211221	111211222	Right	0	2739956	0	1	40075	1	0	next	hit	101
	105	Response	2									2749084	9128	1
	106	Picture	ITI	ITI								2780031	0	1	2004	1	0	next	other	0
	107	Picture	Study	Study								2782035	0	1	10019	1	0	next	other	0
	109	Picture	Stim;Main;1;2;112122111;111122121;Right;0	Stim	Main	1	2	112122111	111122121	Right	0	2822110	0	1	40075	1	0	next	hit	105
	109	Response	2									2850194	28084	1
	110	Picture	ITI	ITI								2862185	0	1	2004	1	0	next	other	0
	111	Picture	Study	Study								2864188	0	1	10019	1	0	next	other	0
	113	Picture	Stim;Main;1;3;121121122;121111222;Left;0	Stim	Main	1	3	121121122	121111222	Left	0	2904263	0	1	40075	1	0	next	hit	109
	113	Response	1									2916054	11790	1
	114	Picture	ITI	ITI								2944338	0	1	2004	1	0	next	other	0
	115	Picture	Study	Study								2946342	0	1	10019	1	0	next	other	0
	117	Picture	Stim;Main;1;4;111112121;111122111;Left;0	Stim	Main	1	4	111112121	111122111	Left	0	2986417	0	1	40075	1	0	next	hit	113
	117	Response	1									2995842	9425	1
	118	Picture	ITI	ITI								3026492	0	1	2004	1	0	next	other	0
	119	Picture	Study	Study								3028496	0	1	10019	1	0	next	other	0
	121	Picture	Stim;Main;1;5;111112122;111212112;Left;0	Stim	Main	1	5	111112122	111212112	Left	0	3068570	0	1	40075	1	0	next	hit	117
	121	Response	1									3078502	9932	1
	122	Picture	ITI	ITI								3108645	0	1	2004	1	0	next	other	0
	123	Picture	Study	Study								3110649	0	1	10019	1	0	next	other	0
	125	Picture	Stim;Main;1;6;121111211;121111112;Right;0	Stim	Main	1	6	121111211	121111112	Right	0	3150724	0	1	40075	1	0	next	hit	121
	125	Response	2									3170430	19706	1
	126	Pulse	84									3305479	114680	1
	127	Response	2									3646407	315513	1
