Scenario - Match to Sample
Logfile written - 06/23/2022 12:13:24

Subject	Trial	Event Type	Code	event_cond(str)	block_name(str)	block_number(num)	trial_number(num)	study_grid(str)	dist_grid(str)	study_side(str)	delay(num)	Time	TTime	Uncertainty	Duration	Uncertainty	ReqTime	ReqDur	Stim Type	Pair Index

	0	Pulse	84									19473	19473	1
	2	Picture	ITI	ITI								159676	0	1	1998	1	0	next	other	0
	3	Picture	Study	Study								161674	0	1	9990	1	0	next	other	0
	5	Picture	Stim;Main;1;1;211112122;111122122;Left;0	Stim	Main	1	1	211112122	111122122	Left	0	201802	0	1	39961	1	0	next	hit	5
	5	Response	1									210322	8520	1
	6	Picture	ITI	ITI								241763	0	1	1998	1	0	next	other	0
	7	Picture	Study	Study								243761	0	1	9990	1	0	next	other	0
	9	Picture	Stim;Main;1;2;211211211;211212111;Left;0	Stim	Main	1	2	211211211	211212111	Left	0	283888	0	1	39961	1	0	next	hit	9
	9	Response	1									291907	8019	1
	10	Picture	ITI	ITI								323849	0	1	1998	1	0	next	other	0
	11	Picture	Study	Study								325847	0	1	9990	1	0	next	other	0
	13	Picture	Stim;Main;1;3;111222121;111212122;Left;0	Stim	Main	1	3	111222121	111212122	Left	0	365974	0	1	39961	1	0	next	hit	13
	13	Response	1									375651	9676	1
	14	Picture	ITI	ITI								405935	0	1	1998	1	0	next	other	0
	15	Picture	Study	Study								407933	0	1	9990	1	0	next	other	0
	17	Picture	Stim;Main;1;4;112212111;112211112;Right;0	Stim	Main	1	4	112212111	112211112	Right	0	448061	0	1	39961	1	0	next	hit	17
	17	Response	2									457672	9612	1
	18	Picture	ITI	ITI								488022	0	1	1998	1	0	next	other	0
	19	Picture	Study	Study								490020	0	1	6957	1	0	next	other	0
	19	Quit										492276	2257	NA
