Scenario - Match to Sample
Logfile written - 06/23/2022 09:25:22

Subject	Trial	Event Type	Code	event_cond(str)	block_name(str)	block_number(num)	trial_number(num)	study_grid(str)	dist_grid(str)	study_side(str)	delay(num)	Time	TTime	Uncertainty	Duration	Uncertainty	ReqTime	ReqDur	Stim Type	Pair Index

	0	Pulse	84									14799	14799	1
	2	Picture	ITI	ITI								155014	0	1	1998	1	0	next	other	0
	3	Picture	Study	Study								157012	0	1	9990	1	0	next	other	0
	5	Picture	Stim;Main;1;1;1121111112111111111121121;2121111112111111111111121;Left;0	Stim	Main	1	1	1121111112111111111121121	2121111112111111111111121	Left	0	197140	0	1	39961	1	0	next	miss	0
	6	Picture	ITI	ITI								237100	0	1	1998	1	0	next	other	0
	7	Picture	Study	Study								239099	0	1	9990	1	0	next	other	0
	9	Picture	Stim;Main;1;2;2111211112121111111111111;2111211111121111111112111;Right;0	Stim	Main	1	2	2111211112121111111111111	2111211111121111111112111	Right	0	279226	0	1	39961	1	0	next	miss	0
	11	Picture	ITI	ITI								459216	0	1	1998	1	0	next	other	0
	12	Picture	Study	Study								461214	0	1	9990	1	0	next	other	0
	14	Picture	Stim;Main;1;1;1111111121111111111112111;1111111111111111121112111;Left;0	Stim	Main	1	1	1111111121111111111112111	1111111111111111121112111	Left	0	501342	0	1	39961	1	0	next	miss	0
	15	Picture	ITI	ITI								541303	0	1	1998	1	0	next	other	0
	16	Picture	Study	Study								543301	0	1	9990	1	0	next	other	0
	18	Picture	Stim;Main;1;2;1111111211112112111111112;1111111211112211111111112;Right;0	Stim	Main	1	2	1111111211112112111111112	1111111211112211111111112	Right	0	583428	0	1	39961	1	0	next	incorrect	14
	18	Response	1									610714	27285	1
	19	Response	2									627890	4501	1
	19	Response	2									643383	19994	1
	19	Response	1									652201	28812	1
	19	Response	1									698981	75592	1
	19	Response	2									704348	80959	1
	19	Response	1									708994	85605	1
	19	Response	2									712256	88867	1
	19	Response	1									716217	92828	1
	19	Response	2									720379	96990	1
	19	Response	1									723433	100044	1
	19	Response	2									726421	103032	1
	19	Response	1									729820	106431	1
	19	Response	2									732810	109421	1
	19	Response	1									735929	112540	1
	19	Response	2									738708	115318	1
	19	Response	1									739959	116570	1
	19	Response	1									751205	127816	1
	19	Response	2									754670	131280	1
	19	Response	1									756408	133019	1
	20	Picture	ITI	ITI								763419	0	1	1998	1	0	next	other	0
	20	Response	2									763905	486	1
	21	Picture	Study	Study								765417	0	1	9990	1	0	next	other	0
	21	Response	1									767720	2303	1
	22	Response	1									775565	158	1
	22	Response	2									779727	4320	1
	22	Response	2									786183	10776	1
	22	Response	1									790002	14595	3
	22	Response	1									796883	21476	1
	22	Response	2									800560	25153	1
	23	Picture	Stim;Main;1;1;1111121112211112111111111;1112121111211112111111111;Left;0	Stim	Main	1	1	1111121112211112111111111	1112121111211112111111111	Left	0	805544	0	1	39961	1	0	next	incorrect	45
	23	Response	2									807721	2177	1
	23	Response	1									811955	6411	1
	23	Response	1									818065	12520	1
	23	Response	2									822026	16482	1
	23	Response	2									828558	23013	1
	23	Response	1									832585	27041	1
	23	Response	1									839388	33844	1
	23	Response	2									843629	38085	1
	24	Picture	ITI	ITI								845505	0	1	1998	1	0	next	other	0
	25	Picture	Study	Study								847503	0	1	9990	1	0	next	other	0
	26	Response	2									860435	2942	1
	26	Response	2									864948	7455	1
	27	Picture	Stim;Main;1;2;1211111112111111111111122;1211111111111111112111122;Right;0	Stim	Main	1	2	1211111112111111111111122	1211111111111111112111122	Right	0	887630	0	1	39961	1	0	next	incorrect	58
	27	Response	1									907784	20154	1
	29	Picture	ITI	ITI								1067621	0	1	1998	1	0	next	other	0
	30	Picture	Study	Study								1069619	0	1	9990	1	0	next	other	0
	32	Picture	Stim;Main;1;1;1121111111111111211111111;1121111111111111111111121;Left;0	Stim	Main	1	1	1121111111111111211111111	1121111111111111111111121	Left	0	1109746	0	1	39961	1	0	next	miss	0
	33	Picture	ITI	ITI								1149707	0	1	1998	1	0	next	other	0
	34	Picture	Study	Study								1151705	0	1	9990	1	0	next	other	0
	36	Picture	Stim;Main;1;2;1112111111111111211111111;1111111111111112211111111;Right;0	Stim	Main	1	2	1112111111111111211111111	1111111111111112211111111	Right	0	1191833	0	1	39961	1	0	next	miss	0
	38	Picture	ITI	ITI								1371823	0	1	1998	1	0	next	other	0
	39	Picture	Study	Study								1373821	0	1	9990	1	0	next	other	0
	41	Picture	Stim;Main;1;1;1111111112221211111111111;1111111111221211112111111;Left;0	Stim	Main	1	1	1111111112221211111111111	1111111111221211112111111	Left	0	1413949	0	1	39961	1	0	next	miss	0
	42	Picture	ITI	ITI								1453909	0	1	1998	1	0	next	other	0
	43	Picture	Study	Study								1455907	0	1	9990	1	0	next	other	0
	45	Picture	Stim;Main;1;2;1111211111211211111111211;1111111111211211112111211;Right;0	Stim	Main	1	2	1111211111211211111111211	1111111111211211112111211	Right	0	1496035	0	1	39961	1	0	next	miss	0
	47	Quit										1915968	239776	NA
