Scenario - Match to Sample
Logfile written - 06/28/2022 10:21:05

Subject	Trial	Event Type	Code	event_cond(str)	block_name(str)	block_number(num)	trial_number(num)	study_grid(str)	dist_grid(str)	study_side(str)	delay(num)	Time	TTime	Uncertainty	Duration	Uncertainty	ReqTime	ReqDur	Stim Type	Pair Index

	0	Pulse	84									16571	16571	1
	1	Response	1									27628	10978	1
	1	Response	2									30700	14051	1
	1	Response	1									32781	16132	1
	1	Response	2									34727	18077	1
	1	Response	1									36672	20022	1
	1	Response	2									37232	20583	1
	1	Response	2									38968	22318	1
	1	Response	1									39595	22945	1
	2	Picture	ITI	ITI								156679	0	1	2997	1	0	next	other	0
	3	Picture	Study	Study								159676	0	1	9990	1	0	next	other	0
	5	Picture	Stim;Main;1;1;111212112;121211112;Right;0	Stim	Main	1	1	111212112	121211112	Right	0	199804	0	1	39961	1	0	next	miss	0
	6	Picture	ITI	ITI								239765	0	1	2997	1	0	next	other	0
	7	Picture	Study	Study								242762	0	1	9990	1	0	next	other	0
	9	Picture	Stim;Main;1;2;111111221;111112121;Left;0	Stim	Main	1	2	111111221	111112121	Left	0	282889	0	1	39961	1	0	next	miss	0
	10	Picture	ITI	ITI								322850	0	1	2997	1	0	next	other	0
	11	Picture	Study	Study								325847	0	1	9990	1	0	next	other	0
	13	Picture	Stim;Main;1;3;121111121;121211111;Left;0	Stim	Main	1	3	121111121	121211111	Left	0	365974	0	1	39961	1	0	next	miss	0
	14	Picture	ITI	ITI								405935	0	1	2997	1	0	next	other	0
	15	Picture	Study	Study								408932	0	1	9990	1	0	next	other	0
	17	Picture	Stim;Main;1;4;221111112;221211111;Right;0	Stim	Main	1	4	221111112	221211111	Right	0	449060	0	1	39961	1	0	next	miss	0
	18	Picture	ITI	ITI								489021	0	1	2997	1	0	next	other	0
	19	Picture	Study	Study								492018	0	1	9990	1	0	next	other	0
	21	Picture	Stim;Main;1;5;122112121;112112221;Right;0	Stim	Main	1	5	122112121	112112221	Right	0	532145	0	1	39961	1	0	next	miss	0
	22	Picture	ITI	ITI								572106	0	1	2997	1	0	next	other	0
	23	Picture	Study	Study								575103	0	1	9990	1	0	next	other	0
	25	Picture	Stim;Main;1;6;112121111;111121121;Left;0	Stim	Main	1	6	112121111	111121121	Left	0	615230	0	1	39961	1	0	next	miss	0
	27	Picture	ITI	ITI								795221	0	1	2997	1	0	next	other	0
	28	Picture	Study	Study								798218	0	1	9990	1	0	next	other	0
	30	Picture	Stim;Main;1;1;122112111;121212111;Right;0	Stim	Main	1	1	122112111	121212111	Right	0	838345	0	1	39961	1	0	next	miss	0
	31	Picture	ITI	ITI								878306	0	1	2997	1	0	next	other	0
	32	Picture	Study	Study								881303	0	1	9990	1	0	next	other	0
	34	Picture	Stim;Main;1;2;121211121;211211121;Left;0	Stim	Main	1	2	121211121	211211121	Left	0	921431	0	1	6297	1	0	next	miss	0
	34	Quit										923005	1574	NA
