Scenario - Match to Sample
Logfile written - 06/23/2022 09:04:37

Subject	Trial	Event Type	Code	event_cond(str)	block_name(str)	block_number(num)	trial_number(num)	study_grid(str)	dist_grid(str)	study_side(str)	delay(num)	Time	TTime	Uncertainty	Duration	Uncertainty	ReqTime	ReqDur	Stim Type	Pair Index

	1	Picture	ITI	ITI								333	0	1	1998	1	0	next	other	0
	2	Picture	Study	Study								2331	0	1	9990	1	0	next	other	0
	4	Picture	Stim;Practice;0;1;1111112111111111112111212;2111112111111111112111112;Right;0	Stim	Practice	0	1	1111112111111111112111212	2111112111111111112111112	Right	0	42458	0	1	39961	1	0	next	hit	4
	4	Response	2									60453	17995	1
	4	Response	2									63366	20908	1
	4	Response	2									65797	23339	1
	4	Response	2									68142	25684	1
	4	Response	2									70855	28397	1
	4	Response	2									73541	31083	1
	5	Picture	ITI	ITI								82419	0	1	1998	1	0	next	other	0
	6	Picture	Study	Study								84417	0	1	9990	1	0	next	other	0
	8	Picture	Stim;Practice;0;2;1211111111111212121111111;1211111111111212112111111;Right;0	Stim	Practice	0	2	1211111111111212121111111	1211111111111212112111111	Right	0	124544	0	1	39961	1	0	next	miss	0
	9	Picture	ITI	ITI								164505	0	1	1998	1	0	next	other	0
	10	Picture	Study	Study								166503	0	1	9990	1	0	next	other	0
	12	Picture	Stim;Practice;0;3;1111111121121111111111111;1111111111121111111111121;Left;0	Stim	Practice	0	3	1111111121121111111111111	1111111111121111111111121	Left	0	206631	0	1	39961	1	0	next	miss	0
	13	Picture	ITI	ITI								246592	0	1	1998	1	0	next	other	0
	14	Picture	Study	Study								248590	0	1	9990	1	0	next	other	0
	16	Picture	Stim;Practice;0;4;1121111111111111112111111;1121112111111111111111111;Left;0	Stim	Practice	0	4	1121111111111111112111111	1121112111111111111111111	Left	0	288717	0	1	39961	1	0	next	miss	0
	17	Picture	ITI	ITI								328678	0	1	1998	1	0	next	other	0
	18	Picture	Study	Study								330676	0	1	9990	1	0	next	other	0
	20	Picture	Stim;Practice;0;5;1211211111111111111211121;1211211111111111121211111;Right;0	Stim	Practice	0	5	1211211111111111111211121	1211211111111111121211111	Right	0	370803	0	1	39961	1	0	next	miss	0
	21	Picture	ITI	ITI								410764	0	1	1998	1	0	next	other	0
	22	Picture	Study	Study								412762	0	1	9990	1	0	next	other	0
	24	Picture	Stim;Practice;0;6;1111111111111112111111211;1111111111111111111121211;Left;0	Stim	Practice	0	6	1111111111111112111111211	1111111111111111111121211	Left	0	452890	0	1	39961	1	0	next	miss	0
	25	Picture	ITI	ITI								492850	0	1	1998	1	0	next	other	0
	26	Picture	Study	Study								494849	0	1	9990	1	0	next	other	0
	28	Picture	Stim;Practice;0;1;1111112111111111211121112;1111112111111111211111122;Right;0	Stim	Practice	0	1	1111112111111111211121112	1111112111111111211111122	Right	0	534976	0	1	39961	1	0	next	miss	0
	29	Picture	ITI	ITI								574937	0	1	1998	1	0	next	other	0
	30	Picture	Study	Study								576935	0	1	9990	1	0	next	other	0
	32	Picture	Stim;Practice;0;2;1111111111111121121111121;1111111111111211121111121;Right;0	Stim	Practice	0	2	1111111111111121121111121	1111111111111211121111121	Right	0	617062	0	1	39961	1	0	next	miss	0
	33	Picture	ITI	ITI								657023	0	1	1998	1	0	next	other	0
	34	Picture	Study	Study								659021	0	1	9990	1	0	next	other	0
	36	Picture	Stim;Practice;0;3;1111111111111111211111222;2111111111111111111111222;Left;0	Stim	Practice	0	3	1111111111111111211111222	2111111111111111111111222	Left	0	699149	0	1	39961	1	0	next	miss	0
	37	Picture	ITI	ITI								739109	0	1	1998	1	0	next	other	0
	38	Picture	Study	Study								741107	0	1	9990	1	0	next	other	0
	40	Picture	Stim;Practice;0;4;1112111111111211111111111;2111111111111211111111111;Left;0	Stim	Practice	0	4	1112111111111211111111111	2111111111111211111111111	Left	0	781235	0	1	39961	1	0	next	miss	0
	41	Picture	ITI	ITI								821196	0	1	1998	1	0	next	other	0
	42	Picture	Study	Study								823194	0	1	9990	1	0	next	other	0
	44	Picture	Stim;Practice;0;5;1211111111211111111111122;1211111111111112111111122;Right;0	Stim	Practice	0	5	1211111111211111111111122	1211111111111112111111122	Right	0	863321	0	1	39961	1	0	next	miss	0
	45	Picture	ITI	ITI								903282	0	1	1998	1	0	next	other	0
	46	Picture	Study	Study								905280	0	1	9990	1	0	next	other	0
	48	Picture	Stim;Practice;0;6;1111111111111112121211111;1111111111111112112211111;Left;0	Stim	Practice	0	6	1111111111111112121211111	1111111111111112112211111	Left	0	945408	0	1	14621	1	0	next	miss	0
	48	Quit										955300	9893	NA
