Scenario - Match to Sample
Logfile written - 06/28/2022 10:35:37

Subject	Trial	Event Type	Code	event_cond(str)	block_name(str)	block_number(num)	trial_number(num)	study_grid(str)	dist_grid(str)	study_side(str)	delay(num)	Time	TTime	Uncertainty	Duration	Uncertainty	ReqTime	ReqDur	Stim Type	Pair Index

	1	Picture	ITI	ITI								333	0	1	2997	1	0	next	other	0
	2	Picture	Study	Study								3329	0	1	9990	1	0	next	other	0
	4	Picture	Stim;Practice;0;1;1111122111111111112111111;1111122211111111111111111;Right;0	Stim	Practice	0	1	1111122111111111112111111	1111122211111111111111111	Right	0	43457	0	1	39961	1	0	next	hit	4
	4	Response	2									57410	13953	1
	5	Picture	ITI	ITI								83418	0	1	2997	1	0	next	other	0
	6	Picture	Study	Study								86415	0	1	9990	1	0	next	other	0
	8	Picture	Stim;Practice;0;2;1111111111121111211211211;1111111111121111221211111;Right;0	Stim	Practice	0	2	1111111111121111211211211	1111111111121111221211111	Right	0	126542	0	1	39961	1	0	next	hit	8
	8	Response	2									138207	11665	1
	9	Picture	ITI	ITI								166503	0	1	2997	1	0	next	other	0
	10	Picture	Study	Study								169500	0	1	9990	1	0	next	other	0
	12	Picture	Stim;Practice;0;3;1111211112111111111111111;1111111112112111111111111;Right;0	Stim	Practice	0	3	1111211112111111111111111	1111111112112111111111111	Right	0	209628	0	1	39961	1	0	next	hit	12
	12	Response	2									215890	6262	1
	13	Picture	ITI	ITI								249589	0	1	2997	1	0	next	other	0
	14	Picture	Study	Study								252586	0	1	9990	1	0	next	other	0
	16	Picture	Stim;Practice;0;4;1111111211111211111111112;1111112211111111111111112;Left;0	Stim	Practice	0	4	1111111211111211111111112	1111112211111111111111112	Left	0	292713	0	1	39961	1	0	next	hit	16
	16	Response	1									303518	10805	1
	17	Picture	ITI	ITI								332674	0	1	2997	1	0	next	other	0
	18	Picture	Study	Study								335671	0	1	9990	1	0	next	other	0
	20	Picture	Stim;Practice;0;5;1211111111211112111111111;1111121111211112111111111;Right;0	Stim	Practice	0	5	1211111111211112111111111	1111121111211112111111111	Right	0	375798	0	1	39961	1	0	next	hit	20
	20	Response	2									384527	8729	1
	21	Picture	ITI	ITI								415759	0	1	2997	1	0	next	other	0
	22	Picture	Study	Study								418756	0	1	9990	1	0	next	other	0
	24	Picture	Stim;Practice;0;6;1111111211111121111111111;1111111111121121111111111;Right;0	Stim	Practice	0	6	1111111211111121111111111	1111111111121121111111111	Right	0	458884	0	1	39961	1	0	next	hit	24
	24	Response	2									464655	5771	1
	25	Quit										509678	10833	NA
