Scenario - Match to Sample
Logfile written - 06/23/2022 09:14:58

Subject	Trial	Event Type	Code	event_cond(str)	block_name(str)	block_number(num)	trial_number(num)	study_grid(str)	dist_grid(str)	study_side(str)	delay(num)	Time	TTime	Uncertainty	Duration	Uncertainty	ReqTime	ReqDur	Stim Type	Pair Index

	1	Picture	ITI	ITI								333	0	1	1998	1	0	next	other	0
	2	Picture	Study	Study								2331	0	1	9990	1	0	next	other	0
	4	Picture	Stim;Practice;0;1;1111121211111111111211111;1111111211111111112211111;Left;0	Stim	Practice	0	1	1111121211111111111211111	1111111211111111112211111	Left	0	42458	0	1	39961	1	0	next	hit	4
	4	Response	1									53838	11380	1
	5	Picture	ITI	ITI								82419	0	1	1998	1	0	next	other	0
	6	Picture	Study	Study								84417	0	1	9990	1	0	next	other	0
	8	Picture	Stim;Practice;0;2;1111111112111121211111111;1111111112111111221111111;Left;0	Stim	Practice	0	2	1111111112111121211111111	1111111112111111221111111	Left	0	124544	0	1	39961	1	0	next	hit	8
	8	Response	1									136490	11946	1
	9	Picture	ITI	ITI								164505	0	1	1998	1	0	next	other	0
	10	Picture	Study	Study								166503	0	1	9990	1	0	next	other	0
	12	Picture	Stim;Practice;0;3;1111112112112111111111211;1111122112112111111111111;Right;0	Stim	Practice	0	3	1111112112112111111111211	1111122112112111111111111	Right	0	206631	0	1	39961	1	0	next	hit	12
	12	Response	2									217039	10408	1
	13	Picture	ITI	ITI								246592	0	1	1998	1	0	next	other	0
	14	Picture	Study	Study								248590	0	1	9990	1	0	next	other	0
	16	Picture	Stim;Practice;0;4;1121111112111121111111121;1121111112111121111121111;Right;0	Stim	Practice	0	4	1121111112111121111111121	1121111112111121111121111	Right	0	288717	0	1	39961	1	0	next	hit	16
	16	Response	2									303573	14856	1
	17	Picture	ITI	ITI								328678	0	1	1998	1	0	next	other	0
	18	Picture	Study	Study								330676	0	1	9990	1	0	next	other	0
	20	Picture	Stim;Practice;0;5;1111121112111111111111112;2111111112111111111111112;Left;0	Stim	Practice	0	5	1111121112111111111111112	2111111112111111111111112	Left	0	370803	0	1	39961	1	0	next	hit	20
	20	Response	1									381354	10551	1
	21	Quit										427112	16348	NA
