Scenario - Match to Sample
Logfile written - 04/25/2019 12:01:50

Subject	Trial	Event Type	Code	event_cond(str)	block_name(str)	block_number(num)	trial_number(num)	study_grid(str)	dist_grid(str)	study_side(str)	delay(num)	Time	TTime	Uncertainty	Duration	Uncertainty	ReqTime	ReqDur	Stim Type	Pair Index

18-008-TD004_S002-0004-med	0	Pulse	84									374325	374325	1
18-008-TD004_S002-0004-med	3	Picture	ITI	ITI								544493	0	1	2004	1	0	next	other	0
18-008-TD004_S002-0004-med	4	Picture	Study	Study								546497	0	1	10018	1	0	next	other	0
18-008-TD004_S002-0004-med	6	Picture	Stim;Main;1;1;1112111211211111;1112111211111112;Right;0	Stim	Main	1	1	1112111211211111	1112111211111112	Right	0	583565	0	1	40073	1	0	next	hit	5
18-008-TD004_S002-0004-med	6	Response	2									593702	10137	1
18-008-TD004_S002-0004-med	7	Picture	ITI	ITI								623638	0	1	2004	1	0	next	other	0
18-008-TD004_S002-0004-med	8	Picture	Study	Study								625641	0	1	10018	1	0	next	other	0
18-008-TD004_S002-0004-med	10	Picture	Stim;Main;1;2;1112111121221111;2112111111221111;Right;0	Stim	Main	1	2	1112111121221111	2112111111221111	Right	0	662709	0	1	40073	1	0	next	hit	9
18-008-TD004_S002-0004-med	10	Response	2									673970	11261	1
18-008-TD004_S002-0004-med	11	Picture	ITI	ITI								702782	0	1	2004	1	0	next	other	0
18-008-TD004_S002-0004-med	12	Picture	Study	Study								704786	0	1	10018	1	0	next	other	0
18-008-TD004_S002-0004-med	14	Picture	Stim;Main;1;3;2111111111111121;1111111111111221;Left;0	Stim	Main	1	3	2111111111111121	1111111111111221	Left	0	741854	0	1	40073	1	0	next	hit	13
18-008-TD004_S002-0004-med	14	Response	1									752798	10945	1
18-008-TD004_S002-0004-med	15	Picture	ITI	ITI								781927	0	1	2004	1	0	next	other	0
18-008-TD004_S002-0004-med	16	Picture	Study	Study								783930	0	1	10018	1	0	next	other	0
18-008-TD004_S002-0004-med	18	Picture	Stim;Main;1;4;1121111211111111;1221111111111111;Left;0	Stim	Main	1	4	1121111211111111	1221111111111111	Left	0	820998	0	1	40073	1	0	next	hit	17
18-008-TD004_S002-0004-med	18	Response	1									830987	9989	1
18-008-TD004_S002-0004-med	19	Picture	ITI	ITI								861071	0	1	2004	1	0	next	other	0
18-008-TD004_S002-0004-med	20	Picture	Study	Study								863075	0	1	10018	1	0	next	other	0
18-008-TD004_S002-0004-med	22	Picture	Stim;Main;1;5;2111111111111221;2111111211111121;Right;0	Stim	Main	1	5	2111111111111221	2111111211111121	Right	0	900142	0	1	40073	1	0	next	hit	21
18-008-TD004_S002-0004-med	22	Response	2									909017	8874	1
18-008-TD004_S002-0004-med	23	Picture	ITI	ITI								940216	0	1	2004	1	0	next	other	0
18-008-TD004_S002-0004-med	24	Picture	Study	Study								942219	0	1	10018	1	0	next	other	0
18-008-TD004_S002-0004-med	26	Picture	Stim;Main;1;6;2211111111121111;2211111111111211;Left;0	Stim	Main	1	6	2211111111121111	2211111111111211	Left	0	979287	0	1	40073	1	0	next	hit	25
18-008-TD004_S002-0004-med	26	Response	1									989444	10157	1
18-008-TD004_S002-0004-med	28	Picture	ITI	ITI								1159449	0	1	2004	1	0	next	other	0
18-008-TD004_S002-0004-med	29	Picture	Study	Study								1161453	0	1	10018	1	0	next	other	0
18-008-TD004_S002-0004-med	31	Picture	Stim;Main;1;1;2111111211111111;1111111211111211;Right;0	Stim	Main	1	1	2111111211111111	1111111211111211	Right	0	1198520	0	1	40073	1	0	next	hit	29
18-008-TD004_S002-0004-med	31	Response	2									1207382	8862	1
18-008-TD004_S002-0004-med	32	Picture	ITI	ITI								1238593	0	1	2004	1	0	next	other	0
18-008-TD004_S002-0004-med	33	Picture	Study	Study								1240597	0	1	10018	1	0	next	other	0
18-008-TD004_S002-0004-med	35	Picture	Stim;Main;1;2;2111111111122111;2112111111121111;Right;0	Stim	Main	1	2	2111111111122111	2112111111121111	Right	0	1277665	0	1	40073	1	0	next	hit	33
18-008-TD004_S002-0004-med	35	Response	2									1288129	10464	1
18-008-TD004_S002-0004-med	36	Picture	ITI	ITI								1317738	0	1	2004	1	0	next	other	0
18-008-TD004_S002-0004-med	37	Picture	Study	Study								1319742	0	1	10018	1	0	next	other	0
18-008-TD004_S002-0004-med	39	Picture	Stim;Main;1;3;1111112111211121;1111112211211111;Left;0	Stim	Main	1	3	1111112111211121	1111112211211111	Left	0	1356809	0	1	40073	1	0	next	hit	37
18-008-TD004_S002-0004-med	39	Response	1									1364720	7911	1
18-008-TD004_S002-0004-med	40	Picture	ITI	ITI								1396882	0	1	2004	1	0	next	other	0
18-008-TD004_S002-0004-med	41	Picture	Study	Study								1398886	0	1	10018	1	0	next	other	0
18-008-TD004_S002-0004-med	43	Picture	Stim;Main;1;4;2111111111211121;2111111111111122;Left;0	Stim	Main	1	4	2111111111211121	2111111111111122	Left	0	1435954	0	1	40073	1	0	next	hit	41
18-008-TD004_S002-0004-med	43	Response	1									1445467	9513	1
18-008-TD004_S002-0004-med	44	Picture	ITI	ITI								1476027	0	1	2004	1	0	next	other	0
18-008-TD004_S002-0004-med	45	Picture	Study	Study								1478030	0	1	10018	1	0	next	other	0
18-008-TD004_S002-0004-med	47	Picture	Stim;Main;1;5;1111112111112111;1111112111111112;Right;0	Stim	Main	1	5	1111112111112111	1111112111111112	Right	0	1515098	0	1	40073	1	0	next	hit	45
18-008-TD004_S002-0004-med	47	Response	2									1526378	11280	1
18-008-TD004_S002-0004-med	48	Picture	ITI	ITI								1555171	0	1	2004	1	0	next	other	0
18-008-TD004_S002-0004-med	49	Picture	Study	Study								1557175	0	1	10018	1	0	next	other	0
18-008-TD004_S002-0004-med	51	Picture	Stim;Main;1;6;2111221111111211;1112221111111211;Left;0	Stim	Main	1	6	2111221111111211	1112221111111211	Left	0	1594242	0	1	40073	1	0	next	hit	49
18-008-TD004_S002-0004-med	51	Response	1									1602968	8725	1
18-008-TD004_S002-0004-med	53	Picture	ITI	ITI								1774405	0	1	2004	1	0	next	other	0
18-008-TD004_S002-0004-med	54	Picture	Study	Study								1776408	0	1	10018	1	0	next	other	0
18-008-TD004_S002-0004-med	56	Picture	Stim;Main;1;1;1111121111111211;1211111111111211;Right;0	Stim	Main	1	1	1111121111111211	1211111111111211	Right	0	1813476	0	1	40073	1	0	next	hit	53
18-008-TD004_S002-0004-med	56	Response	2									1823783	10307	1
18-008-TD004_S002-0004-med	57	Picture	ITI	ITI								1853549	0	1	2004	1	0	next	other	0
18-008-TD004_S002-0004-med	58	Picture	Study	Study								1855553	0	1	10018	1	0	next	other	0
18-008-TD004_S002-0004-med	60	Picture	Stim;Main;1;2;1111211221111111;1111111221111121;Right;0	Stim	Main	1	2	1111211221111111	1111111221111121	Right	0	1892620	0	1	40073	1	0	next	hit	57
18-008-TD004_S002-0004-med	60	Response	2									1903091	10471	1
18-008-TD004_S002-0004-med	61	Picture	ITI	ITI								1932693	0	1	2004	1	0	next	other	0
18-008-TD004_S002-0004-med	62	Picture	Study	Study								1934697	0	1	10018	1	0	next	other	0
18-008-TD004_S002-0004-med	64	Picture	Stim;Main;1;3;1111111111121121;1111111111111221;Left;0	Stim	Main	1	3	1111111111121121	1111111111111221	Left	0	1971765	0	1	40073	1	0	next	hit	61
18-008-TD004_S002-0004-med	64	Response	1									1980002	8238	1
18-008-TD004_S002-0004-med	65	Picture	ITI	ITI								2011838	0	1	2004	1	0	next	other	0
18-008-TD004_S002-0004-med	66	Picture	Study	Study								2013841	0	1	10018	1	0	next	other	0
18-008-TD004_S002-0004-med	68	Picture	Stim;Main;1;4;1112111121111111;1122111111111111;Left;0	Stim	Main	1	4	1112111121111111	1122111111111111	Left	0	2050909	0	1	40073	1	0	next	hit	65
18-008-TD004_S002-0004-med	68	Response	1									2060429	9520	1
18-008-TD004_S002-0004-med	69	Picture	ITI	ITI								2090982	0	1	2004	1	0	next	other	0
18-008-TD004_S002-0004-med	70	Picture	Study	Study								2092986	0	1	10018	1	0	next	other	0
18-008-TD004_S002-0004-med	72	Picture	Stim;Main;1;5;1112111111111121;1111111112111121;Right;0	Stim	Main	1	5	1112111111111121	1111111112111121	Right	0	2130054	0	1	40073	1	0	next	hit	69
18-008-TD004_S002-0004-med	72	Response	2									2139578	9525	1
18-008-TD004_S002-0004-med	73	Picture	ITI	ITI								2170127	0	1	2004	1	0	next	other	0
18-008-TD004_S002-0004-med	74	Picture	Study	Study								2172130	0	1	10018	1	0	next	other	0
18-008-TD004_S002-0004-med	76	Picture	Stim;Main;1;6;1211111211121121;1211111111221121;Left;0	Stim	Main	1	6	1211111211121121	1211111111221121	Left	0	2209198	0	1	40073	1	0	next	hit	73
18-008-TD004_S002-0004-med	76	Response	1									2220004	10806	1
18-008-TD004_S002-0004-med	78	Picture	ITI	ITI								2389360	0	1	2004	1	0	next	other	0
18-008-TD004_S002-0004-med	79	Picture	Study	Study								2391364	0	1	10018	1	0	next	other	0
18-008-TD004_S002-0004-med	81	Picture	Stim;Main;1;1;1111111111112212;1111111121112112;Right;0	Stim	Main	1	1	1111111111112212	1111111121112112	Right	0	2428431	0	1	40073	1	0	next	hit	77
18-008-TD004_S002-0004-med	81	Response	2									2438262	9831	1
18-008-TD004_S002-0004-med	82	Picture	ITI	ITI								2468504	0	1	2004	1	0	next	other	0
18-008-TD004_S002-0004-med	83	Picture	Study	Study								2470508	0	1	10018	1	0	next	other	0
18-008-TD004_S002-0004-med	85	Picture	Stim;Main;1;2;1111111111111212;1111111111111221;Right;0	Stim	Main	1	2	1111111111111212	1111111111111221	Right	0	2507576	0	1	40073	1	0	next	hit	81
18-008-TD004_S002-0004-med	85	Response	2									2517729	10154	1
18-008-TD004_S002-0004-med	86	Picture	ITI	ITI								2547649	0	1	2004	1	0	next	other	0
18-008-TD004_S002-0004-med	87	Picture	Study	Study								2549653	0	1	10018	1	0	next	other	0
18-008-TD004_S002-0004-med	89	Picture	Stim;Main;1;3;2111111121211111;2211111111211111;Left;0	Stim	Main	1	3	2111111121211111	2211111111211111	Left	0	2586720	0	1	40073	1	0	next	hit	85
18-008-TD004_S002-0004-med	89	Response	1									2595598	8877	1
18-008-TD004_S002-0004-med	90	Picture	ITI	ITI								2626793	0	1	2004	1	0	next	other	0
18-008-TD004_S002-0004-med	91	Picture	Study	Study								2628797	0	1	10018	1	0	next	other	0
18-008-TD004_S002-0004-med	93	Picture	Stim;Main;1;4;2111121111111211;1111121111112211;Left;0	Stim	Main	1	4	2111121111111211	1111121111112211	Left	0	2665865	0	1	40073	1	0	next	hit	89
18-008-TD004_S002-0004-med	93	Response	1									2674905	9040	1
18-008-TD004_S002-0004-med	94	Picture	ITI	ITI								2705938	0	1	2004	1	0	next	other	0
18-008-TD004_S002-0004-med	95	Picture	Study	Study								2707941	0	1	10018	1	0	next	other	0
18-008-TD004_S002-0004-med	97	Picture	Stim;Main;1;5;1111211212111211;1121111212111211;Right;0	Stim	Main	1	5	1111211212111211	1121111212111211	Right	0	2745009	0	1	40073	1	0	next	hit	93
18-008-TD004_S002-0004-med	97	Response	2									2757729	12720	1
18-008-TD004_S002-0004-med	98	Picture	ITI	ITI								2785082	0	1	2004	1	0	next	other	0
18-008-TD004_S002-0004-med	99	Picture	Study	Study								2787086	0	1	10018	1	0	next	other	0
18-008-TD004_S002-0004-med	101	Picture	Stim;Main;1;6;1112111121111111;2111111121111111;Left;0	Stim	Main	1	6	1112111121111111	2111111121111111	Left	0	2824154	0	1	40073	1	0	next	hit	97
18-008-TD004_S002-0004-med	101	Response	1									2832242	8088	1
18-008-TD004_S002-0004-med	103	Picture	ITI	ITI								3004316	0	1	2004	1	0	next	other	0
18-008-TD004_S002-0004-med	104	Picture	Study	Study								3006319	0	1	10018	1	0	next	other	0
18-008-TD004_S002-0004-med	106	Picture	Stim;Main;1;1;2111211212111111;1111211212111211;Right;0	Stim	Main	1	1	2111211212111111	1111211212111211	Right	0	3043387	0	1	40073	1	0	next	hit	101
18-008-TD004_S002-0004-med	106	Response	2									3054495	11108	1
18-008-TD004_S002-0004-med	107	Picture	ITI	ITI								3083460	0	1	2004	1	0	next	other	0
18-008-TD004_S002-0004-med	108	Picture	Study	Study								3085464	0	1	10018	1	0	next	other	0
18-008-TD004_S002-0004-med	110	Picture	Stim;Main;1;2;1111111211112212;1111211211112112;Right;0	Stim	Main	1	2	1111111211112212	1111211211112112	Right	0	3122531	0	1	40073	1	0	next	hit	105
18-008-TD004_S002-0004-med	110	Response	2									3133802	11271	1
18-008-TD004_S002-0004-med	111	Picture	ITI	ITI								3162604	0	1	2004	1	0	next	other	0
18-008-TD004_S002-0004-med	112	Picture	Study	Study								3164608	0	1	10018	1	0	next	other	0
18-008-TD004_S002-0004-med	114	Picture	Stim;Main;1;3;1112111221111111;1112111121211111;Left;0	Stim	Main	1	3	1112111221111111	1112111121211111	Left	0	3201676	0	1	40073	1	0	next	hit	109
18-008-TD004_S002-0004-med	114	Response	1									3210390	8715	1
18-008-TD004_S002-0004-med	115	Picture	ITI	ITI								3241749	0	1	2004	1	0	next	other	0
18-008-TD004_S002-0004-med	116	Picture	Study	Study								3243753	0	1	10018	1	0	next	other	0
18-008-TD004_S002-0004-med	118	Picture	Stim;Main;1;4;1111111112211212;1111111112221112;Left;0	Stim	Main	1	4	1111111112211212	1111111112221112	Left	0	3280820	0	1	40073	1	0	next	hit	113
18-008-TD004_S002-0004-med	118	Response	1									3292775	11954	1
18-008-TD004_S002-0004-med	119	Picture	ITI	ITI								3320893	0	1	2004	1	0	next	other	0
18-008-TD004_S002-0004-med	120	Picture	Study	Study								3322897	0	1	10018	1	0	next	other	0
18-008-TD004_S002-0004-med	122	Picture	Stim;Main;1;5;1111212111121111;1111112111121112;Right;0	Stim	Main	1	5	1111212111121111	1111112111121112	Right	0	3359965	0	1	40073	1	0	next	hit	117
18-008-TD004_S002-0004-med	122	Response	2									3369845	9880	1
18-008-TD004_S002-0004-med	123	Picture	ITI	ITI								3400038	0	1	2004	1	0	next	other	0
18-008-TD004_S002-0004-med	124	Picture	Study	Study								3402041	0	1	10018	1	0	next	other	0
18-008-TD004_S002-0004-med	126	Picture	Stim;Main;1;6;1111111122211111;1111111122121111;Left;0	Stim	Main	1	6	1111111122211111	1111111122121111	Left	0	3439109	0	1	40073	1	0	next	hit	121
18-008-TD004_S002-0004-med	126	Response	1									3447313	8204	1
18-008-TD004_S002-0004-med	128	Quit										3976271	357000	NA
