Scenario - Match to Sample
Logfile written - 07/24/2019 10:50:02

Subject	Trial	Event Type	Code	event_cond(str)	block_name(str)	block_number(num)	trial_number(num)	study_grid(str)	dist_grid(str)	study_side(str)	delay(num)	Time	TTime	Uncertainty	Duration	Uncertainty	ReqTime	ReqDur	Stim Type	Pair Index

18-014_CAS001-1-07242019 Difficult	0	Pulse	84									190595	190595	1
18-014_CAS001-1-07242019 Difficult	3	Picture	ITI	ITI								360849	0	1	2004	1	0	next	other	0
18-014_CAS001-1-07242019 Difficult	4	Picture	Study	Study								362853	0	1	10019	1	0	next	other	0
18-014_CAS001-1-07242019 Difficult	6	Picture	Stim;Main;1;1;1121111121111111111111111;1121121111111111111111111;Right;0	Stim	Main	1	1	1121111121111111111111111	1121121111111111111111111	Right	0	402929	0	1	40076	1	0	next	hit	5
18-014_CAS001-1-07242019 Difficult	6	Response	2									409013	6085	1
18-014_CAS001-1-07242019 Difficult	7	Picture	ITI	ITI								443005	0	1	2004	1	0	next	other	0
18-014_CAS001-1-07242019 Difficult	8	Picture	Study	Study								445009	0	1	10019	1	0	next	other	0
18-014_CAS001-1-07242019 Difficult	10	Picture	Stim;Main;1;2;1111111212111111111111111;1111211211111111111111111;Right;0	Stim	Main	1	2	1111111212111111111111111	1111211211111111111111111	Right	0	485084	0	1	40076	1	0	next	hit	9
18-014_CAS001-1-07242019 Difficult	10	Response	2									492319	7234	1
18-014_CAS001-1-07242019 Difficult	11	Picture	ITI	ITI								525160	0	1	2004	1	0	next	other	0
18-014_CAS001-1-07242019 Difficult	12	Picture	Study	Study								527164	0	1	10019	1	0	next	other	0
18-014_CAS001-1-07242019 Difficult	14	Picture	Stim;Main;1;3;1111111212111111121111111;1111111212111111112111111;Left;0	Stim	Main	1	3	1111111212111111121111111	1111111212111111112111111	Left	0	567240	0	1	40076	1	0	next	hit	13
18-014_CAS001-1-07242019 Difficult	14	Response	1									581541	14301	1
18-014_CAS001-1-07242019 Difficult	15	Picture	ITI	ITI								607316	0	1	2004	1	0	next	other	0
18-014_CAS001-1-07242019 Difficult	16	Picture	Study	Study								609319	0	1	10019	1	0	next	other	0
18-014_CAS001-1-07242019 Difficult	18	Picture	Stim;Main;1;4;1111111111221111111211121;1111111111221111121211111;Left;0	Stim	Main	1	4	1111111111221111111211121	1111111111221111121211111	Left	0	649395	0	1	40076	1	0	next	hit	17
18-014_CAS001-1-07242019 Difficult	18	Response	1									659891	10495	1
18-014_CAS001-1-07242019 Difficult	19	Picture	ITI	ITI								689471	0	1	2004	1	0	next	other	0
18-014_CAS001-1-07242019 Difficult	20	Picture	Study	Study								691475	0	1	10019	1	0	next	other	0
18-014_CAS001-1-07242019 Difficult	22	Picture	Stim;Main;1;5;2111111111112111112111111;1111111111112111112121111;Right;0	Stim	Main	1	5	2111111111112111112111111	1111111111112111112121111	Right	0	731551	0	1	40076	1	0	next	hit	21
18-014_CAS001-1-07242019 Difficult	22	Response	2									739680	8129	1
18-014_CAS001-1-07242019 Difficult	23	Picture	ITI	ITI								771627	0	1	2004	1	0	next	other	0
18-014_CAS001-1-07242019 Difficult	24	Picture	Study	Study								773630	0	1	10019	1	0	next	other	0
18-014_CAS001-1-07242019 Difficult	26	Picture	Stim;Main;1;6;1111111111111211111211111;1111111111211111111211111;Left;0	Stim	Main	1	6	1111111111111211111211111	1111111111211111111211111	Left	0	813706	0	1	40076	1	0	next	hit	25
18-014_CAS001-1-07242019 Difficult	26	Response	1									819948	6242	1
18-014_CAS001-1-07242019 Difficult	28	Picture	ITI	ITI								993880	0	1	2004	1	0	next	other	0
18-014_CAS001-1-07242019 Difficult	29	Picture	Study	Study								995884	0	1	10019	1	0	next	other	0
18-014_CAS001-1-07242019 Difficult	31	Picture	Stim;Main;1;1;1121121111111111111111211;1111121211111111111111211;Right;0	Stim	Main	1	1	1121121111111111111111211	1111121211111111111111211	Right	0	1035960	0	1	40076	1	0	next	hit	29
18-014_CAS001-1-07242019 Difficult	31	Response	2									1043962	8002	1
18-014_CAS001-1-07242019 Difficult	32	Picture	ITI	ITI								1076036	0	1	2004	1	0	next	other	0
18-014_CAS001-1-07242019 Difficult	33	Picture	Study	Study								1078040	0	1	10019	1	0	next	other	0
18-014_CAS001-1-07242019 Difficult	35	Picture	Stim;Main;1;2;1211111111121111211111121;1211111111111112211111121;Right;0	Stim	Main	1	2	1211111111121111211111121	1211111111111112211111121	Right	0	1118116	0	1	40076	1	0	next	hit	33
18-014_CAS001-1-07242019 Difficult	35	Response	2									1128228	10112	1
18-014_CAS001-1-07242019 Difficult	36	Picture	ITI	ITI								1158191	0	1	2004	1	0	next	other	0
18-014_CAS001-1-07242019 Difficult	37	Picture	Study	Study								1160195	0	1	10019	1	0	next	other	0
18-014_CAS001-1-07242019 Difficult	39	Picture	Stim;Main;1;3;1111111111121111121122111;1111111111121111221121111;Left;0	Stim	Main	1	3	1111111111121111121122111	1111111111121111221121111	Left	0	1200271	0	1	40076	1	0	next	hit	37
18-014_CAS001-1-07242019 Difficult	39	Response	1									1211214	10943	1
18-014_CAS001-1-07242019 Difficult	40	Picture	ITI	ITI								1240347	0	1	2004	1	0	next	other	0
18-014_CAS001-1-07242019 Difficult	41	Picture	Study	Study								1242351	0	1	10019	1	0	next	other	0
18-014_CAS001-1-07242019 Difficult	43	Picture	Stim;Main;1;4;1111211111111111211111111;1111211111111111111111211;Left;0	Stim	Main	1	4	1111211111111111211111111	1111211111111111111111211	Left	0	1282426	0	1	40076	1	0	next	hit	41
18-014_CAS001-1-07242019 Difficult	43	Response	1									1291322	8895	1
18-014_CAS001-1-07242019 Difficult	44	Picture	ITI	ITI								1322502	0	1	2004	1	0	next	other	0
18-014_CAS001-1-07242019 Difficult	45	Picture	Study	Study								1324506	0	1	10019	1	0	next	other	0
18-014_CAS001-1-07242019 Difficult	47	Picture	Stim;Main;1;5;1111112111211111121111111;1211112111211111111111111;Right;0	Stim	Main	1	5	1111112111211111121111111	1211112111211111111111111	Right	0	1364582	0	1	40076	1	0	next	hit	45
18-014_CAS001-1-07242019 Difficult	47	Response	2									1371908	7327	1
18-014_CAS001-1-07242019 Difficult	48	Picture	ITI	ITI								1404658	0	1	2004	1	0	next	other	0
18-014_CAS001-1-07242019 Difficult	49	Picture	Study	Study								1406662	0	1	10019	1	0	next	other	0
18-014_CAS001-1-07242019 Difficult	51	Picture	Stim;Main;1;6;1211111111121111111111111;1121111111121111111111111;Left;0	Stim	Main	1	6	1211111111121111111111111	1121111111121111111111111	Left	0	1446737	0	1	40076	1	0	next	hit	49
18-014_CAS001-1-07242019 Difficult	51	Response	1									1453136	6398	1
18-014_CAS001-1-07242019 Difficult	53	Picture	ITI	ITI								1626912	0	1	2004	1	0	next	other	0
18-014_CAS001-1-07242019 Difficult	54	Picture	Study	Study								1628915	0	1	10019	1	0	next	other	0
18-014_CAS001-1-07242019 Difficult	56	Picture	Stim;Main;1;1;1111111111112111111112121;1111111111112211111112111;Right;0	Stim	Main	1	1	1111111111112111111112121	1111111111112211111112111	Right	0	1668991	0	1	40076	1	0	next	hit	53
18-014_CAS001-1-07242019 Difficult	56	Response	2									1675072	6081	1
18-014_CAS001-1-07242019 Difficult	57	Picture	ITI	ITI								1709067	0	1	2004	1	0	next	other	0
18-014_CAS001-1-07242019 Difficult	58	Picture	Study	Study								1711071	0	1	10019	1	0	next	other	0
18-014_CAS001-1-07242019 Difficult	60	Picture	Stim;Main;1;2;1211111111211112111111211;1211111111112112111111211;Right;0	Stim	Main	1	2	1211111111211112111111211	1211111111112112111111211	Right	0	1751147	0	1	40076	1	0	next	hit	57
18-014_CAS001-1-07242019 Difficult	60	Response	2									1759498	8351	1
18-014_CAS001-1-07242019 Difficult	61	Picture	ITI	ITI								1791223	0	1	2004	1	0	next	other	0
18-014_CAS001-1-07242019 Difficult	62	Picture	Study	Study								1793226	0	1	10019	1	0	next	other	0
18-014_CAS001-1-07242019 Difficult	64	Picture	Stim;Main;1;3;1111111111211111111221121;1111111111211111111211221;Left;0	Stim	Main	1	3	1111111111211111111221121	1111111111211111111211221	Left	0	1833302	0	1	40076	1	0	next	hit	61
18-014_CAS001-1-07242019 Difficult	64	Response	1									1849200	15898	1
18-014_CAS001-1-07242019 Difficult	65	Picture	ITI	ITI								1873378	0	1	2004	1	0	next	other	0
18-014_CAS001-1-07242019 Difficult	66	Picture	Study	Study								1875382	0	1	10019	1	0	next	other	0
18-014_CAS001-1-07242019 Difficult	68	Picture	Stim;Main;1;4;1121111111121111111111112;1121111111111111111211112;Left;0	Stim	Main	1	4	1121111111121111111111112	1121111111111111111211112	Left	0	1915458	0	1	40076	1	0	next	hit	65
18-014_CAS001-1-07242019 Difficult	68	Response	1									1924990	9533	1
18-014_CAS001-1-07242019 Difficult	69	Picture	ITI	ITI								1955533	0	1	2004	1	0	next	other	0
18-014_CAS001-1-07242019 Difficult	70	Picture	Study	Study								1957537	0	1	10019	1	0	next	other	0
18-014_CAS001-1-07242019 Difficult	72	Picture	Stim;Main;1;5;2111111111111112121111111;2111111111111211121111111;Right;0	Stim	Main	1	5	2111111111111112121111111	2111111111111211121111111	Right	0	1997613	0	1	40076	1	0	next	hit	69
18-014_CAS001-1-07242019 Difficult	72	Response	2									2007978	10365	1
18-014_CAS001-1-07242019 Difficult	73	Picture	ITI	ITI								2037689	0	1	2004	1	0	next	other	0
18-014_CAS001-1-07242019 Difficult	74	Picture	Study	Study								2039693	0	1	10019	1	0	next	other	0
18-014_CAS001-1-07242019 Difficult	76	Picture	Stim;Main;1;6;1111112211111111111121112;1111112111111111121121112;Left;0	Stim	Main	1	6	1111112211111111111121112	1111112111111111121121112	Left	0	2079769	0	1	40076	1	0	next	hit	73
18-014_CAS001-1-07242019 Difficult	76	Response	1									2092242	12473	1
18-014_CAS001-1-07242019 Difficult	78	Picture	ITI	ITI								2259943	0	1	2004	1	0	next	other	0
18-014_CAS001-1-07242019 Difficult	79	Picture	Study	Study								2261947	0	1	10019	1	0	next	other	0
18-014_CAS001-1-07242019 Difficult	81	Picture	Stim;Main;1;1;1111111111111111121112211;1111111111111111121122111;Right;0	Stim	Main	1	1	1111111111111111121112211	1111111111111111121122111	Right	0	2302022	0	1	40076	1	0	next	hit	77
18-014_CAS001-1-07242019 Difficult	81	Response	2									2308902	6880	1
18-014_CAS001-1-07242019 Difficult	82	Picture	ITI	ITI								2342098	0	1	2004	1	0	next	other	0
18-014_CAS001-1-07242019 Difficult	83	Picture	Study	Study								2344102	0	1	10019	1	0	next	other	0
18-014_CAS001-1-07242019 Difficult	85	Picture	Stim;Main;1;2;1111111111111112211112111;1121111111111111211112111;Right;0	Stim	Main	1	2	1111111111111112211112111	1121111111111111211112111	Right	0	2384178	0	1	40076	1	0	next	hit	81
18-014_CAS001-1-07242019 Difficult	85	Response	2									2391889	7711	1
18-014_CAS001-1-07242019 Difficult	86	Picture	ITI	ITI								2424254	0	1	2004	1	0	next	other	0
18-014_CAS001-1-07242019 Difficult	87	Picture	Study	Study								2426257	0	1	10019	1	0	next	other	0
18-014_CAS001-1-07242019 Difficult	89	Picture	Stim;Main;1;3;2211111111111111122111111;1211111111111111122111211;Left;0	Stim	Main	1	3	2211111111111111122111111	1211111111111111122111211	Left	0	2466333	0	1	40076	1	0	next	hit	85
18-014_CAS001-1-07242019 Difficult	89	Response	1									2474875	8542	1
18-014_CAS001-1-07242019 Difficult	90	Picture	ITI	ITI								2506409	0	1	2004	1	0	next	other	0
18-014_CAS001-1-07242019 Difficult	91	Picture	Study	Study								2508413	0	1	10019	1	0	next	other	0
18-014_CAS001-1-07242019 Difficult	93	Picture	Stim;Main;1;4;1211111111111111112111111;1211111111111111121111111;Left;0	Stim	Main	1	4	1211111111111111112111111	1211111111111111121111111	Left	0	2548489	0	1	40076	1	0	next	hit	89
18-014_CAS001-1-07242019 Difficult	93	Response	1									2562019	13531	1
18-014_CAS001-1-07242019 Difficult	94	Picture	ITI	ITI								2588565	0	1	2004	1	0	next	other	0
18-014_CAS001-1-07242019 Difficult	95	Picture	Study	Study								2590568	0	1	10019	1	0	next	other	0
18-014_CAS001-1-07242019 Difficult	97	Picture	Stim;Main;1;5;1112111121112121111111111;1112111121112111111112111;Right;0	Stim	Main	1	5	1112111121112121111111111	1112111121112111111112111	Right	0	2630644	0	1	40076	1	0	next	hit	93
18-014_CAS001-1-07242019 Difficult	97	Response	2									2639569	8925	1
18-014_CAS001-1-07242019 Difficult	98	Picture	ITI	ITI								2670720	0	1	2004	1	0	next	other	0
18-014_CAS001-1-07242019 Difficult	99	Picture	Study	Study								2672724	0	1	10019	1	0	next	other	0
18-014_CAS001-1-07242019 Difficult	101	Picture	Stim;Main;1;6;1211111112112112111111111;1211111111212112111111111;Left;0	Stim	Main	1	6	1211111112112112111111111	1211111111212112111111111	Left	0	2712800	0	1	40076	1	0	next	hit	97
18-014_CAS001-1-07242019 Difficult	101	Response	1									2722555	9755	1
18-014_CAS001-1-07242019 Difficult	103	Picture	ITI	ITI								2892974	0	1	2004	1	0	next	other	0
18-014_CAS001-1-07242019 Difficult	104	Picture	Study	Study								2894978	0	1	10019	1	0	next	other	0
18-014_CAS001-1-07242019 Difficult	106	Picture	Stim;Main;1;1;1111211111111111111111211;1111211111111111112111111;Right;0	Stim	Main	1	1	1111211111111111111111211	1111211111111111112111111	Right	0	2935054	0	1	40076	1	0	next	hit	101
18-014_CAS001-1-07242019 Difficult	106	Response	2									2942731	7677	1
18-014_CAS001-1-07242019 Difficult	107	Picture	ITI	ITI								2975129	0	1	2004	1	0	next	other	0
18-014_CAS001-1-07242019 Difficult	108	Picture	Study	Study								2977133	0	1	10019	1	0	next	other	0
18-014_CAS001-1-07242019 Difficult	110	Picture	Stim;Main;1;2;1212111111111112111111121;1212111111111212111111111;Right;0	Stim	Main	1	2	1212111111111112111111121	1212111111111212111111111	Right	0	3017209	0	1	40076	1	0	next	hit	105
18-014_CAS001-1-07242019 Difficult	110	Response	2									3031634	14425	1
18-014_CAS001-1-07242019 Difficult	111	Picture	ITI	ITI								3057285	0	1	2004	1	0	next	other	0
18-014_CAS001-1-07242019 Difficult	112	Picture	Study	Study								3059289	0	1	10019	1	0	next	other	0
18-014_CAS001-1-07242019 Difficult	114	Picture	Stim;Main;1;3;1111211111111111112111111;1111111121111111112111111;Left;0	Stim	Main	1	3	1111211111111111112111111	1111111121111111112111111	Left	0	3099364	0	1	40076	1	0	next	hit	109
18-014_CAS001-1-07242019 Difficult	114	Response	1									3107585	8221	1
18-014_CAS001-1-07242019 Difficult	115	Picture	ITI	ITI								3139440	0	1	2004	1	0	next	other	0
18-014_CAS001-1-07242019 Difficult	116	Picture	Study	Study								3141444	0	1	10019	1	0	next	other	0
18-014_CAS001-1-07242019 Difficult	118	Picture	Stim;Main;1;4;2112111111111111111111111;1112111111111111121111111;Left;0	Stim	Main	1	4	2112111111111111111111111	1112111111111111121111111	Left	0	3181520	0	1	40076	1	0	next	hit	113
18-014_CAS001-1-07242019 Difficult	118	Response	1									3188652	7132	1
18-014_CAS001-1-07242019 Difficult	119	Picture	ITI	ITI								3221596	0	1	2004	1	0	next	other	0
18-014_CAS001-1-07242019 Difficult	120	Picture	Study	Study								3223599	0	1	10019	1	0	next	other	0
18-014_CAS001-1-07242019 Difficult	122	Picture	Stim;Main;1;5;1111111211111121111112211;1111112211111111111112211;Right;0	Stim	Main	1	5	1111111211111121111112211	1111112211111111111112211	Right	0	3263675	0	1	40076	1	0	next	incorrect	117
18-014_CAS001-1-07242019 Difficult	122	Response	1									3273398	9722	1
18-014_CAS001-1-07242019 Difficult	122	Response	2									3277075	13400	1
18-014_CAS001-1-07242019 Difficult	122	Response	2									3279474	15799	1
18-014_CAS001-1-07242019 Difficult	122	Response	2									3280873	17197	1
18-014_CAS001-1-07242019 Difficult	122	Response	2									3282471	18796	1
18-014_CAS001-1-07242019 Difficult	122	Response	2									3284550	20875	1
18-014_CAS001-1-07242019 Difficult	122	Response	2									3288387	24712	1
18-014_CAS001-1-07242019 Difficult	122	Response	2									3291266	27591	1
18-014_CAS001-1-07242019 Difficult	123	Picture	ITI	ITI								3303751	0	1	2004	1	0	next	other	0
18-014_CAS001-1-07242019 Difficult	124	Picture	Study	Study								3305755	0	1	10019	1	0	next	other	0
18-014_CAS001-1-07242019 Difficult	126	Picture	Stim;Main;1;6;1111111121121111221111111;1111111121112111221111111;Left;0	Stim	Main	1	6	1111111121121111221111111	1111111121112111221111111	Left	0	3345831	0	1	40076	1	0	next	hit	128
18-014_CAS001-1-07242019 Difficult	126	Response	1									3356824	10993	1
18-014_CAS001-1-07242019 Difficult	127	Pulse	84									3490497	104590	1
18-014_CAS001-1-07242019 Difficult	128	Response	1									3556854	30849	1
