Scenario - Match to Sample
Logfile written - 04/25/2019 11:54:13

Subject	Trial	Event Type	Code	event_cond(str)	block_name(str)	block_number(num)	trial_number(num)	study_grid(str)	dist_grid(str)	study_side(str)	delay(num)	Time	TTime	Uncertainty	Duration	Uncertainty	ReqTime	ReqDur	Stim Type	Pair Index

18-008-TD004_S002-0004-simple	0	Pulse	84									795101	795101	1
18-008-TD004_S002-0004-simple	3	Picture	ITI	ITI								965428	0	1	2004	1	0	next	other	0
18-008-TD004_S002-0004-simple	4	Picture	Study	Study								967431	0	1	10018	1	0	next	other	0
18-008-TD004_S002-0004-simple	6	Picture	Stim;Main;1;1;112221121;212121121;Left;0	Stim	Main	1	1	112221121	212121121	Left	0	1004499	0	1	40073	1	0	next	hit	5
18-008-TD004_S002-0004-simple	6	Response	1									1016715	12216	1
18-008-TD004_S002-0004-simple	7	Picture	ITI	ITI								1044572	0	1	2004	1	0	next	other	0
18-008-TD004_S002-0004-simple	8	Picture	Study	Study								1046576	0	1	10018	1	0	next	other	0
18-008-TD004_S002-0004-simple	10	Picture	Stim;Main;1;2;211112111;211211111;Right;0	Stim	Main	1	2	211112111	211211111	Right	0	1083644	0	1	40073	1	0	next	hit	9
18-008-TD004_S002-0004-simple	10	Response	2									1093626	9983	1
18-008-TD004_S002-0004-simple	11	Picture	ITI	ITI								1123717	0	1	2004	1	0	next	other	0
18-008-TD004_S002-0004-simple	12	Picture	Study	Study								1125720	0	1	10018	1	0	next	other	0
18-008-TD004_S002-0004-simple	14	Picture	Stim;Main;1;3;122221111;112221121;Right;0	Stim	Main	1	3	122221111	112221121	Right	0	1162788	0	1	40073	1	0	next	hit	13
18-008-TD004_S002-0004-simple	14	Response	2									1175652	12864	1
18-008-TD004_S002-0004-simple	15	Picture	ITI	ITI								1202861	0	1	2004	1	0	next	other	0
18-008-TD004_S002-0004-simple	16	Picture	Study	Study								1204865	0	1	10018	1	0	next	other	0
18-008-TD004_S002-0004-simple	18	Picture	Stim;Main;1;4;112111122;111121122;Right;0	Stim	Main	1	4	112111122	111121122	Right	0	1241932	0	1	40073	1	0	next	hit	17
18-008-TD004_S002-0004-simple	18	Response	2									1253523	11591	1
18-008-TD004_S002-0004-simple	19	Picture	ITI	ITI								1282005	0	1	2004	1	0	next	other	0
18-008-TD004_S002-0004-simple	20	Picture	Study	Study								1284009	0	1	10018	1	0	next	other	0
18-008-TD004_S002-0004-simple	22	Picture	Stim;Main;1;5;211211121;211211112;Left;0	Stim	Main	1	5	211211121	211211112	Left	0	1321077	0	1	40073	1	0	next	hit	21
18-008-TD004_S002-0004-simple	22	Response	1									1337949	16872	1
18-008-TD004_S002-0004-simple	23	Picture	ITI	ITI								1361150	0	1	2004	1	0	next	other	0
18-008-TD004_S002-0004-simple	24	Picture	Study	Study								1363153	0	1	10018	1	0	next	other	0
18-008-TD004_S002-0004-simple	26	Picture	Stim;Main;1;6;211121221;211122121;Left;0	Stim	Main	1	6	211121221	211122121	Left	0	1400221	0	1	40074	1	0	next	hit	25
18-008-TD004_S002-0004-simple	26	Response	1									1416457	16237	1
18-008-TD004_S002-0004-simple	26	Response	2									1420256	20035	1
18-008-TD004_S002-0004-simple	28	Picture	ITI	ITI								1580383	0	1	2004	1	0	next	other	0
18-008-TD004_S002-0004-simple	29	Picture	Study	Study								1582387	0	1	10018	1	0	next	other	0
18-008-TD004_S002-0004-simple	31	Picture	Stim;Main;1;1;111221112;121211112;Left;0	Stim	Main	1	1	111221112	121211112	Left	0	1619454	0	1	40073	1	0	next	hit	30
18-008-TD004_S002-0004-simple	31	Response	1									1629718	10264	1
18-008-TD004_S002-0004-simple	32	Picture	ITI	ITI								1659527	0	1	2004	1	0	next	other	0
18-008-TD004_S002-0004-simple	33	Picture	Study	Study								1661531	0	1	10018	1	0	next	other	0
18-008-TD004_S002-0004-simple	35	Picture	Stim;Main;1;2;111111122;111211112;Right;0	Stim	Main	1	2	111111122	111211112	Right	0	1698599	0	1	40073	1	0	next	hit	34
18-008-TD004_S002-0004-simple	35	Response	2									1709665	11066	1
18-008-TD004_S002-0004-simple	36	Picture	ITI	ITI								1738672	0	1	2004	1	0	next	other	0
18-008-TD004_S002-0004-simple	37	Picture	Study	Study								1740676	0	1	10018	1	0	next	other	0
18-008-TD004_S002-0004-simple	39	Picture	Stim;Main;1;3;121112211;121112112;Right;0	Stim	Main	1	3	121112211	121112112	Right	0	1777743	0	1	40073	1	0	next	hit	38
18-008-TD004_S002-0004-simple	39	Response	2									1790094	12351	1
18-008-TD004_S002-0004-simple	40	Picture	ITI	ITI								1817816	0	1	2004	1	0	next	other	0
18-008-TD004_S002-0004-simple	41	Picture	Study	Study								1819820	0	1	10018	1	0	next	other	0
18-008-TD004_S002-0004-simple	43	Picture	Stim;Main;1;4;211111211;211121111;Right;0	Stim	Main	1	4	211111211	211121111	Right	0	1856888	0	1	40073	1	0	next	hit	42
18-008-TD004_S002-0004-simple	43	Response	2									1869562	12674	1
18-008-TD004_S002-0004-simple	44	Picture	ITI	ITI								1896961	0	1	2004	1	0	next	other	0
18-008-TD004_S002-0004-simple	45	Picture	Study	Study								1898964	0	1	10018	1	0	next	other	0
18-008-TD004_S002-0004-simple	47	Picture	Stim;Main;1;5;212111122;221111122;Left;0	Stim	Main	1	5	212111122	221111122	Left	0	1936032	0	1	40073	1	0	next	hit	46
18-008-TD004_S002-0004-simple	47	Response	1									1953187	17155	1
18-008-TD004_S002-0004-simple	48	Picture	ITI	ITI								1976105	0	1	2004	1	0	next	other	0
18-008-TD004_S002-0004-simple	49	Picture	Study	Study								1978109	0	1	10018	1	0	next	other	0
18-008-TD004_S002-0004-simple	51	Picture	Stim;Main;1;6;111112121;111121121;Left;0	Stim	Main	1	6	111112121	111121121	Left	0	2015176	0	1	40073	1	0	next	hit	50
18-008-TD004_S002-0004-simple	51	Response	1									2026258	11081	1
18-008-TD004_S002-0004-simple	53	Picture	ITI	ITI								2195338	0	1	2004	1	0	next	other	0
18-008-TD004_S002-0004-simple	54	Picture	Study	Study								2197342	0	1	10018	1	0	next	other	0
18-008-TD004_S002-0004-simple	56	Picture	Stim;Main;1;1;211121111;211211111;Left;0	Stim	Main	1	1	211121111	211211111	Left	0	2234410	0	1	40073	1	0	next	hit	54
18-008-TD004_S002-0004-simple	56	Response	1									2243557	9148	1
18-008-TD004_S002-0004-simple	57	Picture	ITI	ITI								2274483	0	1	2004	1	0	next	other	0
18-008-TD004_S002-0004-simple	58	Picture	Study	Study								2276487	0	1	10018	1	0	next	other	0
18-008-TD004_S002-0004-simple	60	Picture	Stim;Main;1;2;212122111;112122211;Right;0	Stim	Main	1	2	212122111	112122211	Right	0	2313554	0	1	40073	1	0	next	hit	58
18-008-TD004_S002-0004-simple	60	Response	2									2327662	14107	1
18-008-TD004_S002-0004-simple	61	Picture	ITI	ITI								2353627	0	1	2004	1	0	next	other	0
18-008-TD004_S002-0004-simple	62	Picture	Study	Study								2355631	0	1	10018	1	0	next	other	0
18-008-TD004_S002-0004-simple	64	Picture	Stim;Main;1;3;121111121;211111121;Right;0	Stim	Main	1	3	121111121	211111121	Right	0	2392699	0	1	40073	1	0	next	hit	62
18-008-TD004_S002-0004-simple	64	Response	2									2402973	10274	1
18-008-TD004_S002-0004-simple	65	Picture	ITI	ITI								2432772	0	1	2004	1	0	next	other	0
18-008-TD004_S002-0004-simple	66	Picture	Study	Study								2434775	0	1	10018	1	0	next	other	0
18-008-TD004_S002-0004-simple	68	Picture	Stim;Main;1;4;121121111;122111111;Right;0	Stim	Main	1	4	121121111	122111111	Right	0	2471843	0	1	40073	1	0	next	hit	66
18-008-TD004_S002-0004-simple	68	Response	2									2481801	9958	1
18-008-TD004_S002-0004-simple	69	Picture	ITI	ITI								2511916	0	1	2004	1	0	next	other	0
18-008-TD004_S002-0004-simple	70	Picture	Study	Study								2513920	0	1	10018	1	0	next	other	0
18-008-TD004_S002-0004-simple	72	Picture	Stim;Main;1;5;111211211;121111211;Left;0	Stim	Main	1	5	111211211	121111211	Left	0	2550987	0	1	40073	1	0	next	hit	70
18-008-TD004_S002-0004-simple	72	Response	1									2558712	7725	1
18-008-TD004_S002-0004-simple	73	Picture	ITI	ITI								2591060	0	1	2003	1	0	next	other	0
18-008-TD004_S002-0004-simple	74	Picture	Study	Study								2593064	0	1	10018	1	0	next	other	0
18-008-TD004_S002-0004-simple	76	Picture	Stim;Main;1;6;221111211;212111211;Left;0	Stim	Main	1	6	221111211	212111211	Left	0	2630132	0	1	40073	1	0	next	hit	74
18-008-TD004_S002-0004-simple	76	Response	1									2639778	9646	1
18-008-TD004_S002-0004-simple	78	Picture	ITI	ITI								2810294	0	1	2004	1	0	next	other	0
18-008-TD004_S002-0004-simple	79	Picture	Study	Study								2812297	0	1	10018	1	0	next	other	0
18-008-TD004_S002-0004-simple	81	Picture	Stim;Main;1;1;112111121;122111111;Left;0	Stim	Main	1	1	112111121	122111111	Left	0	2849365	0	1	40073	1	0	next	hit	78
18-008-TD004_S002-0004-simple	81	Response	1									2859313	9948	1
18-008-TD004_S002-0004-simple	82	Picture	ITI	ITI								2889438	0	1	2004	1	0	next	other	0
18-008-TD004_S002-0004-simple	83	Picture	Study	Study								2891442	0	1	10018	1	0	next	other	0
18-008-TD004_S002-0004-simple	85	Picture	Stim;Main;1;2;221121111;211121121;Right;0	Stim	Main	1	2	221121111	211121121	Right	0	2928509	0	1	40073	1	0	next	hit	82
18-008-TD004_S002-0004-simple	85	Response	2									2938620	10111	1
18-008-TD004_S002-0004-simple	86	Picture	ITI	ITI								2968583	0	1	2004	1	0	next	other	0
18-008-TD004_S002-0004-simple	87	Picture	Study	Study								2970586	0	1	10018	1	0	next	other	0
18-008-TD004_S002-0004-simple	89	Picture	Stim;Main;1;3;121122211;111122212;Right;0	Stim	Main	1	3	121122211	111122212	Right	0	3007654	0	1	40073	1	0	next	hit	86
18-008-TD004_S002-0004-simple	89	Response	2									3018408	10754	1
18-008-TD004_S002-0004-simple	90	Picture	ITI	ITI								3047727	0	1	2004	1	0	next	other	0
18-008-TD004_S002-0004-simple	91	Picture	Study	Study								3049731	0	1	10018	1	0	next	other	0
18-008-TD004_S002-0004-simple	93	Picture	Stim;Main;1;4;111121212;111122211;Right;0	Stim	Main	1	4	111121212	111122211	Right	0	3086798	0	1	40073	1	0	next	hit	90
18-008-TD004_S002-0004-simple	93	Response	2									3097076	10278	1
18-008-TD004_S002-0004-simple	94	Picture	ITI	ITI								3126871	0	1	2004	1	0	next	other	0
18-008-TD004_S002-0004-simple	95	Picture	Study	Study								3128875	0	1	10018	1	0	next	other	0
18-008-TD004_S002-0004-simple	97	Picture	Stim;Main;1;5;111121112;111211112;Left;0	Stim	Main	1	5	111121112	111211112	Left	0	3165943	0	1	40073	1	0	next	hit	94
18-008-TD004_S002-0004-simple	97	Response	1									3181182	15239	1
18-008-TD004_S002-0004-simple	98	Picture	ITI	ITI								3206016	0	1	2004	1	0	next	other	0
18-008-TD004_S002-0004-simple	99	Picture	Study	Study								3208019	0	1	10018	1	0	next	other	0
18-008-TD004_S002-0004-simple	101	Picture	Stim;Main;1;6;111221111;121211111;Left;0	Stim	Main	1	6	111221111	121211111	Left	0	3245087	0	1	40073	1	0	next	hit	98
18-008-TD004_S002-0004-simple	101	Response	1									3252815	7728	1
18-008-TD004_S002-0004-simple	103	Picture	ITI	ITI								3425249	0	1	2004	1	0	next	other	0
18-008-TD004_S002-0004-simple	104	Picture	Study	Study								3427253	0	1	10018	1	0	next	other	0
18-008-TD004_S002-0004-simple	106	Picture	Stim;Main;1;1;122111121;121121121;Left;0	Stim	Main	1	1	122111121	121121121	Left	0	3464320	0	1	40073	1	0	next	hit	102
18-008-TD004_S002-0004-simple	106	Response	1									3473951	9631	1
18-008-TD004_S002-0004-simple	107	Picture	ITI	ITI								3504394	0	1	2004	1	0	next	other	0
18-008-TD004_S002-0004-simple	108	Picture	Study	Study								3506397	0	1	10018	1	0	next	other	0
18-008-TD004_S002-0004-simple	110	Picture	Stim;Main;1;2;112112112;112111212;Right;0	Stim	Main	1	2	112112112	112111212	Right	0	3543465	0	1	40073	1	0	next	hit	106
18-008-TD004_S002-0004-simple	110	Response	2									3552301	8836	1
18-008-TD004_S002-0004-simple	111	Picture	ITI	ITI								3583538	0	1	2004	1	0	next	other	0
18-008-TD004_S002-0004-simple	112	Picture	Study	Study								3585542	0	1	10018	1	0	next	other	0
18-008-TD004_S002-0004-simple	114	Picture	Stim;Main;1;3;112221112;212221111;Right;0	Stim	Main	1	3	112221112	212221111	Right	0	3622609	0	1	40073	1	0	next	hit	110
18-008-TD004_S002-0004-simple	114	Response	2									3635286	12677	1
18-008-TD004_S002-0004-simple	115	Picture	ITI	ITI								3662682	0	1	2004	1	0	next	other	0
18-008-TD004_S002-0004-simple	116	Picture	Study	Study								3664686	0	1	10018	1	0	next	other	0
18-008-TD004_S002-0004-simple	118	Picture	Stim;Main;1;4;111111221;111112121;Right;0	Stim	Main	1	4	111111221	111112121	Right	0	3701754	0	1	40073	1	0	next	hit	114
18-008-TD004_S002-0004-simple	118	Response	2									3713795	12042	1
18-008-TD004_S002-0004-simple	119	Picture	ITI	ITI								3741827	0	1	2004	1	0	next	other	0
18-008-TD004_S002-0004-simple	120	Picture	Study	Study								3743830	0	1	10018	1	0	next	other	0
18-008-TD004_S002-0004-simple	122	Picture	Stim;Main;1;5;211121212;211221211;Left;0	Stim	Main	1	5	211121212	211221211	Left	0	3780898	0	1	40073	1	0	next	hit	118
18-008-TD004_S002-0004-simple	122	Response	1									3793103	12205	1
18-008-TD004_S002-0004-simple	123	Picture	ITI	ITI								3820971	0	1	2004	1	0	next	other	0
18-008-TD004_S002-0004-simple	124	Picture	Study	Study								3822975	0	1	10018	1	0	next	other	0
18-008-TD004_S002-0004-simple	126	Picture	Stim;Main;1;6;211212111;211112112;Left;0	Stim	Main	1	6	211212111	211112112	Left	0	3860042	0	1	40073	1	0	next	incorrect	122
18-008-TD004_S002-0004-simple	126	Response	2									3869213	9171	1
18-008-TD004_S002-0004-simple	126	Response	1									3869213	9171	1
18-008-TD004_S002-0004-simple	128	Quit										4425277	385072	NA
