Scenario - Match to Sample
Logfile written - 09/19/2019 11:40:26

Subject	Trial	Event Type	Code	event_cond(str)	block_name(str)	block_number(num)	trial_number(num)	study_grid(str)	dist_grid(str)	study_side(str)	delay(num)	Time	TTime	Uncertainty	Duration	Uncertainty	ReqTime	ReqDur	Stim Type	Pair Index

18-014-CAS_002-1-09192019 SImple	0	Pulse	84									545279	545279	1
18-014-CAS_002-1-09192019 SImple	3	Picture	ITI	ITI								715513	0	1	2004	1	0	next	other	0
18-014-CAS_002-1-09192019 SImple	4	Picture	Study	Study								717516	0	1	10019	1	0	next	other	0
18-014-CAS_002-1-09192019 SImple	6	Picture	Stim;Main;1;1;111211112;121111112;Right;0	Stim	Main	1	1	111211112	121111112	Right	0	757592	0	1	40075	1	0	next	hit	5
18-014-CAS_002-1-09192019 SImple	6	Response	2									768828	11236	1
18-014-CAS_002-1-09192019 SImple	7	Picture	ITI	ITI								797667	0	1	2004	1	0	next	other	0
18-014-CAS_002-1-09192019 SImple	8	Picture	Study	Study								799671	0	1	10019	1	0	next	other	0
18-014-CAS_002-1-09192019 SImple	10	Picture	Stim;Main;1;2;111122111;211121111;Left;0	Stim	Main	1	2	111122111	211121111	Left	0	839746	0	1	40075	1	0	next	hit	9
18-014-CAS_002-1-09192019 SImple	10	Response	1									848140	8394	1
18-014-CAS_002-1-09192019 SImple	11	Picture	ITI	ITI								879822	0	1	2004	1	0	next	other	0
18-014-CAS_002-1-09192019 SImple	12	Picture	Study	Study								881826	0	1	10019	1	0	next	other	0
18-014-CAS_002-1-09192019 SImple	14	Picture	Stim;Main;1;3;212211111;211211121;Right;0	Stim	Main	1	3	212211111	211211121	Right	0	921901	0	1	40075	1	0	next	hit	13
18-014-CAS_002-1-09192019 SImple	14	Response	2									930972	9071	1
18-014-CAS_002-1-09192019 SImple	15	Picture	ITI	ITI								961976	0	1	2004	1	0	next	other	0
18-014-CAS_002-1-09192019 SImple	16	Picture	Study	Study								963980	0	1	10019	1	0	next	other	0
18-014-CAS_002-1-09192019 SImple	18	Picture	Stim;Main;1;4;211222111;212221111;Right;0	Stim	Main	1	4	211222111	212221111	Right	0	1004055	0	1	40075	1	0	next	hit	17
18-014-CAS_002-1-09192019 SImple	18	Response	2									1009485	5430	1
18-014-CAS_002-1-09192019 SImple	19	Picture	ITI	ITI								1044131	0	1	2004	1	0	next	other	0
18-014-CAS_002-1-09192019 SImple	20	Picture	Study	Study								1046135	0	1	10019	1	0	next	other	0
18-014-CAS_002-1-09192019 SImple	22	Picture	Stim;Main;1;5;111121212;111121122;Left;0	Stim	Main	1	5	111121212	111121122	Left	0	1086210	0	1	40075	1	0	next	hit	21
18-014-CAS_002-1-09192019 SImple	22	Response	1									1092636	6426	1
18-014-CAS_002-1-09192019 SImple	23	Picture	ITI	ITI								1126285	0	1	2004	1	0	next	other	0
18-014-CAS_002-1-09192019 SImple	24	Picture	Study	Study								1128289	0	1	10019	1	0	next	other	0
18-014-CAS_002-1-09192019 SImple	26	Picture	Stim;Main;1;6;221211111;221121111;Left;0	Stim	Main	1	6	221211111	221121111	Left	0	1168365	0	1	40075	1	0	next	hit	25
18-014-CAS_002-1-09192019 SImple	26	Response	1									1176266	7902	1
18-014-CAS_002-1-09192019 SImple	26	Response	2									1178262	9898	1
18-014-CAS_002-1-09192019 SImple	28	Picture	ITI	ITI								1348537	0	1	2004	1	0	next	other	0
18-014-CAS_002-1-09192019 SImple	29	Picture	Study	Study								1350541	0	1	10019	1	0	next	other	0
18-014-CAS_002-1-09192019 SImple	31	Picture	Stim;Main;1;1;111221121;111121221;Right;0	Stim	Main	1	1	111221121	111121221	Right	0	1390616	0	1	40075	1	0	next	hit	30
18-014-CAS_002-1-09192019 SImple	31	Response	2									1399245	8629	1
18-014-CAS_002-1-09192019 SImple	32	Picture	ITI	ITI								1430691	0	1	2004	1	0	next	other	0
18-014-CAS_002-1-09192019 SImple	33	Picture	Study	Study								1432695	0	1	10019	1	0	next	other	0
18-014-CAS_002-1-09192019 SImple	35	Picture	Stim;Main;1;2;112112221;112212211;Left;0	Stim	Main	1	2	112112221	112212211	Left	0	1472770	0	1	40075	1	0	next	hit	34
18-014-CAS_002-1-09192019 SImple	35	Response	1									1479359	6588	1
18-014-CAS_002-1-09192019 SImple	36	Picture	ITI	ITI								1512846	0	1	2004	1	0	next	other	0
18-014-CAS_002-1-09192019 SImple	37	Picture	Study	Study								1514850	0	1	10019	1	0	next	other	0
18-014-CAS_002-1-09192019 SImple	39	Picture	Stim;Main;1;3;111222211;111212221;Right;0	Stim	Main	1	3	111222211	111212221	Right	0	1554925	0	1	40075	1	0	next	hit	38
18-014-CAS_002-1-09192019 SImple	39	Response	2									1562190	7265	1
18-014-CAS_002-1-09192019 SImple	40	Picture	ITI	ITI								1595000	0	1	2004	1	0	next	other	0
18-014-CAS_002-1-09192019 SImple	41	Picture	Study	Study								1597004	0	1	10019	1	0	next	other	0
18-014-CAS_002-1-09192019 SImple	43	Picture	Stim;Main;1;4;122121211;121121221;Right;0	Stim	Main	1	4	122121211	121121221	Right	0	1637080	0	1	40075	1	0	next	hit	42
18-014-CAS_002-1-09192019 SImple	43	Response	2									1647579	10500	1
18-014-CAS_002-1-09192019 SImple	44	Picture	ITI	ITI								1677155	0	1	2004	1	0	next	other	0
18-014-CAS_002-1-09192019 SImple	45	Picture	Study	Study								1679159	0	1	10019	1	0	next	other	0
18-014-CAS_002-1-09192019 SImple	47	Picture	Stim;Main;1;5;111211221;121111221;Left;0	Stim	Main	1	5	111211221	121111221	Left	0	1719234	0	1	40075	1	0	next	hit	46
18-014-CAS_002-1-09192019 SImple	47	Response	1									1726253	7019	1
18-014-CAS_002-1-09192019 SImple	48	Picture	ITI	ITI								1759310	0	1	2004	1	0	next	other	0
18-014-CAS_002-1-09192019 SImple	49	Picture	Study	Study								1761313	0	1	10019	1	0	next	other	0
18-014-CAS_002-1-09192019 SImple	51	Picture	Stim;Main;1;6;112111112;212111111;Left;0	Stim	Main	1	6	112111112	212111111	Left	0	1801389	0	1	40075	1	0	next	hit	50
18-014-CAS_002-1-09192019 SImple	51	Response	1									1808764	7376	1
18-014-CAS_002-1-09192019 SImple	53	Picture	ITI	ITI								1981561	0	1	2004	1	0	next	other	0
18-014-CAS_002-1-09192019 SImple	54	Picture	Study	Study								1983565	0	1	10019	1	0	next	other	0
18-014-CAS_002-1-09192019 SImple	56	Picture	Stim;Main;1;1;111221211;111211221;Right;0	Stim	Main	1	1	111221211	111211221	Right	0	2023640	0	1	40075	1	0	next	hit	54
18-014-CAS_002-1-09192019 SImple	56	Response	2									2031673	8033	1
18-014-CAS_002-1-09192019 SImple	57	Picture	ITI	ITI								2063716	0	1	2004	1	0	next	other	0
18-014-CAS_002-1-09192019 SImple	58	Picture	Study	Study								2065719	0	1	10019	1	0	next	other	0
18-014-CAS_002-1-09192019 SImple	60	Picture	Stim;Main;1;2;112111211;112211111;Left;0	Stim	Main	1	2	112111211	112211111	Left	0	2105795	0	1	40075	1	0	next	hit	58
18-014-CAS_002-1-09192019 SImple	60	Response	1									2112746	6951	1
18-014-CAS_002-1-09192019 SImple	61	Picture	ITI	ITI								2145870	0	1	2004	1	0	next	other	0
18-014-CAS_002-1-09192019 SImple	62	Picture	Study	Study								2147874	0	1	10019	1	0	next	other	0
18-014-CAS_002-1-09192019 SImple	64	Picture	Stim;Main;1;3;112211112;122211111;Right;0	Stim	Main	1	3	112211112	122211111	Right	0	2187949	0	1	40075	1	0	next	hit	62
18-014-CAS_002-1-09192019 SImple	64	Response	2									2194937	6988	1
18-014-CAS_002-1-09192019 SImple	65	Picture	ITI	ITI								2228025	0	1	2004	1	0	next	other	0
18-014-CAS_002-1-09192019 SImple	66	Picture	Study	Study								2230028	0	1	10019	1	0	next	other	0
18-014-CAS_002-1-09192019 SImple	68	Picture	Stim;Main;1;4;211211112;221211111;Right;0	Stim	Main	1	4	211211112	221211111	Right	0	2270104	0	1	40075	1	0	next	hit	66
18-014-CAS_002-1-09192019 SImple	68	Response	2									2278407	8303	1
18-014-CAS_002-1-09192019 SImple	69	Picture	ITI	ITI								2310179	0	1	2004	1	0	next	other	0
18-014-CAS_002-1-09192019 SImple	70	Picture	Study	Study								2312183	0	1	10019	1	0	next	other	0
18-014-CAS_002-1-09192019 SImple	72	Picture	Stim;Main;1;5;111122121;111121122;Left;0	Stim	Main	1	5	111122121	111121122	Left	0	2352258	0	1	40075	1	0	next	hit	70
18-014-CAS_002-1-09192019 SImple	72	Response	1									2358679	6421	1
18-014-CAS_002-1-09192019 SImple	73	Picture	ITI	ITI								2392334	0	1	2004	1	0	next	other	0
18-014-CAS_002-1-09192019 SImple	74	Picture	Study	Study								2394337	0	1	10019	1	0	next	other	0
18-014-CAS_002-1-09192019 SImple	76	Picture	Stim;Main;1;6;212121211;112122211;Left;0	Stim	Main	1	6	212121211	112122211	Left	0	2434413	0	1	40075	1	0	next	hit	74
18-014-CAS_002-1-09192019 SImple	76	Response	1									2440551	6139	1
18-014-CAS_002-1-09192019 SImple	78	Picture	ITI	ITI								2614585	0	1	2004	1	0	next	other	0
18-014-CAS_002-1-09192019 SImple	79	Picture	Study	Study								2616589	0	1	10019	1	0	next	other	0
18-014-CAS_002-1-09192019 SImple	81	Picture	Stim;Main;1;1;111122112;121121112;Right;0	Stim	Main	1	1	111122112	121121112	Right	0	2656664	0	1	40075	1	0	next	hit	78
18-014-CAS_002-1-09192019 SImple	81	Response	2									2665858	9194	1
18-014-CAS_002-1-09192019 SImple	82	Picture	ITI	ITI								2696740	0	1	2004	1	0	next	other	0
18-014-CAS_002-1-09192019 SImple	83	Picture	Study	Study								2698743	0	1	10019	1	0	next	other	0
18-014-CAS_002-1-09192019 SImple	85	Picture	Stim;Main;1;2;121211122;121212112;Left;0	Stim	Main	1	2	121211122	121212112	Left	0	2738819	0	1	40075	1	0	next	hit	82
18-014-CAS_002-1-09192019 SImple	85	Response	1									2747090	8271	1
18-014-CAS_002-1-09192019 SImple	86	Picture	ITI	ITI								2778894	0	1	2004	1	0	next	other	0
18-014-CAS_002-1-09192019 SImple	87	Picture	Study	Study								2780898	0	1	10019	1	0	next	other	0
18-014-CAS_002-1-09192019 SImple	89	Picture	Stim;Main;1;3;212211111;222111111;Right;0	Stim	Main	1	3	212211111	222111111	Right	0	2820973	0	1	40075	1	0	next	hit	86
18-014-CAS_002-1-09192019 SImple	89	Response	2									2828483	7509	1
18-014-CAS_002-1-09192019 SImple	90	Picture	ITI	ITI								2861049	0	1	2004	1	0	next	other	0
18-014-CAS_002-1-09192019 SImple	91	Picture	Study	Study								2863053	0	1	10018	1	0	next	other	0
18-014-CAS_002-1-09192019 SImple	93	Picture	Stim;Main;1;4;212112112;212121112;Right;0	Stim	Main	1	4	212112112	212121112	Right	0	2903128	0	1	40075	1	0	next	hit	90
18-014-CAS_002-1-09192019 SImple	93	Response	2									2911954	8826	1
18-014-CAS_002-1-09192019 SImple	94	Picture	ITI	ITI								2943203	0	1	2004	1	0	next	other	0
18-014-CAS_002-1-09192019 SImple	95	Picture	Study	Study								2945207	0	1	10019	1	0	next	other	0
18-014-CAS_002-1-09192019 SImple	97	Picture	Stim;Main;1;5;111212211;121112211;Left;0	Stim	Main	1	5	111212211	121112211	Left	0	2985282	0	1	40076	1	0	next	hit	94
18-014-CAS_002-1-09192019 SImple	97	Response	1									2991586	6304	1
18-014-CAS_002-1-09192019 SImple	98	Picture	ITI	ITI								3025358	0	1	2004	1	0	next	other	0
18-014-CAS_002-1-09192019 SImple	99	Picture	Study	Study								3027362	0	1	10019	1	0	next	other	0
18-014-CAS_002-1-09192019 SImple	101	Picture	Stim;Main;1;6;111122111;111121211;Left;0	Stim	Main	1	6	111122111	111121211	Left	0	3067437	0	1	40075	1	0	next	hit	98
18-014-CAS_002-1-09192019 SImple	101	Response	1									3075057	7620	1
18-014-CAS_002-1-09192019 SImple	103	Picture	ITI	ITI								3247609	0	1	2004	1	0	next	other	0
18-014-CAS_002-1-09192019 SImple	104	Picture	Study	Study								3249613	0	1	10019	1	0	next	other	0
18-014-CAS_002-1-09192019 SImple	106	Picture	Stim;Main;1;1;112211111;111212111;Right;0	Stim	Main	1	1	112211111	111212111	Right	0	3289689	0	1	40075	1	0	next	hit	102
18-014-CAS_002-1-09192019 SImple	106	Response	2									3297646	7958	1
18-014-CAS_002-1-09192019 SImple	107	Picture	ITI	ITI								3329764	0	1	2004	1	0	next	other	0
18-014-CAS_002-1-09192019 SImple	108	Picture	Study	Study								3331768	0	1	10019	1	0	next	other	0
18-014-CAS_002-1-09192019 SImple	110	Picture	Stim;Main;1;2;122211121;122121121;Left;0	Stim	Main	1	2	122211121	122121121	Left	0	3371843	0	1	40075	1	0	next	hit	106
18-014-CAS_002-1-09192019 SImple	110	Response	1									3380317	8474	1
18-014-CAS_002-1-09192019 SImple	111	Picture	ITI	ITI								3411918	0	1	2004	1	0	next	other	0
18-014-CAS_002-1-09192019 SImple	112	Picture	Study	Study								3413922	0	1	10019	1	0	next	other	0
18-014-CAS_002-1-09192019 SImple	114	Picture	Stim;Main;1;3;121211122;111211222;Right;0	Stim	Main	1	3	121211122	111211222	Right	0	3453998	0	1	40075	1	0	next	hit	110
18-014-CAS_002-1-09192019 SImple	114	Response	2									3461390	7392	1
18-014-CAS_002-1-09192019 SImple	115	Picture	ITI	ITI								3494073	0	1	2004	1	0	next	other	0
18-014-CAS_002-1-09192019 SImple	116	Picture	Study	Study								3496077	0	1	10019	1	0	next	other	0
18-014-CAS_002-1-09192019 SImple	118	Picture	Stim;Main;1;4;112212111;121212111;Right;0	Stim	Main	1	4	112212111	121212111	Right	0	3536152	0	1	40075	1	0	next	hit	114
18-014-CAS_002-1-09192019 SImple	118	Response	2									3545179	9027	1
18-014-CAS_002-1-09192019 SImple	119	Picture	ITI	ITI								3576228	0	1	2004	1	0	next	other	0
18-014-CAS_002-1-09192019 SImple	120	Picture	Study	Study								3578231	0	1	10019	1	0	next	other	0
18-014-CAS_002-1-09192019 SImple	122	Picture	Stim;Main;1;5;122112111;122111121;Left;0	Stim	Main	1	5	122112111	122111121	Left	0	3618307	0	1	40075	1	0	next	hit	118
18-014-CAS_002-1-09192019 SImple	122	Response	1									3623213	4907	1
18-014-CAS_002-1-09192019 SImple	123	Picture	ITI	ITI								3658382	0	1	2004	1	0	next	other	0
18-014-CAS_002-1-09192019 SImple	124	Picture	Study	Study								3660386	0	1	10019	1	0	next	other	0
18-014-CAS_002-1-09192019 SImple	126	Picture	Stim;Main;1;6;111122111;111121211;Left;0	Stim	Main	1	6	111122111	111121211	Left	0	3700461	0	1	40075	1	0	next	hit	122
18-014-CAS_002-1-09192019 SImple	126	Response	1									3705246	4784	1
18-014-CAS_002-1-09192019 SImple	127	Pulse	84									3845162	104626	1
18-014-CAS_002-1-09192019 SImple	128	Quit										4036257	155624	NA
