Scenario - Match to Sample
Logfile written - 09/23/2019 11:03:36

Subject	Trial	Event Type	Code	event_cond(str)	block_name(str)	block_number(num)	trial_number(num)	study_grid(str)	dist_grid(str)	study_side(str)	delay(num)	Time	TTime	Uncertainty	Duration	Uncertainty	ReqTime	ReqDur	Stim Type	Pair Index

18-014-CAS_003-1-09232019 Difficult	0	Pulse	84									367769	367769	1
18-014-CAS_003-1-09232019 Difficult	3	Picture	ITI	ITI								538014	0	1	2004	1	0	next	other	0
18-014-CAS_003-1-09232019 Difficult	4	Picture	Study	Study								540018	0	1	10019	1	0	next	other	0
18-014-CAS_003-1-09232019 Difficult	6	Picture	Stim;Main;1;1;1111121121112111111111111;1211111121112111111111111;Right;0	Stim	Main	1	1	1111121121112111111111111	1211111121112111111111111	Right	0	580093	0	1	40076	1	0	next	hit	5
18-014-CAS_003-1-09232019 Difficult	6	Response	2									593229	13135	1
18-014-CAS_003-1-09232019 Difficult	7	Picture	ITI	ITI								620169	0	1	2004	1	0	next	other	0
18-014-CAS_003-1-09232019 Difficult	8	Picture	Study	Study								622173	0	1	10019	1	0	next	other	0
18-014-CAS_003-1-09232019 Difficult	10	Picture	Stim;Main;1;2;1121111112111111111111111;1121111111121111111111111;Right;0	Stim	Main	1	2	1121111112111111111111111	1121111111121111111111111	Right	0	662248	0	1	40076	1	0	next	hit	9
18-014-CAS_003-1-09232019 Difficult	10	Response	2									669982	7733	1
18-014-CAS_003-1-09232019 Difficult	11	Picture	ITI	ITI								702324	0	1	2004	1	0	next	other	0
18-014-CAS_003-1-09232019 Difficult	12	Picture	Study	Study								704328	0	1	10019	1	0	next	other	0
18-014-CAS_003-1-09232019 Difficult	14	Picture	Stim;Main;1;3;1111111111121111221211111;1111111111121111121211112;Left;0	Stim	Main	1	3	1111111111121111221211111	1111111111121111121211112	Left	0	744403	0	1	40076	1	0	next	hit	13
18-014-CAS_003-1-09232019 Difficult	14	Response	1									753769	9366	1
18-014-CAS_003-1-09232019 Difficult	15	Picture	ITI	ITI								784479	0	1	2004	1	0	next	other	0
18-014-CAS_003-1-09232019 Difficult	16	Picture	Study	Study								786482	0	1	10019	1	0	next	other	0
18-014-CAS_003-1-09232019 Difficult	18	Picture	Stim;Main;1;4;2112111111111121111121111;2112211111111111111121111;Left;0	Stim	Main	1	4	2112111111111121111121111	2112211111111111111121111	Left	0	826558	0	1	40076	1	0	next	hit	17
18-014-CAS_003-1-09232019 Difficult	18	Response	1									836918	10360	1
18-014-CAS_003-1-09232019 Difficult	19	Picture	ITI	ITI								866633	0	1	2004	1	0	next	other	0
18-014-CAS_003-1-09232019 Difficult	20	Picture	Study	Study								868637	0	1	10019	1	0	next	other	0
18-014-CAS_003-1-09232019 Difficult	22	Picture	Stim;Main;1;5;1111112111111111111112111;1111112111211111111111111;Right;0	Stim	Main	1	5	1111112111111111111112111	1111112111211111111111111	Right	0	908713	0	1	40076	1	0	next	hit	21
18-014-CAS_003-1-09232019 Difficult	22	Response	2									918947	10234	1
18-014-CAS_003-1-09232019 Difficult	23	Picture	ITI	ITI								948788	0	1	2004	1	0	next	other	0
18-014-CAS_003-1-09232019 Difficult	24	Picture	Study	Study								950792	0	1	10019	1	0	next	other	0
18-014-CAS_003-1-09232019 Difficult	26	Picture	Stim;Main;1;6;1111121111111111121111111;1111111111111111121111211;Left;0	Stim	Main	1	6	1111121111111111121111111	1111111111111111121111211	Left	0	990868	0	1	40076	1	0	next	hit	25
18-014-CAS_003-1-09232019 Difficult	26	Response	1									997937	7070	1
18-014-CAS_003-1-09232019 Difficult	28	Picture	ITI	ITI								1171041	0	1	2004	1	0	next	other	0
18-014-CAS_003-1-09232019 Difficult	29	Picture	Study	Study								1173044	0	1	10019	1	0	next	other	0
18-014-CAS_003-1-09232019 Difficult	31	Picture	Stim;Main;1;1;1111222111111111111111112;1111222111111111112111111;Right;0	Stim	Main	1	1	1111222111111111111111112	1111222111111111112111111	Right	0	1213120	0	1	40076	1	0	next	hit	29
18-014-CAS_003-1-09232019 Difficult	31	Response	2									1227554	14435	1
18-014-CAS_003-1-09232019 Difficult	32	Picture	ITI	ITI								1253196	0	1	2004	1	0	next	other	0
18-014-CAS_003-1-09232019 Difficult	33	Picture	Study	Study								1255199	0	1	10019	1	0	next	other	0
18-014-CAS_003-1-09232019 Difficult	35	Picture	Stim;Main;1;2;1111111211111111121111121;1121111211111111111111121;Right;0	Stim	Main	1	2	1111111211111111121111121	1121111211111111111111121	Right	0	1295275	0	1	40075	1	0	next	hit	33
18-014-CAS_003-1-09232019 Difficult	35	Response	2									1305906	10631	1
18-014-CAS_003-1-09232019 Difficult	36	Picture	ITI	ITI								1335350	0	1	2004	1	0	next	other	0
18-014-CAS_003-1-09232019 Difficult	37	Picture	Study	Study								1337354	0	1	10019	1	0	next	other	0
18-014-CAS_003-1-09232019 Difficult	39	Picture	Stim;Main;1;3;1112111111111121111121121;1112111111111111111121122;Left;0	Stim	Main	1	3	1112111111111121111121121	1112111111111111111121122	Left	0	1377430	0	1	40076	1	0	next	incorrect	37
18-014-CAS_003-1-09232019 Difficult	39	Response	2									1411441	34011	1
18-014-CAS_003-1-09232019 Difficult	40	Picture	ITI	ITI								1417505	0	1	2004	1	0	next	other	0
18-014-CAS_003-1-09232019 Difficult	41	Picture	Study	Study								1419509	0	1	10019	1	0	next	other	0
18-014-CAS_003-1-09232019 Difficult	42	Response	1									1442460	12932	1
18-014-CAS_003-1-09232019 Difficult	43	Picture	Stim;Main;1;4;1111112121111111111111111;1111112111111112111111111;Left;0	Stim	Main	1	4	1111112121111111111111111	1111112111111112111111111	Left	0	1459584	0	1	40076	1	0	next	hit	42
18-014-CAS_003-1-09232019 Difficult	43	Response	1									1467725	8141	1
18-014-CAS_003-1-09232019 Difficult	43	Response	2									1470421	10837	1
18-014-CAS_003-1-09232019 Difficult	44	Picture	ITI	ITI								1499660	0	1	2004	1	0	next	other	0
18-014-CAS_003-1-09232019 Difficult	45	Picture	Study	Study								1501664	0	1	10019	1	0	next	other	0
18-014-CAS_003-1-09232019 Difficult	47	Picture	Stim;Main;1;5;1111111121211111111111111;1111111121111111111121111;Right;0	Stim	Main	1	5	1111111121211111111111111	1111111121111111111121111	Right	0	1541739	0	1	40075	1	0	next	hit	47
18-014-CAS_003-1-09232019 Difficult	47	Response	2									1553083	11343	1
18-014-CAS_003-1-09232019 Difficult	48	Picture	ITI	ITI								1581815	0	1	2004	1	0	next	other	0
18-014-CAS_003-1-09232019 Difficult	49	Picture	Study	Study								1583819	0	1	10019	1	0	next	other	0
18-014-CAS_003-1-09232019 Difficult	51	Picture	Stim;Main;1;6;2121111111111111111111211;2121111111111111111111112;Left;0	Stim	Main	1	6	2121111111111111111111211	2121111111111111111111112	Left	0	1623894	0	1	40076	1	0	next	hit	51
18-014-CAS_003-1-09232019 Difficult	51	Response	1									1633993	10099	1
18-014-CAS_003-1-09232019 Difficult	53	Picture	ITI	ITI								1804067	0	1	2004	1	0	next	other	0
18-014-CAS_003-1-09232019 Difficult	54	Picture	Study	Study								1806071	0	1	10019	1	0	next	other	0
18-014-CAS_003-1-09232019 Difficult	56	Picture	Stim;Main;1;1;1111111111112111211111111;1111111111111112211111111;Right;0	Stim	Main	1	1	1111111111112111211111111	1111111111111112211111111	Right	0	1846147	0	1	40076	1	0	next	incorrect	55
18-014-CAS_003-1-09232019 Difficult	56	Response	1									1870006	23860	1
18-014-CAS_003-1-09232019 Difficult	56	Response	2									1874324	28177	1
18-014-CAS_003-1-09232019 Difficult	56	Response	2									1879760	33613	1
18-014-CAS_003-1-09232019 Difficult	57	Picture	ITI	ITI								1886222	0	1	2004	1	0	next	other	0
18-014-CAS_003-1-09232019 Difficult	58	Picture	Study	Study								1888226	0	1	10019	1	0	next	other	0
18-014-CAS_003-1-09232019 Difficult	60	Picture	Stim;Main;1;2;1211111211111211111111111;1111111212111211111111111;Right;0	Stim	Main	1	2	1211111211111211111111111	1111111212111211111111111	Right	0	1928301	0	1	40076	1	0	next	hit	61
18-014-CAS_003-1-09232019 Difficult	60	Response	2									1937325	9024	1
18-014-CAS_003-1-09232019 Difficult	61	Picture	ITI	ITI								1968377	0	1	2004	1	0	next	other	0
18-014-CAS_003-1-09232019 Difficult	62	Picture	Study	Study								1970381	0	1	10019	1	0	next	other	0
18-014-CAS_003-1-09232019 Difficult	64	Picture	Stim;Main;1;3;1121111111121111211112111;1111111111121111211122111;Left;0	Stim	Main	1	3	1121111111121111211112111	1111111111121111211122111	Left	0	2010456	0	1	40076	1	0	next	hit	65
18-014-CAS_003-1-09232019 Difficult	64	Response	1									2020473	10017	1
18-014-CAS_003-1-09232019 Difficult	65	Picture	ITI	ITI								2050532	0	1	2004	1	0	next	other	0
18-014-CAS_003-1-09232019 Difficult	66	Picture	Study	Study								2052536	0	1	10019	1	0	next	other	0
18-014-CAS_003-1-09232019 Difficult	68	Picture	Stim;Main;1;4;1111111112111111121111111;1111111121111111121111111;Left;0	Stim	Main	1	4	1111111112111111121111111	1111111121111111121111111	Left	0	2092611	0	1	40076	1	0	next	hit	69
18-014-CAS_003-1-09232019 Difficult	68	Response	1									2118813	26202	1
18-014-CAS_003-1-09232019 Difficult	69	Picture	ITI	ITI								2132687	0	1	2004	1	0	next	other	0
18-014-CAS_003-1-09232019 Difficult	70	Picture	Study	Study								2134690	0	1	10019	1	0	next	other	0
18-014-CAS_003-1-09232019 Difficult	72	Picture	Stim;Main;1;5;1212111111112211111111111;1211111111122211111111111;Right;0	Stim	Main	1	5	1212111111112211111111111	1211111111122211111111111	Right	0	2174766	0	1	40076	1	0	next	hit	73
18-014-CAS_003-1-09232019 Difficult	72	Response	2									2190927	16161	1
18-014-CAS_003-1-09232019 Difficult	73	Picture	ITI	ITI								2214842	0	1	2004	1	0	next	other	0
18-014-CAS_003-1-09232019 Difficult	74	Picture	Study	Study								2216845	0	1	10019	1	0	next	other	0
18-014-CAS_003-1-09232019 Difficult	76	Picture	Stim;Main;1;6;1111111111121111111111211;1111111111121111111112111;Left;0	Stim	Main	1	6	1111111111121111111111211	1111111111121111111112111	Left	0	2257088	0	1	40075	1	0	next	hit	77
18-014-CAS_003-1-09232019 Difficult	76	Response	1									2268000	10912	1
18-014-CAS_003-1-09232019 Difficult	78	Picture	ITI	ITI								2437261	0	1	2004	1	0	next	other	0
18-014-CAS_003-1-09232019 Difficult	79	Picture	Study	Study								2439265	0	1	10019	1	0	next	other	0
18-014-CAS_003-1-09232019 Difficult	81	Picture	Stim;Main;1;1;1111221112111111111111121;1111211112111112111111121;Right;0	Stim	Main	1	1	1111221112111111111111121	1111211112111112111111121	Right	0	2479340	0	1	40075	1	0	next	incorrect	81
18-014-CAS_003-1-09232019 Difficult	81	Response	1									2508810	29470	1
18-014-CAS_003-1-09232019 Difficult	82	Picture	ITI	ITI								2519416	0	1	2004	1	0	next	other	0
18-014-CAS_003-1-09232019 Difficult	83	Picture	Study	Study								2521419	0	1	10019	1	0	next	other	0
18-014-CAS_003-1-09232019 Difficult	85	Picture	Stim;Main;1;2;2111111111111111211111111;2111111111111112111111111;Right;0	Stim	Main	1	2	2111111111111111211111111	2111111111111112111111111	Right	0	2561495	0	1	40076	1	0	next	hit	85
18-014-CAS_003-1-09232019 Difficult	85	Response	2									2580127	18632	1
18-014-CAS_003-1-09232019 Difficult	86	Picture	ITI	ITI								2601570	0	1	2004	1	0	next	other	0
18-014-CAS_003-1-09232019 Difficult	87	Picture	Study	Study								2603574	0	1	10019	1	0	next	other	0
18-014-CAS_003-1-09232019 Difficult	89	Picture	Stim;Main;1;3;1211111111111211111111111;1211121111111111111111111;Left;0	Stim	Main	1	3	1211111111111211111111111	1211121111111111111111111	Left	0	2643650	0	1	40076	1	0	next	hit	89
18-014-CAS_003-1-09232019 Difficult	89	Response	1									2659757	16107	1
18-014-CAS_003-1-09232019 Difficult	90	Picture	ITI	ITI								2683725	0	1	2004	1	0	next	other	0
18-014-CAS_003-1-09232019 Difficult	91	Picture	Study	Study								2685729	0	1	10019	1	0	next	other	0
18-014-CAS_003-1-09232019 Difficult	93	Picture	Stim;Main;1;4;1111111111112111111121111;1111111111111111112121111;Left;0	Stim	Main	1	4	1111111111112111111121111	1111111111111111112121111	Left	0	2725805	0	1	40076	1	0	next	hit	93
18-014-CAS_003-1-09232019 Difficult	93	Response	1									2734590	8786	1
18-014-CAS_003-1-09232019 Difficult	94	Picture	ITI	ITI								2765880	0	1	2004	1	0	next	other	0
18-014-CAS_003-1-09232019 Difficult	95	Picture	Study	Study								2767884	0	1	10019	1	0	next	other	0
18-014-CAS_003-1-09232019 Difficult	97	Picture	Stim;Main;1;5;1111212121111111111211111;1111212111111121111211111;Right;0	Stim	Main	1	5	1111212121111111111211111	1111212111111121111211111	Right	0	2807960	0	1	40076	1	0	next	hit	97
18-014-CAS_003-1-09232019 Difficult	97	Response	2									2821580	13620	1
18-014-CAS_003-1-09232019 Difficult	98	Picture	ITI	ITI								2848035	0	1	2004	1	0	next	other	0
18-014-CAS_003-1-09232019 Difficult	99	Picture	Study	Study								2850039	0	1	10019	1	0	next	other	0
18-014-CAS_003-1-09232019 Difficult	101	Picture	Stim;Main;1;6;1211111111211111111111111;1111111111211111121111111;Left;0	Stim	Main	1	6	1211111111211111111111111	1111111111211111121111111	Left	0	2890114	0	1	40076	1	0	next	hit	101
18-014-CAS_003-1-09232019 Difficult	101	Response	1									2898494	8380	1
18-014-CAS_003-1-09232019 Difficult	103	Picture	ITI	ITI								3070287	0	1	2004	1	0	next	other	0
18-014-CAS_003-1-09232019 Difficult	104	Picture	Study	Study								3072291	0	1	10019	1	0	next	other	0
18-014-CAS_003-1-09232019 Difficult	106	Picture	Stim;Main;1;1;1112212111111211111111111;1111212111111211111111211;Right;0	Stim	Main	1	1	1112212111111211111111111	1111212111111211111111211	Right	0	3112367	0	1	40076	1	0	next	hit	105
18-014-CAS_003-1-09232019 Difficult	106	Response	2									3122356	9990	1
18-014-CAS_003-1-09232019 Difficult	107	Picture	ITI	ITI								3152442	0	1	2004	1	0	next	other	0
18-014-CAS_003-1-09232019 Difficult	108	Picture	Study	Study								3154446	0	1	10019	1	0	next	other	0
18-014-CAS_003-1-09232019 Difficult	110	Picture	Stim;Main;1;2;1111111111112121111212111;1111111121111121111212111;Right;0	Stim	Main	1	2	1111111111112121111212111	1111111121111121111212111	Right	0	3194522	0	1	40075	1	0	next	incorrect	109
18-014-CAS_003-1-09232019 Difficult	110	Response	1									3220375	25854	1
18-014-CAS_003-1-09232019 Difficult	111	Picture	ITI	ITI								3234597	0	1	2004	1	0	next	other	0
18-014-CAS_003-1-09232019 Difficult	112	Picture	Study	Study								3236601	0	1	10019	1	0	next	other	0
18-014-CAS_003-1-09232019 Difficult	114	Picture	Stim;Main;1;3;1111111111112121111211211;2111111111112121111111211;Left;0	Stim	Main	1	3	1111111111112121111211211	2111111111112121111111211	Left	0	3276676	0	1	40076	1	0	next	hit	113
18-014-CAS_003-1-09232019 Difficult	114	Response	1									3290892	14215	1
18-014-CAS_003-1-09232019 Difficult	115	Picture	ITI	ITI								3316752	0	1	2004	1	0	next	other	0
18-014-CAS_003-1-09232019 Difficult	116	Picture	Study	Study								3318756	0	1	10019	1	0	next	other	0
18-014-CAS_003-1-09232019 Difficult	118	Picture	Stim;Main;1;4;2111111121111111111111111;2111111111121111111111111;Left;0	Stim	Main	1	4	2111111121111111111111111	2111111111121111111111111	Left	0	3358831	0	1	40075	1	0	next	hit	117
18-014-CAS_003-1-09232019 Difficult	118	Response	1									3371322	12490	1
18-014-CAS_003-1-09232019 Difficult	119	Picture	ITI	ITI								3398907	0	1	2004	1	0	next	other	0
18-014-CAS_003-1-09232019 Difficult	120	Picture	Study	Study								3400911	0	1	10019	1	0	next	other	0
18-014-CAS_003-1-09232019 Difficult	122	Picture	Stim;Main;1;5;1211111111121111111121111;1211111111111111111221111;Right;0	Stim	Main	1	5	1211111111121111111121111	1211111111111111111221111	Right	0	3440986	0	1	40075	1	0	next	hit	121
18-014-CAS_003-1-09232019 Difficult	122	Response	2									3454150	13163	1
18-014-CAS_003-1-09232019 Difficult	123	Picture	ITI	ITI								3481062	0	1	2004	1	0	next	other	0
18-014-CAS_003-1-09232019 Difficult	124	Picture	Study	Study								3483066	0	1	10019	1	0	next	other	0
18-014-CAS_003-1-09232019 Difficult	126	Picture	Stim;Main;1;6;1111111121112121111111121;1111121121112121111111111;Left;0	Stim	Main	1	6	1111111121112121111111121	1111121121112121111111111	Left	0	3523141	0	1	40075	1	0	next	hit	125
18-014-CAS_003-1-09232019 Difficult	126	Response	1									3534740	11599	1
18-014-CAS_003-1-09232019 Difficult	127	Pulse	84									3667617	104400	1
18-014-CAS_003-1-09232019 Difficult	128	Quit										3764943	61629	NA
