Scenario - Match to Sample
Logfile written - 09/23/2019 10:56:22

Subject	Trial	Event Type	Code	event_cond(str)	block_name(str)	block_number(num)	trial_number(num)	study_grid(str)	dist_grid(str)	study_side(str)	delay(num)	Time	TTime	Uncertainty	Duration	Uncertainty	ReqTime	ReqDur	Stim Type	Pair Index

18-014-CAS_003-1-09232019	0	Pulse	84									303430	303430	1
18-014-CAS_003-1-09232019	3	Picture	ITI	ITI								473726	0	1	2004	1	0	next	other	0
18-014-CAS_003-1-09232019	4	Picture	Study	Study								475730	0	1	10019	1	0	next	other	0
18-014-CAS_003-1-09232019	6	Picture	Stim;Main;1;1;211121221;211221121;Left;0	Stim	Main	1	1	211121221	211221121	Left	0	515805	0	1	40076	1	0	next	hit	5
18-014-CAS_003-1-09232019	6	Response	1									528732	12926	1
18-014-CAS_003-1-09232019	7	Picture	ITI	ITI								555881	0	1	2004	1	0	next	other	0
18-014-CAS_003-1-09232019	8	Picture	Study	Study								557885	0	1	10019	1	0	next	other	0
18-014-CAS_003-1-09232019	10	Picture	Stim;Main;1;2;111112212;211112211;Right;0	Stim	Main	1	2	111112212	211112211	Right	0	597960	0	1	40076	1	0	next	hit	9
18-014-CAS_003-1-09232019	10	Response	2									611081	13121	1
18-014-CAS_003-1-09232019	11	Picture	ITI	ITI								638036	0	1	2004	1	0	next	other	0
18-014-CAS_003-1-09232019	12	Picture	Study	Study								640040	0	1	10019	1	0	next	other	0
18-014-CAS_003-1-09232019	14	Picture	Stim;Main;1;3;211111222;211121221;Left;0	Stim	Main	1	3	211111222	211121221	Left	0	680115	0	1	40076	1	0	next	hit	13
18-014-CAS_003-1-09232019	14	Response	1									691192	11077	1
18-014-CAS_003-1-09232019	15	Picture	ITI	ITI								720191	0	1	2004	1	0	next	other	0
18-014-CAS_003-1-09232019	16	Picture	Study	Study								722194	0	1	10019	1	0	next	other	0
18-014-CAS_003-1-09232019	18	Picture	Stim;Main;1;4;211111121;111111122;Left;0	Stim	Main	1	4	211111121	111111122	Left	0	762270	0	1	40076	1	0	next	hit	17
18-014-CAS_003-1-09232019	18	Response	1									774821	12551	1
18-014-CAS_003-1-09232019	19	Picture	ITI	ITI								802346	0	1	2004	1	0	next	other	0
18-014-CAS_003-1-09232019	20	Picture	Study	Study								804349	0	1	10019	1	0	next	other	0
18-014-CAS_003-1-09232019	22	Picture	Stim;Main;1;5;222111111;221111121;Right;0	Stim	Main	1	5	222111111	221111121	Right	0	844425	0	1	40076	1	0	next	hit	21
18-014-CAS_003-1-09232019	22	Response	2									852693	8268	1
18-014-CAS_003-1-09232019	23	Picture	ITI	ITI								884501	0	1	2004	1	0	next	other	0
18-014-CAS_003-1-09232019	24	Picture	Study	Study								886504	0	1	10019	1	0	next	other	0
18-014-CAS_003-1-09232019	26	Picture	Stim;Main;1;6;121111112;121121111;Right;0	Stim	Main	1	6	121111112	121121111	Right	0	926580	0	1	40076	1	0	next	hit	25
18-014-CAS_003-1-09232019	26	Response	2									935523	8943	1
18-014-CAS_003-1-09232019	28	Picture	ITI	ITI								1106753	0	1	2004	1	0	next	other	0
18-014-CAS_003-1-09232019	29	Picture	Study	Study								1108757	0	1	10019	1	0	next	other	0
18-014-CAS_003-1-09232019	31	Picture	Stim;Main;1;1;211222111;111222211;Left;0	Stim	Main	1	1	211222111	111222211	Left	0	1148832	0	1	40076	1	0	next	hit	29
18-014-CAS_003-1-09232019	31	Response	1									1157627	8795	1
18-014-CAS_003-1-09232019	32	Picture	ITI	ITI								1188908	0	1	2004	1	0	next	other	0
18-014-CAS_003-1-09232019	33	Picture	Study	Study								1190911	0	1	10019	1	0	next	other	0
18-014-CAS_003-1-09232019	35	Picture	Stim;Main;1;2;111212112;211112112;Right;0	Stim	Main	1	2	111212112	211112112	Right	0	1230987	0	1	40076	1	0	next	hit	33
18-014-CAS_003-1-09232019	35	Response	2									1239178	8191	1
18-014-CAS_003-1-09232019	36	Picture	ITI	ITI								1271063	0	1	2004	1	0	next	other	0
18-014-CAS_003-1-09232019	37	Picture	Study	Study								1273066	0	1	10019	1	0	next	other	0
18-014-CAS_003-1-09232019	39	Picture	Stim;Main;1;3;221112121;221111221;Left;0	Stim	Main	1	3	221112121	221111221	Left	0	1313142	0	1	40076	1	0	next	hit	37
18-014-CAS_003-1-09232019	39	Response	1									1324405	11263	1
18-014-CAS_003-1-09232019	40	Picture	ITI	ITI								1353217	0	1	2004	1	0	next	other	0
18-014-CAS_003-1-09232019	41	Picture	Study	Study								1355221	0	1	10019	1	0	next	other	0
18-014-CAS_003-1-09232019	43	Picture	Stim;Main;1;4;121112112;121112121;Left;0	Stim	Main	1	4	121112112	121112121	Left	0	1395297	0	1	40076	1	0	next	hit	41
18-014-CAS_003-1-09232019	43	Response	1									1407554	12257	1
18-014-CAS_003-1-09232019	44	Picture	ITI	ITI								1435372	0	1	2004	1	0	next	other	0
18-014-CAS_003-1-09232019	45	Picture	Study	Study								1437376	0	1	10019	1	0	next	other	0
18-014-CAS_003-1-09232019	47	Picture	Stim;Main;1;5;122111212;122121211;Right;0	Stim	Main	1	5	122111212	122121211	Right	0	1477452	0	1	40075	1	0	next	hit	45
18-014-CAS_003-1-09232019	47	Response	2									1490863	13411	1
18-014-CAS_003-1-09232019	48	Picture	ITI	ITI								1517527	0	1	2004	1	0	next	other	0
18-014-CAS_003-1-09232019	49	Picture	Study	Study								1519531	0	1	10019	1	0	next	other	0
18-014-CAS_003-1-09232019	51	Picture	Stim;Main;1;6;121111121;112111121;Right;0	Stim	Main	1	6	121111121	112111121	Right	0	1559606	0	1	40076	1	0	next	hit	49
18-014-CAS_003-1-09232019	51	Response	2									1569856	10249	1
18-014-CAS_003-1-09232019	53	Picture	ITI	ITI								1739779	0	1	2004	1	0	next	other	0
18-014-CAS_003-1-09232019	54	Picture	Study	Study								1741783	0	1	10019	1	0	next	other	0
18-014-CAS_003-1-09232019	56	Picture	Stim;Main;1;1;111122211;121121211;Left;0	Stim	Main	1	1	111122211	121121211	Left	0	1781859	0	1	40075	1	0	next	hit	53
18-014-CAS_003-1-09232019	56	Response	1									1788762	6903	1
18-014-CAS_003-1-09232019	57	Picture	ITI	ITI								1821934	0	1	2004	1	0	next	other	0
18-014-CAS_003-1-09232019	58	Picture	Study	Study								1823938	0	1	10019	1	0	next	other	0
18-014-CAS_003-1-09232019	60	Picture	Stim;Main;1;2;122221111;112221211;Right;0	Stim	Main	1	2	122221111	112221211	Right	0	1864014	0	1	40076	1	0	next	hit	57
18-014-CAS_003-1-09232019	60	Response	2									1875108	11095	1
18-014-CAS_003-1-09232019	61	Picture	ITI	ITI								1904089	0	1	2004	1	0	next	other	0
18-014-CAS_003-1-09232019	62	Picture	Study	Study								1906093	0	1	10019	1	0	next	other	0
18-014-CAS_003-1-09232019	64	Picture	Stim;Main;1;3;111221112;211121112;Left;0	Stim	Main	1	3	111221112	211121112	Left	0	1946168	0	1	40076	1	0	next	hit	61
18-014-CAS_003-1-09232019	64	Response	1									1956180	10011	1
18-014-CAS_003-1-09232019	65	Picture	ITI	ITI								1986244	0	1	2004	1	0	next	other	0
18-014-CAS_003-1-09232019	66	Picture	Study	Study								1988248	0	1	10019	1	0	next	other	0
18-014-CAS_003-1-09232019	68	Picture	Stim;Main;1;4;121121122;121121212;Left;0	Stim	Main	1	4	121121122	121121212	Left	0	2028323	0	1	40076	1	0	next	hit	65
18-014-CAS_003-1-09232019	68	Response	1									2036770	8447	1
18-014-CAS_003-1-09232019	69	Picture	ITI	ITI								2068399	0	1	2004	1	0	next	other	0
18-014-CAS_003-1-09232019	70	Picture	Study	Study								2070403	0	1	10019	1	0	next	other	0
18-014-CAS_003-1-09232019	72	Picture	Stim;Main;1;5;222111112;122111122;Right;0	Stim	Main	1	5	222111112	122111122	Right	0	2110478	0	1	40076	1	0	next	hit	69
18-014-CAS_003-1-09232019	72	Response	2									2119760	9282	1
18-014-CAS_003-1-09232019	73	Picture	ITI	ITI								2150554	0	1	2004	1	0	next	other	0
18-014-CAS_003-1-09232019	74	Picture	Study	Study								2152558	0	1	10019	1	0	next	other	0
18-014-CAS_003-1-09232019	76	Picture	Stim;Main;1;6;121211122;122111122;Right;0	Stim	Main	1	6	121211122	122111122	Right	0	2192633	0	1	40076	1	0	next	hit	73
18-014-CAS_003-1-09232019	76	Response	2									2207228	14595	1
18-014-CAS_003-1-09232019	78	Picture	ITI	ITI								2372806	0	1	2004	1	0	next	other	0
18-014-CAS_003-1-09232019	79	Picture	Study	Study								2374810	0	1	10019	1	0	next	other	0
18-014-CAS_003-1-09232019	81	Picture	Stim;Main;1;1;211111112;111112112;Left;0	Stim	Main	1	1	211111112	111112112	Left	0	2414885	0	1	40076	1	0	next	hit	77
18-014-CAS_003-1-09232019	81	Response	1									2424694	9809	1
18-014-CAS_003-1-09232019	82	Picture	ITI	ITI								2454961	0	1	2004	1	0	next	other	0
18-014-CAS_003-1-09232019	83	Picture	Study	Study								2456965	0	1	10019	1	0	next	other	0
18-014-CAS_003-1-09232019	85	Picture	Stim;Main;1;2;111121112;111111212;Right;0	Stim	Main	1	2	111121112	111111212	Right	0	2497040	0	1	40076	1	0	next	hit	81
18-014-CAS_003-1-09232019	85	Response	2									2506404	9364	1
18-014-CAS_003-1-09232019	86	Picture	ITI	ITI								2537116	0	1	2004	1	0	next	other	0
18-014-CAS_003-1-09232019	87	Picture	Study	Study								2539120	0	1	10019	1	0	next	other	0
18-014-CAS_003-1-09232019	89	Picture	Stim;Main;1;3;111211211;111111212;Left;0	Stim	Main	1	3	111211211	111111212	Left	0	2579195	0	1	40076	1	0	next	hit	85
18-014-CAS_003-1-09232019	89	Response	1									2585395	6200	1
18-014-CAS_003-1-09232019	90	Picture	ITI	ITI								2619271	0	1	2004	1	0	next	other	0
18-014-CAS_003-1-09232019	91	Picture	Study	Study								2621274	0	1	10019	1	0	next	other	0
18-014-CAS_003-1-09232019	93	Picture	Stim;Main;1;4;211121221;211221121;Left;0	Stim	Main	1	4	211121221	211221121	Left	0	2661350	0	1	40075	1	0	next	hit	89
18-014-CAS_003-1-09232019	93	Response	1									2669984	8634	1
18-014-CAS_003-1-09232019	94	Picture	ITI	ITI								2701426	0	1	2004	1	0	next	other	0
18-014-CAS_003-1-09232019	95	Picture	Study	Study								2703429	0	1	10019	1	0	next	other	0
18-014-CAS_003-1-09232019	97	Picture	Stim;Main;1;5;112211121;211211121;Right;0	Stim	Main	1	5	112211121	211211121	Right	0	2743505	0	1	40076	1	0	next	hit	93
18-014-CAS_003-1-09232019	97	Response	2									2755053	11549	1
18-014-CAS_003-1-09232019	98	Picture	ITI	ITI								2783580	0	1	2004	1	0	next	other	0
18-014-CAS_003-1-09232019	99	Picture	Study	Study								2785584	0	1	10019	1	0	next	other	0
18-014-CAS_003-1-09232019	101	Picture	Stim;Main;1;6;122112211;112212211;Right;0	Stim	Main	1	6	122112211	112212211	Right	0	2825660	0	1	40076	1	0	next	hit	97
18-014-CAS_003-1-09232019	101	Response	2									2834685	9025	1
18-014-CAS_003-1-09232019	103	Picture	ITI	ITI								3005833	0	1	2004	1	0	next	other	0
18-014-CAS_003-1-09232019	104	Picture	Study	Study								3007836	0	1	10019	1	0	next	other	0
18-014-CAS_003-1-09232019	106	Picture	Stim;Main;1;1;112122111;111122112;Left;0	Stim	Main	1	1	112122111	111122112	Left	0	3047912	0	1	40076	1	0	next	hit	101
18-014-CAS_003-1-09232019	106	Response	1									3057586	9675	1
18-014-CAS_003-1-09232019	107	Picture	ITI	ITI								3087988	0	1	2004	1	0	next	other	0
18-014-CAS_003-1-09232019	108	Picture	Study	Study								3089991	0	1	10019	1	0	next	other	0
18-014-CAS_003-1-09232019	110	Picture	Stim;Main;1;2;112122121;211122121;Right;0	Stim	Main	1	2	112122121	211122121	Right	0	3130067	0	1	40076	1	0	next	hit	105
18-014-CAS_003-1-09232019	110	Response	2									3138977	8910	1
18-014-CAS_003-1-09232019	111	Picture	ITI	ITI								3170142	0	1	2004	1	0	next	other	0
18-014-CAS_003-1-09232019	112	Picture	Study	Study								3172146	0	1	10019	1	0	next	other	0
18-014-CAS_003-1-09232019	114	Picture	Stim;Main;1;3;211121212;212111212;Left;0	Stim	Main	1	3	211121212	212111212	Left	0	3212222	0	1	40076	1	0	next	hit	109
18-014-CAS_003-1-09232019	114	Response	1									3220367	8145	1
18-014-CAS_003-1-09232019	115	Picture	ITI	ITI								3252297	0	1	2004	1	0	next	other	0
18-014-CAS_003-1-09232019	116	Picture	Study	Study								3254301	0	1	10019	1	0	next	other	0
18-014-CAS_003-1-09232019	118	Picture	Stim;Main;1;4;211121111;111221111;Left;0	Stim	Main	1	4	211121111	111221111	Left	0	3294377	0	1	40075	1	0	next	hit	113
18-014-CAS_003-1-09232019	118	Response	1									3300799	6422	1
18-014-CAS_003-1-09232019	119	Picture	ITI	ITI								3334452	0	1	2004	1	0	next	other	0
18-014-CAS_003-1-09232019	120	Picture	Study	Study								3336456	0	1	10019	1	0	next	other	0
18-014-CAS_003-1-09232019	122	Picture	Stim;Main;1;5;121212121;121112221;Right;0	Stim	Main	1	5	121212121	121112221	Right	0	3376531	0	1	40076	1	0	next	hit	117
18-014-CAS_003-1-09232019	122	Response	2									3382509	5977	1
18-014-CAS_003-1-09232019	123	Picture	ITI	ITI								3416607	0	1	2004	1	0	next	other	0
18-014-CAS_003-1-09232019	124	Picture	Study	Study								3418611	0	1	10019	1	0	next	other	0
18-014-CAS_003-1-09232019	126	Picture	Stim;Main;1;6;111211212;112211211;Right;0	Stim	Main	1	6	111211212	112211211	Right	0	3458686	0	1	40075	1	0	next	hit	121
18-014-CAS_003-1-09232019	126	Response	2									3469497	10810	1
18-014-CAS_003-1-09232019	126	Response	2									3472215	13529	1
18-014-CAS_003-1-09232019	127	Pulse	84									3603335	104573	1
18-014-CAS_003-1-09232019	128	Quit										3681171	42312	NA
