Scenario - Match to Sample
Logfile written - 07/24/2019 10:42:34

Subject	Trial	Event Type	Code	event_cond(str)	block_name(str)	block_number(num)	trial_number(num)	study_grid(str)	dist_grid(str)	study_side(str)	delay(num)	Time	TTime	Uncertainty	Duration	Uncertainty	ReqTime	ReqDur	Stim Type	Pair Index

18-014_CAS001-1-07242019 Simple	0	Response	1									39879	39879	1
18-014_CAS001-1-07242019 Simple	0	Response	1									66581	66581	1
18-014_CAS001-1-07242019 Simple	0	Response	1									92325	92325	1
18-014_CAS001-1-07242019 Simple	0	Response	2									114071	114071	1
18-014_CAS001-1-07242019 Simple	0	Response	2									127662	127662	1
18-014_CAS001-1-07242019 Simple	0	Response	1									281001	281001	1
18-014_CAS001-1-07242019 Simple	0	Pulse	84									1271240	1271240	1
18-014_CAS001-1-07242019 Simple	3	Picture	ITI	ITI								1441561	0	1	2004	1	0	next	other	0
18-014_CAS001-1-07242019 Simple	4	Picture	Study	Study								1443565	0	1	10019	1	0	next	other	0
18-014_CAS001-1-07242019 Simple	6	Picture	Stim;Main;1;1;211112121;221112111;Right;0	Stim	Main	1	1	211112121	221112111	Right	0	1483641	0	1	40076	1	0	next	hit	11
18-014_CAS001-1-07242019 Simple	6	Response	2									1494195	10554	1
18-014_CAS001-1-07242019 Simple	6	Response	2									1509705	26064	1
18-014_CAS001-1-07242019 Simple	7	Picture	ITI	ITI								1523717	0	1	2004	1	0	next	other	0
18-014_CAS001-1-07242019 Simple	8	Picture	Study	Study								1525720	0	1	10019	1	0	next	other	0
18-014_CAS001-1-07242019 Simple	10	Picture	Stim;Main;1;2;111212111;111211211;Right;0	Stim	Main	1	2	111212111	111211211	Right	0	1565796	0	1	40076	1	0	next	hit	16
18-014_CAS001-1-07242019 Simple	10	Response	2									1574243	8447	1
18-014_CAS001-1-07242019 Simple	11	Picture	ITI	ITI								1605872	0	1	2004	1	0	next	other	0
18-014_CAS001-1-07242019 Simple	12	Picture	Study	Study								1607876	0	1	10019	1	0	next	other	0
18-014_CAS001-1-07242019 Simple	14	Picture	Stim;Main;1;3;211111121;111111122;Left;0	Stim	Main	1	3	211111121	111111122	Left	0	1647952	0	1	40076	1	0	next	hit	20
18-014_CAS001-1-07242019 Simple	14	Response	1									1654670	6719	1
18-014_CAS001-1-07242019 Simple	15	Picture	ITI	ITI								1688028	0	1	2004	1	0	next	other	0
18-014_CAS001-1-07242019 Simple	16	Picture	Study	Study								1690031	0	1	10019	1	0	next	other	0
18-014_CAS001-1-07242019 Simple	18	Picture	Stim;Main;1;4;112112122;111122122;Left;0	Stim	Main	1	4	112112122	111122122	Left	0	1730107	0	1	40076	1	0	next	hit	24
18-014_CAS001-1-07242019 Simple	18	Response	1									1736697	6590	1
18-014_CAS001-1-07242019 Simple	19	Picture	ITI	ITI								1770183	0	1	2004	1	0	next	other	0
18-014_CAS001-1-07242019 Simple	20	Picture	Study	Study								1772187	0	1	10019	1	0	next	other	0
18-014_CAS001-1-07242019 Simple	22	Picture	Stim;Main;1;5;112111211;211111211;Right;0	Stim	Main	1	5	112111211	211111211	Right	0	1812263	0	1	40076	1	0	next	hit	28
18-014_CAS001-1-07242019 Simple	22	Response	2									1819203	6940	1
18-014_CAS001-1-07242019 Simple	23	Picture	ITI	ITI								1852338	0	1	2004	1	0	next	other	0
18-014_CAS001-1-07242019 Simple	24	Picture	Study	Study								1854342	0	1	10019	1	0	next	other	0
18-014_CAS001-1-07242019 Simple	26	Picture	Stim;Main;1;6;121211112;121221111;Left;0	Stim	Main	1	6	121211112	121221111	Left	0	1894418	0	1	40076	1	0	next	hit	32
18-014_CAS001-1-07242019 Simple	26	Response	1									1903789	9371	1
18-014_CAS001-1-07242019 Simple	28	Picture	ITI	ITI								2074592	0	1	2004	1	0	next	other	0
18-014_CAS001-1-07242019 Simple	29	Picture	Study	Study								2076596	0	1	10019	1	0	next	other	0
18-014_CAS001-1-07242019 Simple	31	Picture	Stim;Main;1;1;221121112;121121122;Right;0	Stim	Main	1	1	221121112	121121122	Right	0	2116672	0	1	40076	1	0	next	hit	36
18-014_CAS001-1-07242019 Simple	31	Response	2									2124446	7774	1
18-014_CAS001-1-07242019 Simple	32	Picture	ITI	ITI								2156748	0	1	2004	1	0	next	other	0
18-014_CAS001-1-07242019 Simple	33	Picture	Study	Study								2158752	0	1	10019	1	0	next	other	0
18-014_CAS001-1-07242019 Simple	35	Picture	Stim;Main;1;2;111121112;111111212;Right;0	Stim	Main	1	2	111121112	111111212	Right	0	2198827	0	1	40076	1	0	next	hit	40
18-014_CAS001-1-07242019 Simple	35	Response	2									2205995	7167	1
18-014_CAS001-1-07242019 Simple	36	Picture	ITI	ITI								2238903	0	1	2004	1	0	next	other	0
18-014_CAS001-1-07242019 Simple	37	Picture	Study	Study								2240907	0	1	10019	1	0	next	other	0
18-014_CAS001-1-07242019 Simple	39	Picture	Stim;Main;1;3;111111122;111121112;Left;0	Stim	Main	1	3	111111122	111121112	Left	0	2280983	0	1	40076	1	0	next	hit	44
18-014_CAS001-1-07242019 Simple	39	Response	1									2289619	8636	1
18-014_CAS001-1-07242019 Simple	40	Picture	ITI	ITI								2321059	0	1	2004	1	0	next	other	0
18-014_CAS001-1-07242019 Simple	41	Picture	Study	Study								2323062	0	1	10019	1	0	next	other	0
18-014_CAS001-1-07242019 Simple	43	Picture	Stim;Main;1;4;111122111;121121111;Left;0	Stim	Main	1	4	111122111	121121111	Left	0	2363138	0	1	40076	1	0	next	hit	48
18-014_CAS001-1-07242019 Simple	43	Response	1									2368768	5630	1
18-014_CAS001-1-07242019 Simple	44	Picture	ITI	ITI								2403214	0	1	2004	1	0	next	other	0
18-014_CAS001-1-07242019 Simple	45	Picture	Study	Study								2405218	0	1	10019	1	0	next	other	0
18-014_CAS001-1-07242019 Simple	47	Picture	Stim;Main;1;5;211211111;121211111;Right;0	Stim	Main	1	5	211211111	121211111	Right	0	2445294	0	1	40076	1	0	next	hit	52
18-014_CAS001-1-07242019 Simple	47	Response	2									2452076	6782	1
18-014_CAS001-1-07242019 Simple	48	Picture	ITI	ITI								2485370	0	1	2004	1	0	next	other	0
18-014_CAS001-1-07242019 Simple	49	Picture	Study	Study								2487373	0	1	10019	1	0	next	other	0
18-014_CAS001-1-07242019 Simple	51	Picture	Stim;Main;1;6;121211221;122211211;Left;0	Stim	Main	1	6	121211221	122211211	Left	0	2527449	0	1	40076	1	0	next	hit	56
18-014_CAS001-1-07242019 Simple	51	Response	1									2538739	11289	1
18-014_CAS001-1-07242019 Simple	53	Picture	ITI	ITI								2707624	0	1	2004	1	0	next	other	0
18-014_CAS001-1-07242019 Simple	54	Picture	Study	Study								2709627	0	1	10019	1	0	next	other	0
18-014_CAS001-1-07242019 Simple	56	Picture	Stim;Main;1;1;211211121;221111121;Right;0	Stim	Main	1	1	211211121	221111121	Right	0	2749703	0	1	40076	1	0	next	hit	60
18-014_CAS001-1-07242019 Simple	56	Response	2									2757797	8094	1
18-014_CAS001-1-07242019 Simple	57	Picture	ITI	ITI								2789779	0	1	2004	1	0	next	other	0
18-014_CAS001-1-07242019 Simple	58	Picture	Study	Study								2791783	0	1	10019	1	0	next	other	0
18-014_CAS001-1-07242019 Simple	60	Picture	Stim;Main;1;2;221111112;222111111;Right;0	Stim	Main	1	2	221111112	222111111	Right	0	2831859	0	1	40076	1	0	next	hit	64
18-014_CAS001-1-07242019 Simple	60	Response	2									2839026	7167	1
18-014_CAS001-1-07242019 Simple	61	Picture	ITI	ITI								2871934	0	1	2004	1	0	next	other	0
18-014_CAS001-1-07242019 Simple	62	Picture	Study	Study								2873938	0	1	10019	1	0	next	other	0
18-014_CAS001-1-07242019 Simple	64	Picture	Stim;Main;1;3;111222111;111212112;Left;0	Stim	Main	1	3	111222111	111212112	Left	0	2914014	0	1	40076	1	0	next	hit	68
18-014_CAS001-1-07242019 Simple	64	Response	1									2920891	6877	1
18-014_CAS001-1-07242019 Simple	65	Picture	ITI	ITI								2954090	0	1	2004	1	0	next	other	0
18-014_CAS001-1-07242019 Simple	66	Picture	Study	Study								2956094	0	1	10019	1	0	next	other	0
18-014_CAS001-1-07242019 Simple	68	Picture	Stim;Main;1;4;211221111;212121111;Left;0	Stim	Main	1	4	211221111	212121111	Left	0	2996170	0	1	40076	1	0	next	hit	72
18-014_CAS001-1-07242019 Simple	68	Response	1									3003720	7550	1
18-014_CAS001-1-07242019 Simple	69	Picture	ITI	ITI								3036245	0	1	2004	1	0	next	other	0
18-014_CAS001-1-07242019 Simple	70	Picture	Study	Study								3038249	0	1	10019	1	0	next	other	0
18-014_CAS001-1-07242019 Simple	72	Picture	Stim;Main;1;5;111121211;111211211;Right;0	Stim	Main	1	5	111121211	111211211	Right	0	3078325	0	1	40076	1	0	next	hit	76
18-014_CAS001-1-07242019 Simple	72	Response	2									3086386	8060	1
18-014_CAS001-1-07242019 Simple	73	Picture	ITI	ITI								3118401	0	1	2004	1	0	next	other	0
18-014_CAS001-1-07242019 Simple	74	Picture	Study	Study								3120405	0	1	10019	1	0	next	other	0
18-014_CAS001-1-07242019 Simple	76	Picture	Stim;Main;1;6;111122121;112122111;Left;0	Stim	Main	1	6	111122121	112122111	Left	0	3160481	0	1	40076	1	0	next	hit	80
18-014_CAS001-1-07242019 Simple	76	Response	1									3167134	6653	1
18-014_CAS001-1-07242019 Simple	78	Picture	ITI	ITI								3340655	0	1	2004	1	0	next	other	0
18-014_CAS001-1-07242019 Simple	79	Picture	Study	Study								3342659	0	1	10019	1	0	next	other	0
18-014_CAS001-1-07242019 Simple	81	Picture	Stim;Main;1;1;111122122;112121122;Right;0	Stim	Main	1	1	111122122	112121122	Right	0	3382734	0	1	40076	1	0	next	hit	84
18-014_CAS001-1-07242019 Simple	81	Response	2									3389070	6336	1
18-014_CAS001-1-07242019 Simple	82	Picture	ITI	ITI								3422810	0	1	2004	1	0	next	other	0
18-014_CAS001-1-07242019 Simple	83	Picture	Study	Study								3424814	0	1	10019	1	0	next	other	0
18-014_CAS001-1-07242019 Simple	85	Picture	Stim;Main;1;2;112121121;121121121;Right;0	Stim	Main	1	2	112121121	121121121	Right	0	3464890	0	1	40076	1	0	next	hit	88
18-014_CAS001-1-07242019 Simple	85	Response	2									3472697	7807	1
18-014_CAS001-1-07242019 Simple	86	Picture	ITI	ITI								3504966	0	1	2004	1	0	next	other	0
18-014_CAS001-1-07242019 Simple	87	Picture	Study	Study								3506969	0	1	10019	1	0	next	other	0
18-014_CAS001-1-07242019 Simple	89	Picture	Stim;Main;1;3;212111121;222111111;Left;0	Stim	Main	1	3	212111121	222111111	Left	0	3547045	0	1	40076	1	0	next	hit	92
18-014_CAS001-1-07242019 Simple	89	Response	1									3553764	6719	1
18-014_CAS001-1-07242019 Simple	90	Picture	ITI	ITI								3587121	0	1	2004	1	0	next	other	0
18-014_CAS001-1-07242019 Simple	91	Picture	Study	Study								3589125	0	1	10019	1	0	next	other	0
18-014_CAS001-1-07242019 Simple	93	Picture	Stim;Main;1;4;112112121;112122111;Left;0	Stim	Main	1	4	112112121	112122111	Left	0	3629201	0	1	40076	1	0	next	hit	96
18-014_CAS001-1-07242019 Simple	93	Response	1									3635793	6592	1
18-014_CAS001-1-07242019 Simple	94	Picture	ITI	ITI								3669277	0	1	2004	1	0	next	other	0
18-014_CAS001-1-07242019 Simple	95	Picture	Study	Study								3671280	0	1	10019	1	0	next	other	0
18-014_CAS001-1-07242019 Simple	97	Picture	Stim;Main;1;5;121211111;112211111;Right;0	Stim	Main	1	5	121211111	112211111	Right	0	3711356	0	1	40076	1	0	next	hit	100
18-014_CAS001-1-07242019 Simple	97	Response	2									3720058	8702	1
18-014_CAS001-1-07242019 Simple	98	Picture	ITI	ITI								3751432	0	1	2004	1	0	next	other	0
18-014_CAS001-1-07242019 Simple	99	Picture	Study	Study								3753436	0	1	10019	1	0	next	other	0
18-014_CAS001-1-07242019 Simple	101	Picture	Stim;Main;1;6;112121112;122121111;Left;0	Stim	Main	1	6	112121112	122121111	Left	0	3793512	0	1	40076	1	0	next	hit	104
18-014_CAS001-1-07242019 Simple	101	Response	1									3800805	7293	1
18-014_CAS001-1-07242019 Simple	103	Picture	ITI	ITI								3973686	0	1	2004	1	0	next	other	0
18-014_CAS001-1-07242019 Simple	104	Picture	Study	Study								3975690	0	1	10019	1	0	next	other	0
18-014_CAS001-1-07242019 Simple	106	Picture	Stim;Main;1;1;122112121;121122121;Right;0	Stim	Main	1	1	122112121	121122121	Right	0	4015766	0	1	40076	1	0	next	hit	108
18-014_CAS001-1-07242019 Simple	106	Response	2									4023860	8095	1
18-014_CAS001-1-07242019 Simple	107	Picture	ITI	ITI								4055841	0	1	2004	1	0	next	other	0
18-014_CAS001-1-07242019 Simple	108	Picture	Study	Study								4057845	0	1	10019	1	0	next	other	0
18-014_CAS001-1-07242019 Simple	110	Picture	Stim;Main;1;2;112121221;111221221;Right;0	Stim	Main	1	2	112121221	111221221	Right	0	4097921	0	1	40076	1	0	next	hit	112
18-014_CAS001-1-07242019 Simple	110	Response	2									4105407	7486	1
18-014_CAS001-1-07242019 Simple	111	Picture	ITI	ITI								4137997	0	1	2004	1	0	next	other	0
18-014_CAS001-1-07242019 Simple	112	Picture	Study	Study								4140001	0	1	10019	1	0	next	other	0
18-014_CAS001-1-07242019 Simple	114	Picture	Stim;Main;1;3;221211111;121211121;Left;0	Stim	Main	1	3	221211111	121211121	Left	0	4180076	0	1	40076	1	0	next	hit	116
18-014_CAS001-1-07242019 Simple	114	Response	1									4189673	9597	1
18-014_CAS001-1-07242019 Simple	115	Picture	ITI	ITI								4220152	0	1	2004	1	0	next	other	0
18-014_CAS001-1-07242019 Simple	116	Picture	Study	Study								4222156	0	1	10019	1	0	next	other	0
18-014_CAS001-1-07242019 Simple	118	Picture	Stim;Main;1;4;212211121;221211121;Left;0	Stim	Main	1	4	212211121	221211121	Left	0	4262232	0	1	40076	1	0	next	hit	120
18-014_CAS001-1-07242019 Simple	118	Response	1									4273617	11385	1
18-014_CAS001-1-07242019 Simple	119	Picture	ITI	ITI								4302308	0	1	2004	1	0	next	other	0
18-014_CAS001-1-07242019 Simple	120	Picture	Study	Study								4304312	0	1	10019	1	0	next	other	0
18-014_CAS001-1-07242019 Simple	122	Picture	Stim;Main;1;5;112112111;112111211;Right;0	Stim	Main	1	5	112112111	112111211	Right	0	4344387	0	1	40076	1	0	next	hit	124
18-014_CAS001-1-07242019 Simple	122	Response	2									4350688	6301	1
18-014_CAS001-1-07242019 Simple	123	Picture	ITI	ITI								4384463	0	1	2004	1	0	next	other	0
18-014_CAS001-1-07242019 Simple	124	Picture	Study	Study								4386467	0	1	10019	1	0	next	other	0
18-014_CAS001-1-07242019 Simple	126	Picture	Stim;Main;1;6;221112121;122112121;Left;0	Stim	Main	1	6	221112121	122112121	Left	0	4426543	0	1	40076	1	0	next	hit	128
18-014_CAS001-1-07242019 Simple	126	Response	1									4436073	9530	1
18-014_CAS001-1-07242019 Simple	127	Pulse	84									4571024	104406	1
18-014_CAS001-1-07242019 Simple	128	Quit										4652383	45666	NA
