Scenario - Match to Sample
Logfile written - 04/25/2019 11:45:57

Subject	Trial	Event Type	Code	event_cond(str)	block_name(str)	block_number(num)	trial_number(num)	study_grid(str)	dist_grid(str)	study_side(str)	delay(num)	Time	TTime	Uncertainty	Duration	Uncertainty	ReqTime	ReqDur	Stim Type	Pair Index

18-008-TD004_S002-0004	0	Pulse	84									3772963	3772963	1
18-008-TD004_S002-0004	3	Picture	ITI	ITI								3943191	0	1	2004	1	0	next	other	0
18-008-TD004_S002-0004	4	Picture	Study	Study								3945194	0	1	10018	1	0	next	other	0
18-008-TD004_S002-0004	6	Picture	Stim;Main;1;1;111111111111121112111121111211111111;111111111111111112111121111211211111;Right;0	Stim	Main	1	1	111111111111121112111121111211111111	111111111111111112111121111211211111	Right	0	3982262	0	1	40073	1	0	next	incorrect	5
18-008-TD004_S002-0004	6	Response	1									3996174	13912	1
18-008-TD004_S002-0004	7	Picture	ITI	ITI								4022335	0	1	2004	1	0	next	other	0
18-008-TD004_S002-0004	8	Picture	Study	Study								4024339	0	1	10018	1	0	next	other	0
18-008-TD004_S002-0004	10	Picture	Stim;Main;1;2;121111111111121111211111211111111111;121111111111121111211111111111121111;Left;0	Stim	Main	1	2	121111111111121111211111211111111111	121111111111121111211111111111121111	Left	0	4061406	0	1	40073	1	0	next	hit	9
18-008-TD004_S002-0004	10	Response	1									4074041	12634	1
18-008-TD004_S002-0004	11	Picture	ITI	ITI								4101479	0	1	2004	1	0	next	other	0
18-008-TD004_S002-0004	12	Picture	Study	Study								4103483	0	1	10018	1	0	next	other	0
18-008-TD004_S002-0004	14	Picture	Stim;Main;1;3;111111111111111211111112111111111112;111111111111111211111111111111112112;Left;0	Stim	Main	1	3	111111111111111211111112111111111112	111111111111111211111111111111112112	Left	0	4140551	0	1	40073	1	0	next	hit	13
18-008-TD004_S002-0004	14	Response	1									4153987	13436	1
18-008-TD004_S002-0004	15	Picture	ITI	ITI								4180624	0	1	2004	1	0	next	other	0
18-008-TD004_S002-0004	16	Picture	Study	Study								4182627	0	1	10018	1	0	next	other	0
18-008-TD004_S002-0004	18	Picture	Stim;Main;1;4;211111211111111111111211111111211111;211111111111111111111221111111211111;Right;0	Stim	Main	1	4	211111211111111111111211111111211111	211111111111111111111221111111211111	Right	0	4219695	0	1	40073	1	0	next	hit	17
18-008-TD004_S002-0004	18	Response	2									4234573	14878	1
18-008-TD004_S002-0004	19	Picture	ITI	ITI								4259768	0	1	2004	1	0	next	other	0
18-008-TD004_S002-0004	20	Picture	Study	Study								4261772	0	1	10018	1	0	next	other	0
18-008-TD004_S002-0004	22	Picture	Stim;Main;1;5;111111111111111111121111111111111121;111111111111111211111111111111111121;Left;0	Stim	Main	1	5	111111111111111111121111111111111121	111111111111111211111111111111111121	Left	0	4298839	0	1	40073	1	0	next	hit	21
18-008-TD004_S002-0004	22	Response	1									4308444	9604	1
18-008-TD004_S002-0004	23	Picture	ITI	ITI								4338913	0	1	2004	1	0	next	other	0
18-008-TD004_S002-0004	24	Picture	Study	Study								4340916	0	1	10018	1	0	next	other	0
18-008-TD004_S002-0004	26	Picture	Stim;Main;1;6;211111111111112111111112111112111111;211111111111111111111112111112111121;Right;0	Stim	Main	1	6	211111111111112111111112111112111111	211111111111111111111112111112111121	Right	0	4377984	0	1	40073	1	0	next	hit	25
18-008-TD004_S002-0004	26	Response	2									4389350	11366	1
18-008-TD004_S002-0004	28	Picture	ITI	ITI								4558146	0	1	2004	1	0	next	other	0
18-008-TD004_S002-0004	29	Picture	Study	Study								4560149	0	1	10018	1	0	next	other	0
18-008-TD004_S002-0004	31	Picture	Stim;Main;1;1;211111112111111111111111111111111111;111111122111111111111111111111111111;Right;0	Stim	Main	1	1	211111112111111111111111111111111111	111111122111111111111111111111111111	Right	0	4597217	0	1	40073	1	0	next	hit	29
18-008-TD004_S002-0004	31	Response	2									4607124	9907	1
18-008-TD004_S002-0004	32	Picture	ITI	ITI								4637290	0	1	2004	1	0	next	other	0
18-008-TD004_S002-0004	33	Picture	Study	Study								4639294	0	1	10018	1	0	next	other	0
18-008-TD004_S002-0004	35	Picture	Stim;Main;1;2;121111111111111211111111111121121111;121111111112111211111111111111121111;Left;0	Stim	Main	1	2	121111111111111211111111111121121111	121111111112111211111111111111121111	Left	0	4676361	0	1	40073	1	0	next	hit	33
18-008-TD004_S002-0004	35	Response	1									4687713	11352	1
18-008-TD004_S002-0004	36	Picture	ITI	ITI								4716434	0	1	2004	1	0	next	other	0
18-008-TD004_S002-0004	37	Picture	Study	Study								4718438	0	1	10018	1	0	next	other	0
18-008-TD004_S002-0004	39	Picture	Stim;Main;1;3;111111111111111111111111112111112111;111111111112111111111111111111112111;Left;0	Stim	Main	1	3	111111111111111111111111112111112111	111111111112111111111111111111112111	Left	0	4755506	0	1	40073	1	0	next	hit	37
18-008-TD004_S002-0004	39	Response	1									4763823	8318	1
18-008-TD004_S002-0004	40	Picture	ITI	ITI								4795579	0	1	2004	1	0	next	other	0
18-008-TD004_S002-0004	41	Picture	Study	Study								4797582	0	1	10018	1	0	next	other	0
18-008-TD004_S002-0004	43	Picture	Stim;Main;1;4;111111111111111121111111211111111111;111111111121111121111111111111111111;Right;0	Stim	Main	1	4	111111111111111121111111211111111111	111111111121111121111111111111111111	Right	0	4834650	0	1	40073	1	0	next	hit	41
18-008-TD004_S002-0004	43	Response	2									4843450	8800	1
18-008-TD004_S002-0004	44	Picture	ITI	ITI								4874723	0	1	2004	1	0	next	other	0
18-008-TD004_S002-0004	45	Picture	Study	Study								4876727	0	1	10018	1	0	next	other	0
18-008-TD004_S002-0004	47	Picture	Stim;Main;1;5;121111121111111111111211111111111111;121111111111111111111211111112111111;Left;0	Stim	Main	1	5	121111121111111111111211111111111111	121111111111111111111211111112111111	Left	0	4913794	0	1	40073	1	0	next	hit	45
18-008-TD004_S002-0004	47	Response	1									4922757	8963	1
18-008-TD004_S002-0004	48	Picture	ITI	ITI								4953867	0	1	2004	1	0	next	other	0
18-008-TD004_S002-0004	49	Picture	Study	Study								4955871	0	1	10018	1	0	next	other	0
18-008-TD004_S002-0004	51	Picture	Stim;Main;1;6;111111111111111211111112111111111111;111111111111111211111111111111211111;Right;0	Stim	Main	1	6	111111111111111211111112111111111111	111111111111111211111111111111211111	Right	0	4992939	0	1	40073	1	0	next	hit	49
18-008-TD004_S002-0004	51	Response	2									5001745	8806	1
18-008-TD004_S002-0004	53	Picture	ITI	ITI								5173101	0	1	2004	1	0	next	other	0
18-008-TD004_S002-0004	54	Picture	Study	Study								5175104	0	1	10018	1	0	next	other	0
18-008-TD004_S002-0004	56	Picture	Stim;Main;1;1;111111121111211111111111111111111111;111111111111211111111111111111112111;Right;0	Stim	Main	1	1	111111121111211111111111111111111111	111111111111211111111111111111112111	Right	0	5212172	0	1	40073	1	0	next	hit	53
18-008-TD004_S002-0004	56	Response	2									5222449	10277	1
18-008-TD004_S002-0004	57	Picture	ITI	ITI								5252245	0	1	2004	1	0	next	other	0
18-008-TD004_S002-0004	58	Picture	Study	Study								5254249	0	1	10018	1	0	next	other	0
18-008-TD004_S002-0004	60	Picture	Stim;Main;1;2;111111111111111111121111111111112211;111111111111111111121121111111111211;Left;0	Stim	Main	1	2	111111111111111111121111111111112211	111111111111111111121121111111111211	Left	0	5291316	0	1	40073	1	0	next	hit	57
18-008-TD004_S002-0004	60	Response	1									5300478	9161	1
18-008-TD004_S002-0004	61	Picture	ITI	ITI								5331389	0	1	2004	1	0	next	other	0
18-008-TD004_S002-0004	62	Picture	Study	Study								5333393	0	1	10018	1	0	next	other	0
18-008-TD004_S002-0004	64	Picture	Stim;Main;1;3;111111121121111221111111111111111111;111111111121111221111111111111211111;Left;0	Stim	Main	1	3	111111121121111221111111111111111111	111111111121111221111111111111211111	Left	0	5370461	0	1	40073	1	0	next	hit	61
18-008-TD004_S002-0004	64	Response	1									5387939	17479	1
18-008-TD004_S002-0004	65	Picture	ITI	ITI								5410534	0	1	2004	1	0	next	other	0
18-008-TD004_S002-0004	66	Picture	Study	Study								5412537	0	1	10018	1	0	next	other	0
18-008-TD004_S002-0004	68	Picture	Stim;Main;1;4;111211111111111111111112112111111111;111212111111111111111112111111111111;Right;0	Stim	Main	1	4	111211111111111111111112112111111111	111212111111111111111112111111111111	Right	0	5449605	0	1	40073	1	0	next	hit	65
18-008-TD004_S002-0004	68	Response	2									5459412	9807	1
18-008-TD004_S002-0004	69	Picture	ITI	ITI								5489678	0	1	2004	1	0	next	other	0
18-008-TD004_S002-0004	70	Picture	Study	Study								5491682	0	1	10018	1	0	next	other	0
18-008-TD004_S002-0004	72	Picture	Stim;Main;1;5;212111111111111111111111111111111111;112111112111111111111111111111111111;Left;0	Stim	Main	1	5	212111111111111111111111111111111111	112111112111111111111111111111111111	Left	0	5528749	0	1	40073	1	0	next	incorrect	69
18-008-TD004_S002-0004	72	Response	2									5539343	10593	1
18-008-TD004_S002-0004	72	Response	1									5539499	10750	1
18-008-TD004_S002-0004	73	Picture	ITI	ITI								5568822	0	1	2004	1	0	next	other	0
18-008-TD004_S002-0004	74	Picture	Study	Study								5570826	0	1	10018	1	0	next	other	0
18-008-TD004_S002-0004	76	Picture	Stim;Main;1;6;111121111111211111112211111111111111;112121111111111111112211111111111111;Right;0	Stim	Main	1	6	111121111111211111112211111111111111	112121111111111111112211111111111111	Right	0	5607894	0	1	40073	1	0	next	hit	74
18-008-TD004_S002-0004	76	Response	2									5619286	11392	1
18-008-TD004_S002-0004	78	Picture	ITI	ITI								5788056	0	1	2004	1	0	next	other	0
18-008-TD004_S002-0004	79	Picture	Study	Study								5790059	0	1	10018	1	0	next	other	0
18-008-TD004_S002-0004	81	Picture	Stim;Main;1;1;121111111111112111111121111111111111;122111111111111111111121111111111111;Right;0	Stim	Main	1	1	121111111111112111111121111111111111	122111111111111111111121111111111111	Right	0	5827127	0	1	40073	1	0	next	hit	78
18-008-TD004_S002-0004	81	Response	2									5838339	11212	1
18-008-TD004_S002-0004	82	Picture	ITI	ITI								5867200	0	1	2004	1	0	next	other	0
18-008-TD004_S002-0004	83	Picture	Study	Study								5869204	0	1	10018	1	0	next	other	0
18-008-TD004_S002-0004	85	Picture	Stim;Main;1;2;111111111112111111111111111112111111;111111111112211111111111111111111111;Left;0	Stim	Main	1	2	111111111112111111111111111112111111	111111111112211111111111111111111111	Left	0	5906271	0	1	40073	1	0	next	hit	82
18-008-TD004_S002-0004	85	Response	1									5916206	9935	1
18-008-TD004_S002-0004	86	Picture	ITI	ITI								5946344	0	1	2004	1	0	next	other	0
18-008-TD004_S002-0004	87	Picture	Study	Study								5948348	0	1	10018	1	0	next	other	0
18-008-TD004_S002-0004	89	Picture	Stim;Main;1;3;211111111111111112111111111111111111;211111121111111111111111111111111111;Left;0	Stim	Main	1	3	211111111111111112111111111111111111	211111121111111111111111111111111111	Left	0	5985416	0	1	40073	1	0	next	hit	86
18-008-TD004_S002-0004	89	Response	1									5995675	10259	1
18-008-TD004_S002-0004	90	Picture	ITI	ITI								6025489	0	1	2004	1	0	next	other	0
18-008-TD004_S002-0004	91	Picture	Study	Study								6027492	0	1	10018	1	0	next	other	0
18-008-TD004_S002-0004	93	Picture	Stim;Main;1;4;111111211112111111111111111111111111;111112111112111111111111111111111111;Right;0	Stim	Main	1	4	111111211112111111111111111111111111	111112111112111111111111111111111111	Right	0	6064560	0	1	40073	1	0	next	hit	90
18-008-TD004_S002-0004	93	Response	2									6073223	8663	1
18-008-TD004_S002-0004	94	Picture	ITI	ITI								6104633	0	1	2004	1	0	next	other	0
18-008-TD004_S002-0004	95	Picture	Study	Study								6106637	0	1	10018	1	0	next	other	0
18-008-TD004_S002-0004	97	Picture	Stim;Main;1;5;111111111121121211111111111111111111;111111111111121211111111111111211111;Left;0	Stim	Main	1	5	111111111121121211111111111111111111	111111111111121211111111111111211111	Left	0	6143704	0	1	40073	1	0	next	hit	94
18-008-TD004_S002-0004	97	Response	1									6156208	12503	1
18-008-TD004_S002-0004	98	Picture	ITI	ITI								6183777	0	1	2004	1	0	next	other	0
18-008-TD004_S002-0004	99	Picture	Study	Study								6185781	0	1	10018	1	0	next	other	0
18-008-TD004_S002-0004	101	Picture	Stim;Main;1;6;212111111111111111111122111111111111;212111111111111111111121111111211111;Right;0	Stim	Main	1	6	212111111111111111111122111111111111	212111111111111111111121111111211111	Right	0	6222849	0	1	40073	1	0	next	hit	98
18-008-TD004_S002-0004	101	Response	2									6232156	9307	1
18-008-TD004_S002-0004	103	Picture	ITI	ITI								6403011	0	1	2004	1	0	next	other	0
18-008-TD004_S002-0004	104	Picture	Study	Study								6405014	0	1	10018	1	0	next	other	0
18-008-TD004_S002-0004	106	Picture	Stim;Main;1;1;111111111111111111111111121111111112;111111111211111111111111121111111111;Right;0	Stim	Main	1	1	111111111111111111111111121111111112	111111111211111111111111121111111111	Right	0	6442082	0	1	40073	1	0	next	hit	102
18-008-TD004_S002-0004	106	Response	2									6452009	9928	1
18-008-TD004_S002-0004	107	Picture	ITI	ITI								6482155	0	1	2004	1	0	next	other	0
18-008-TD004_S002-0004	108	Picture	Study	Study								6484159	0	1	10018	1	0	next	other	0
18-008-TD004_S002-0004	110	Picture	Stim;Main;1;2;111111111111111112111111221111111111;111111111121111112111111121111111111;Left;0	Stim	Main	1	2	111111111111111112111111221111111111	111111111121111112111111121111111111	Left	0	6521226	0	1	40073	1	0	next	hit	106
18-008-TD004_S002-0004	110	Response	1									6531157	9930	1
18-008-TD004_S002-0004	111	Picture	ITI	ITI								6561299	0	1	2004	1	0	next	other	0
18-008-TD004_S002-0004	112	Picture	Study	Study								6563303	0	1	10018	1	0	next	other	0
18-008-TD004_S002-0004	114	Picture	Stim;Main;1;3;111111121111121111111121111111211111;111111221111121111111111111111211111;Left;0	Stim	Main	1	3	111111121111121111111121111111211111	111111221111121111111111111111211111	Left	0	6600371	0	1	40073	1	0	next	hit	110
18-008-TD004_S002-0004	114	Response	1									6610783	10413	1
18-008-TD004_S002-0004	115	Picture	ITI	ITI								6640444	0	1	2004	1	0	next	other	0
18-008-TD004_S002-0004	116	Picture	Study	Study								6642447	0	1	10018	1	0	next	other	0
18-008-TD004_S002-0004	118	Picture	Stim;Main;1;4;121111111111111111111112111111111111;112111111111111111111112111111111111;Right;0	Stim	Main	1	4	121111111111111111111112111111111111	112111111111111111111112111111111111	Right	0	6679515	0	1	40073	1	0	next	incorrect	114
18-008-TD004_S002-0004	118	Response	1									6709918	30403	1
18-008-TD004_S002-0004	119	Picture	ITI	ITI								6719588	0	1	2004	1	0	next	other	0
18-008-TD004_S002-0004	120	Picture	Study	Study								6721592	0	1	10018	1	0	next	other	0
18-008-TD004_S002-0004	122	Picture	Stim;Main;1;5;111111111112111111111111112111111111;112111111111111111111111112111111111;Left;0	Stim	Main	1	5	111111111112111111111111112111111111	112111111111111111111111112111111111	Left	0	6758659	0	1	40073	1	0	next	incorrect	118
18-008-TD004_S002-0004	122	Response	2									6771956	13296	1
18-008-TD004_S002-0004	122	Response	1									6776913	18253	1
18-008-TD004_S002-0004	122	Response	1									6784908	26248	1
18-008-TD004_S002-0004	123	Picture	ITI	ITI								6798733	0	1	2004	1	0	next	other	0
18-008-TD004_S002-0004	124	Picture	Study	Study								6800736	0	1	10018	1	0	next	other	0
18-008-TD004_S002-0004	126	Picture	Stim;Main;1;6;111111112121111112111211111111111111;111111112111111122111211111111111111;Right;0	Stim	Main	1	6	111111112121111112111211111111111111	111111112111111122111211111111111111	Right	0	6837804	0	1	40073	1	0	next	hit	124
18-008-TD004_S002-0004	126	Response	2									6852862	15059	1
18-008-TD004_S002-0004	128	Quit										7515066	497100	NA
