Scenario - Match to Sample
Logfile written - 09/19/2019 11:32:49

Subject	Trial	Event Type	Code	event_cond(str)	block_name(str)	block_number(num)	trial_number(num)	study_grid(str)	dist_grid(str)	study_side(str)	delay(num)	Time	TTime	Uncertainty	Duration	Uncertainty	ReqTime	ReqDur	Stim Type	Pair Index

18-014-CAS_002-1-09192019 Difficult	0	Pulse	84									2564931	2564931	1
18-014-CAS_002-1-09192019 Difficult	3	Picture	ITI	ITI								2735145	0	1	2003	1	0	next	other	0
18-014-CAS_002-1-09192019 Difficult	4	Picture	Study	Study								2737149	0	1	10019	1	0	next	other	0
18-014-CAS_002-1-09192019 Difficult	6	Picture	Stim;Main;1;1;2111111111111111111111211;1111111111111111112111211;Left;0	Stim	Main	1	1	2111111111111111111111211	1111111111111111112111211	Left	0	2777225	0	1	40075	1	0	next	hit	5
18-014-CAS_002-1-09192019 Difficult	6	Response	1									2786721	9497	1
18-014-CAS_002-1-09192019 Difficult	7	Picture	ITI	ITI								2817300	0	1	2004	1	0	next	other	0
18-014-CAS_002-1-09192019 Difficult	8	Picture	Study	Study								2819304	0	1	10019	1	0	next	other	0
18-014-CAS_002-1-09192019 Difficult	10	Picture	Stim;Main;1;2;1111111111112111111211111;1111211111111111111211111;Right;0	Stim	Main	1	2	1111111111112111111211111	1111211111111111111211111	Right	0	2859379	0	1	40075	1	0	next	hit	9
18-014-CAS_002-1-09192019 Difficult	10	Response	2									2872910	13531	1
18-014-CAS_002-1-09192019 Difficult	11	Picture	ITI	ITI								2899455	0	1	2004	1	0	next	other	0
18-014-CAS_002-1-09192019 Difficult	12	Picture	Study	Study								2901458	0	1	10019	1	0	next	other	0
18-014-CAS_002-1-09192019 Difficult	14	Picture	Stim;Main;1;3;1121111111111211211111111;1121111111111211111211111;Left;0	Stim	Main	1	3	1121111111111211211111111	1121111111111211111211111	Left	0	2941534	0	1	40075	1	0	next	hit	13
18-014-CAS_002-1-09192019 Difficult	14	Response	1									2952863	11329	1
18-014-CAS_002-1-09192019 Difficult	15	Picture	ITI	ITI								2981609	0	1	2004	1	0	next	other	0
18-014-CAS_002-1-09192019 Difficult	16	Picture	Study	Study								2983613	0	1	10019	1	0	next	other	0
18-014-CAS_002-1-09192019 Difficult	18	Picture	Stim;Main;1;4;1111111112111221112111111;1111111111111221122111111;Right;0	Stim	Main	1	4	1111111112111221112111111	1111111111111221122111111	Right	0	3023688	0	1	40075	1	0	next	hit	17
18-014-CAS_002-1-09192019 Difficult	18	Response	2									3032496	8808	1
18-014-CAS_002-1-09192019 Difficult	19	Picture	ITI	ITI								3063764	0	1	2004	1	0	next	other	0
18-014-CAS_002-1-09192019 Difficult	20	Picture	Study	Study								3065767	0	1	10019	1	0	next	other	0
18-014-CAS_002-1-09192019 Difficult	22	Picture	Stim;Main;1;5;1111111111121111111221111;1111111111121211111121111;Left;0	Stim	Main	1	5	1111111111121111111221111	1111111111121211111121111	Left	0	3105843	0	1	40075	1	0	next	hit	21
18-014-CAS_002-1-09192019 Difficult	22	Response	1									3115007	9165	1
18-014-CAS_002-1-09192019 Difficult	23	Picture	ITI	ITI								3145918	0	1	2004	1	0	next	other	0
18-014-CAS_002-1-09192019 Difficult	24	Picture	Study	Study								3147922	0	1	10019	1	0	next	other	0
18-014-CAS_002-1-09192019 Difficult	26	Picture	Stim;Main;1;6;1221111111111111111111211;1211111211111111111111211;Right;0	Stim	Main	1	6	1221111111111111111111211	1211111211111111111111211	Right	0	3187997	0	1	40075	1	0	next	hit	25
18-014-CAS_002-1-09192019 Difficult	26	Response	2									3201356	13358	1
18-014-CAS_002-1-09192019 Difficult	28	Picture	ITI	ITI								3368170	0	1	2004	1	0	next	other	0
18-014-CAS_002-1-09192019 Difficult	29	Picture	Study	Study								3370173	0	1	10019	1	0	next	other	0
18-014-CAS_002-1-09192019 Difficult	31	Picture	Stim;Main;1;1;1111111111111111112112112;1111111111112111111112112;Left;0	Stim	Main	1	1	1111111111111111112112112	1111111111112111111112112	Left	0	3410249	0	1	40075	1	0	next	hit	29
18-014-CAS_002-1-09192019 Difficult	31	Response	1									3424587	14338	1
18-014-CAS_002-1-09192019 Difficult	32	Picture	ITI	ITI								3450324	0	1	2004	1	0	next	other	0
18-014-CAS_002-1-09192019 Difficult	33	Picture	Study	Study								3452328	0	1	10019	1	0	next	other	0
18-014-CAS_002-1-09192019 Difficult	35	Picture	Stim;Main;1;2;1111111111112211111111121;1111111111112111111111122;Right;0	Stim	Main	1	2	1111111111112211111111121	1111111111112111111111122	Right	0	3492403	0	1	40075	1	0	next	hit	33
18-014-CAS_002-1-09192019 Difficult	35	Response	2									3503740	11336	1
18-014-CAS_002-1-09192019 Difficult	36	Picture	ITI	ITI								3532479	0	1	2004	1	0	next	other	0
18-014-CAS_002-1-09192019 Difficult	37	Picture	Study	Study								3534482	0	1	10019	1	0	next	other	0
18-014-CAS_002-1-09192019 Difficult	39	Picture	Stim;Main;1;3;2111111111111121111121111;2111111111111121112111111;Left;0	Stim	Main	1	3	2111111111111121111121111	2111111111111121112111111	Left	0	3574558	0	1	40075	1	0	next	hit	37
18-014-CAS_002-1-09192019 Difficult	39	Response	1									3585612	11054	1
18-014-CAS_002-1-09192019 Difficult	40	Picture	ITI	ITI								3614633	0	1	2004	1	0	next	other	0
18-014-CAS_002-1-09192019 Difficult	41	Picture	Study	Study								3616637	0	1	10019	1	0	next	other	0
18-014-CAS_002-1-09192019 Difficult	43	Picture	Stim;Main;1;4;1111121111111211111121121;1112121111111111111121121;Right;0	Stim	Main	1	4	1111121111111211111121121	1112121111111111111121121	Right	0	3656712	0	1	40075	1	0	next	hit	41
18-014-CAS_002-1-09192019 Difficult	43	Response	2									3668603	11891	1
18-014-CAS_002-1-09192019 Difficult	44	Picture	ITI	ITI								3696788	0	1	2004	1	0	next	other	0
18-014-CAS_002-1-09192019 Difficult	45	Picture	Study	Study								3698792	0	1	10019	1	0	next	other	0
18-014-CAS_002-1-09192019 Difficult	47	Picture	Stim;Main;1;5;1111111111111112111112211;1111111111111111111122211;Left;0	Stim	Main	1	5	1111111111111112111112211	1111111111111111111122211	Left	0	3738867	0	1	40075	1	0	next	hit	45
18-014-CAS_002-1-09192019 Difficult	47	Response	1									3748076	9209	1
18-014-CAS_002-1-09192019 Difficult	48	Picture	ITI	ITI								3778942	0	1	2004	1	0	next	other	0
18-014-CAS_002-1-09192019 Difficult	49	Picture	Study	Study								3780946	0	1	10019	1	0	next	other	0
18-014-CAS_002-1-09192019 Difficult	51	Picture	Stim;Main;1;6;1111111111111112111111112;1111111111111112111111211;Right;0	Stim	Main	1	6	1111111111111112111111112	1111111111111112111111211	Right	0	3821022	0	1	40075	1	0	next	hit	49
18-014-CAS_002-1-09192019 Difficult	51	Response	2									3832187	11165	1
18-014-CAS_002-1-09192019 Difficult	53	Picture	ITI	ITI								4001194	0	1	2004	1	0	next	other	0
18-014-CAS_002-1-09192019 Difficult	54	Picture	Study	Study								4003198	0	1	10019	1	0	next	other	0
18-014-CAS_002-1-09192019 Difficult	56	Picture	Stim;Main;1;1;1111111112111121111111111;1111111112111111112111111;Left;0	Stim	Main	1	1	1111111112111121111111111	1111111112111111112111111	Left	0	4043273	0	1	40075	1	0	next	hit	53
18-014-CAS_002-1-09192019 Difficult	56	Response	1									4052857	9584	1
18-014-CAS_002-1-09192019 Difficult	57	Picture	ITI	ITI								4083348	0	1	2004	1	0	next	other	0
18-014-CAS_002-1-09192019 Difficult	58	Picture	Study	Study								4085352	0	1	10019	1	0	next	other	0
18-014-CAS_002-1-09192019 Difficult	60	Picture	Stim;Main;1;2;1111111211211211211111111;1111111212211111211111111;Right;0	Stim	Main	1	2	1111111211211211211111111	1111111212211111211111111	Right	0	4125428	0	1	40075	1	0	next	hit	57
18-014-CAS_002-1-09192019 Difficult	60	Response	2									4134889	9462	1
18-014-CAS_002-1-09192019 Difficult	61	Picture	ITI	ITI								4165503	0	1	2004	1	0	next	other	0
18-014-CAS_002-1-09192019 Difficult	62	Picture	Study	Study								4167507	0	1	10019	1	0	next	other	0
18-014-CAS_002-1-09192019 Difficult	64	Picture	Stim;Main;1;3;1121111111111221111111111;1121111111111211111211111;Left;0	Stim	Main	1	3	1121111111111221111111111	1121111111111211111211111	Left	0	4207582	0	1	40075	1	0	next	hit	61
18-014-CAS_002-1-09192019 Difficult	64	Response	1									4221718	14136	1
18-014-CAS_002-1-09192019 Difficult	65	Picture	ITI	ITI								4247657	0	1	2004	1	0	next	other	0
18-014-CAS_002-1-09192019 Difficult	66	Picture	Study	Study								4249661	0	1	10019	1	0	next	other	0
18-014-CAS_002-1-09192019 Difficult	68	Picture	Stim;Main;1;4;1111111111111112112111111;1111111211111111112111111;Right;0	Stim	Main	1	4	1111111111111112112111111	1111111211111111112111111	Right	0	4289737	0	1	40075	1	0	next	hit	65
18-014-CAS_002-1-09192019 Difficult	68	Response	2									4300231	10495	1
18-014-CAS_002-1-09192019 Difficult	69	Picture	ITI	ITI								4329812	0	1	2004	1	0	next	other	0
18-014-CAS_002-1-09192019 Difficult	70	Picture	Study	Study								4331816	0	1	10019	1	0	next	other	0
18-014-CAS_002-1-09192019 Difficult	72	Picture	Stim;Main;1;5;1111112112111112111111121;1121111112111112111111121;Left;0	Stim	Main	1	5	1111112112111112111111121	1121111112111112111111121	Left	0	4371891	0	1	40075	1	0	next	hit	69
18-014-CAS_002-1-09192019 Difficult	72	Response	1									4383701	11810	1
18-014-CAS_002-1-09192019 Difficult	73	Picture	ITI	ITI								4411966	0	1	2004	1	0	next	other	0
18-014-CAS_002-1-09192019 Difficult	74	Picture	Study	Study								4413970	0	1	10019	1	0	next	other	0
18-014-CAS_002-1-09192019 Difficult	76	Picture	Stim;Main;1;6;1112111112112111121111111;1112111212112111111111111;Right;0	Stim	Main	1	6	1112111112112111121111111	1112111212112111111111111	Right	0	4454046	0	1	40075	1	0	next	hit	73
18-014-CAS_002-1-09192019 Difficult	76	Response	2									4467014	12968	1
18-014-CAS_002-1-09192019 Difficult	78	Picture	ITI	ITI								4634218	0	1	2004	1	0	next	other	0
18-014-CAS_002-1-09192019 Difficult	79	Picture	Study	Study								4636222	0	1	10019	1	0	next	other	0
18-014-CAS_002-1-09192019 Difficult	81	Picture	Stim;Main;1;1;1111111121111111111211111;1111111111211111111211111;Left;0	Stim	Main	1	1	1111111121111111111211111	1111111111211111111211111	Left	0	4676297	0	1	40075	1	0	next	hit	77
18-014-CAS_002-1-09192019 Difficult	81	Response	1									4685975	9678	1
18-014-CAS_002-1-09192019 Difficult	82	Picture	ITI	ITI								4716373	0	1	2004	1	0	next	other	0
18-014-CAS_002-1-09192019 Difficult	83	Picture	Study	Study								4718376	0	1	10019	1	0	next	other	0
18-014-CAS_002-1-09192019 Difficult	85	Picture	Stim;Main;1;2;1111111111121111111211111;1111111211111111111211111;Right;0	Stim	Main	1	2	1111111111121111111211111	1111111211111111111211111	Right	0	4758452	0	1	40075	1	0	next	hit	81
18-014-CAS_002-1-09192019 Difficult	85	Response	2									4773282	14831	1
18-014-CAS_002-1-09192019 Difficult	86	Picture	ITI	ITI								4798527	0	1	2004	1	0	next	other	0
18-014-CAS_002-1-09192019 Difficult	87	Picture	Study	Study								4800531	0	1	10019	1	0	next	other	0
18-014-CAS_002-1-09192019 Difficult	89	Picture	Stim;Main;1;3;1111111111111211211211111;1111111111111211111221111;Left;0	Stim	Main	1	3	1111111111111211211211111	1111111111111211111221111	Left	0	4840606	0	1	40075	1	0	next	hit	85
18-014-CAS_002-1-09192019 Difficult	89	Response	1									4852435	11829	1
18-014-CAS_002-1-09192019 Difficult	90	Picture	ITI	ITI								4880682	0	1	2004	1	0	next	other	0
18-014-CAS_002-1-09192019 Difficult	91	Picture	Study	Study								4882685	0	1	10019	1	0	next	other	0
18-014-CAS_002-1-09192019 Difficult	93	Picture	Stim;Main;1;4;1111111111112111111211111;1111111112111111111211111;Right;0	Stim	Main	1	4	1111111111112111111211111	1111111112111111111211111	Right	0	4922761	0	1	40075	1	0	next	hit	89
18-014-CAS_002-1-09192019 Difficult	93	Response	2									4933347	10586	1
18-014-CAS_002-1-09192019 Difficult	94	Picture	ITI	ITI								4962836	0	1	2004	1	0	next	other	0
18-014-CAS_002-1-09192019 Difficult	95	Picture	Study	Study								4964840	0	1	10019	1	0	next	other	0
18-014-CAS_002-1-09192019 Difficult	97	Picture	Stim;Main;1;5;1111112111111111211122111;1111111121111111211122111;Left;0	Stim	Main	1	5	1111112111111111211122111	1111111121111111211122111	Left	0	5004915	0	1	40075	1	0	next	hit	93
18-014-CAS_002-1-09192019 Difficult	97	Response	1									5013781	8866	1
18-014-CAS_002-1-09192019 Difficult	98	Picture	ITI	ITI								5044991	0	1	2004	1	0	next	other	0
18-014-CAS_002-1-09192019 Difficult	99	Picture	Study	Study								5046994	0	1	10019	1	0	next	other	0
18-014-CAS_002-1-09192019 Difficult	101	Picture	Stim;Main;1;6;1111112111111112111112111;1111112112111111111112111;Right;0	Stim	Main	1	6	1111112111111112111112111	1111112112111111111112111	Right	0	5087070	0	1	40075	1	0	next	hit	97
18-014-CAS_002-1-09192019 Difficult	101	Response	2									5097092	10022	1
18-014-CAS_002-1-09192019 Difficult	103	Picture	ITI	ITI								5267242	0	1	2004	1	0	next	other	0
18-014-CAS_002-1-09192019 Difficult	104	Picture	Study	Study								5269246	0	1	10019	1	0	next	other	0
18-014-CAS_002-1-09192019 Difficult	106	Picture	Stim;Main;1;1;1111211211111121211111111;1211111211111121211111111;Left;0	Stim	Main	1	1	1111211211111121211111111	1211111211111121211111111	Left	0	5309321	0	1	40075	1	0	next	hit	101
18-014-CAS_002-1-09192019 Difficult	106	Response	1									5319520	10198	1
18-014-CAS_002-1-09192019 Difficult	107	Picture	ITI	ITI								5349397	0	1	2004	1	0	next	other	0
18-014-CAS_002-1-09192019 Difficult	108	Picture	Study	Study								5351401	0	1	10019	1	0	next	other	0
18-014-CAS_002-1-09192019 Difficult	110	Picture	Stim;Main;1;2;1111111211111111111121111;1111111211211111111111111;Right;0	Stim	Main	1	2	1111111211111111111121111	1111111211211111111111111	Right	0	5391476	0	1	40075	1	0	next	hit	105
18-014-CAS_002-1-09192019 Difficult	110	Response	2									5401231	9755	1
18-014-CAS_002-1-09192019 Difficult	111	Picture	ITI	ITI								5431551	0	1	2004	1	0	next	other	0
18-014-CAS_002-1-09192019 Difficult	112	Picture	Study	Study								5433555	0	1	10019	1	0	next	other	0
18-014-CAS_002-1-09192019 Difficult	114	Picture	Stim;Main;1;3;1211211111111111112211111;1111211111111112112211111;Left;0	Stim	Main	1	3	1211211111111111112211111	1111211111111112112211111	Left	0	5473630	0	1	40075	1	0	next	hit	109
18-014-CAS_002-1-09192019 Difficult	114	Response	1									5485981	12350	1
18-014-CAS_002-1-09192019 Difficult	115	Picture	ITI	ITI								5513706	0	1	2004	1	0	next	other	0
18-014-CAS_002-1-09192019 Difficult	116	Picture	Study	Study								5515710	0	1	10019	1	0	next	other	0
18-014-CAS_002-1-09192019 Difficult	118	Picture	Stim;Main;1;4;1111211121111111111111111;1111111121211111111111111;Right;0	Stim	Main	1	4	1111211121111111111111111	1111111121211111111111111	Right	0	5555785	0	1	40075	1	0	next	hit	113
18-014-CAS_002-1-09192019 Difficult	118	Response	2									5563536	7751	1
18-014-CAS_002-1-09192019 Difficult	119	Picture	ITI	ITI								5595860	0	1	2004	1	0	next	other	0
18-014-CAS_002-1-09192019 Difficult	120	Picture	Study	Study								5597864	0	1	10019	1	0	next	other	0
18-014-CAS_002-1-09192019 Difficult	122	Picture	Stim;Main;1;5;1112111111111111111112121;1112111111111111112112111;Left;0	Stim	Main	1	5	1112111111111111111112121	1112111111111111112112111	Left	0	5637940	0	1	40075	1	0	next	hit	117
18-014-CAS_002-1-09192019 Difficult	122	Response	1									5646367	8427	1
18-014-CAS_002-1-09192019 Difficult	123	Picture	ITI	ITI								5678015	0	1	2004	1	0	next	other	0
18-014-CAS_002-1-09192019 Difficult	124	Picture	Study	Study								5680019	0	1	10019	1	0	next	other	0
18-014-CAS_002-1-09192019 Difficult	126	Picture	Stim;Main;1;6;1111112111112121112111111;1111111111112121112121111;Right;0	Stim	Main	1	6	1111112111112121112111111	1111111111112121112121111	Right	0	5720094	0	1	40075	1	0	next	hit	121
18-014-CAS_002-1-09192019 Difficult	126	Response	2									5729517	9423	1
18-014-CAS_002-1-09192019 Difficult	127	Pulse	84									5864797	104627	1
18-014-CAS_002-1-09192019 Difficult	128	Quit										6176564	276298	NA
