Scenario - Match to Sample
Logfile written - 05/02/2019 10:17:31

Subject	Trial	Event Type	Code	event_cond(str)	block_name(str)	block_number(num)	trial_number(num)	study_grid(str)	dist_grid(str)	study_side(str)	delay(num)	Time	TTime	Uncertainty	Duration	Uncertainty	ReqTime	ReqDur	Stim Type	Pair Index

18-008-TD003_S005-0009	0	Pulse	84									2769795	2769795	1
18-008-TD003_S005-0009	3	Picture	ITI	ITI								2940062	0	1	2004	1	0	next	other	0
18-008-TD003_S005-0009	4	Picture	Study	Study								2942066	0	1	10019	1	0	next	other	0
18-008-TD003_S005-0009	6	Picture	Stim;Main;1;1;211111212;112111212;Right;0	Stim	Main	1	1	211111212	112111212	Right	0	2982142	0	1	40076	1	0	next	hit	5
18-008-TD003_S005-0009	6	Response	2									2994941	12799	1
18-008-TD003_S005-0009	7	Picture	ITI	ITI								3022218	0	1	2004	1	0	next	other	0
18-008-TD003_S005-0009	7	Response	2									3022764	547	1
18-008-TD003_S005-0009	8	Picture	Study	Study								3024221	0	1	10019	1	0	next	other	0
18-008-TD003_S005-0009	10	Picture	Stim;Main;1;2;121121112;112121112;Left;0	Stim	Main	1	2	121121112	112121112	Left	0	3064297	0	1	40076	1	0	next	hit	10
18-008-TD003_S005-0009	10	Response	1									3075692	11395	1
18-008-TD003_S005-0009	11	Picture	ITI	ITI								3104373	0	1	2004	1	0	next	other	0
18-008-TD003_S005-0009	12	Picture	Study	Study								3106377	0	1	10019	1	0	next	other	0
18-008-TD003_S005-0009	14	Picture	Stim;Main;1;3;111221121;112211121;Left;0	Stim	Main	1	3	111221121	112211121	Left	0	3146453	0	1	40076	1	0	next	hit	14
18-008-TD003_S005-0009	14	Response	1									3152606	6154	1
18-008-TD003_S005-0009	15	Picture	ITI	ITI								3186528	0	1	2004	1	0	next	other	0
18-008-TD003_S005-0009	16	Picture	Study	Study								3188532	0	1	10019	1	0	next	other	0
18-008-TD003_S005-0009	18	Picture	Stim;Main;1;4;212111212;212112112;Right;0	Stim	Main	1	4	212111212	212112112	Right	0	3228608	0	1	40076	1	0	next	hit	18
18-008-TD003_S005-0009	18	Response	2									3235277	6669	1
18-008-TD003_S005-0009	19	Picture	ITI	ITI								3268684	0	1	2004	1	0	next	other	0
18-008-TD003_S005-0009	20	Picture	Study	Study								3270688	0	1	10019	1	0	next	other	0
18-008-TD003_S005-0009	22	Picture	Stim;Main;1;5;121121112;111121122;Right;0	Stim	Main	1	5	121121112	111121122	Right	0	3310763	0	1	40076	1	0	next	hit	22
18-008-TD003_S005-0009	22	Response	2									3319547	8783	1
18-008-TD003_S005-0009	23	Picture	ITI	ITI								3350839	0	1	2004	1	0	next	other	0
18-008-TD003_S005-0009	24	Picture	Study	Study								3352843	0	1	10019	1	0	next	other	0
18-008-TD003_S005-0009	26	Picture	Stim;Main;1;6;212111112;222111111;Left;0	Stim	Main	1	6	212111112	222111111	Left	0	3392919	0	1	40076	1	0	next	hit	26
18-008-TD003_S005-0009	26	Response	1									3401259	8340	1
18-008-TD003_S005-0009	28	Picture	ITI	ITI								3573093	0	1	2004	1	0	next	other	0
18-008-TD003_S005-0009	29	Picture	Study	Study								3575097	0	1	10019	1	0	next	other	0
18-008-TD003_S005-0009	31	Picture	Stim;Main;1;1;212112112;211122112;Right;0	Stim	Main	1	1	212112112	211122112	Right	0	3615173	0	1	40076	1	0	next	hit	30
18-008-TD003_S005-0009	31	Response	2									3624007	8835	1
18-008-TD003_S005-0009	32	Picture	ITI	ITI								3655248	0	1	2004	1	0	next	other	0
18-008-TD003_S005-0009	33	Picture	Study	Study								3657252	0	1	10019	1	0	next	other	0
18-008-TD003_S005-0009	35	Picture	Stim;Main;1;2;112211111;111211121;Left;0	Stim	Main	1	2	112211111	111211121	Left	0	3697328	0	1	40076	1	0	next	hit	34
18-008-TD003_S005-0009	35	Response	1									3705559	8231	1
18-008-TD003_S005-0009	36	Picture	ITI	ITI								3737404	0	1	2004	1	0	next	other	0
18-008-TD003_S005-0009	37	Picture	Study	Study								3739408	0	1	10019	1	0	next	other	0
18-008-TD003_S005-0009	39	Picture	Stim;Main;1;3;212111212;212111122;Left;0	Stim	Main	1	3	212111212	212111122	Left	0	3779483	0	1	40076	1	0	next	hit	38
18-008-TD003_S005-0009	39	Response	1									3788551	9068	1
18-008-TD003_S005-0009	40	Picture	ITI	ITI								3819559	0	1	2004	1	0	next	other	0
18-008-TD003_S005-0009	41	Picture	Study	Study								3821563	0	1	10019	1	0	next	other	0
18-008-TD003_S005-0009	43	Picture	Stim;Main;1;4;122111111;112111112;Right;0	Stim	Main	1	4	122111111	112111112	Right	0	3861639	0	1	40076	1	0	next	hit	42
18-008-TD003_S005-0009	43	Response	2									3866425	4786	1
18-008-TD003_S005-0009	44	Picture	ITI	ITI								3901715	0	1	2004	1	0	next	other	0
18-008-TD003_S005-0009	45	Picture	Study	Study								3903719	0	1	10019	1	0	next	other	0
18-008-TD003_S005-0009	47	Picture	Stim;Main;1;5;121111112;121112111;Right;0	Stim	Main	1	5	121111112	121112111	Right	0	3943794	0	1	40076	1	0	next	hit	46
18-008-TD003_S005-0009	47	Response	2									3954532	10737	1
18-008-TD003_S005-0009	48	Picture	ITI	ITI								3983870	0	1	2004	1	0	next	other	0
18-008-TD003_S005-0009	49	Picture	Study	Study								3985874	0	1	10019	1	0	next	other	0
18-008-TD003_S005-0009	51	Picture	Stim;Main;1;6;122111121;221111121;Left;0	Stim	Main	1	6	122111121	221111121	Left	0	4025950	0	1	40076	1	0	next	hit	50
18-008-TD003_S005-0009	51	Response	1									4034645	8695	1
18-008-TD003_S005-0009	53	Picture	ITI	ITI								4206124	0	1	2004	1	0	next	other	0
18-008-TD003_S005-0009	54	Picture	Study	Study								4208128	0	1	10019	1	0	next	other	0
18-008-TD003_S005-0009	56	Picture	Stim;Main;1;1;122111121;112112121;Right;0	Stim	Main	1	1	122111121	112112121	Right	0	4248204	0	1	40076	1	0	next	hit	54
18-008-TD003_S005-0009	56	Response	2									4260271	12068	1
18-008-TD003_S005-0009	57	Picture	ITI	ITI								4288279	0	1	2004	1	0	next	other	0
18-008-TD003_S005-0009	58	Picture	Study	Study								4290283	0	1	10019	1	0	next	other	0
18-008-TD003_S005-0009	60	Picture	Stim;Main;1;2;122112111;121212111;Left;0	Stim	Main	1	2	122112111	121212111	Left	0	4330359	0	1	40076	1	0	next	hit	58
18-008-TD003_S005-0009	60	Response	1									4338304	7945	1
18-008-TD003_S005-0009	61	Picture	ITI	ITI								4370435	0	1	2004	1	0	next	other	0
18-008-TD003_S005-0009	62	Picture	Study	Study								4372438	0	1	10019	1	0	next	other	0
18-008-TD003_S005-0009	64	Picture	Stim;Main;1;3;211111112;212111111;Left;0	Stim	Main	1	3	211111112	212111111	Left	0	4412514	0	1	40076	1	0	next	hit	62
18-008-TD003_S005-0009	64	Response	1									4421775	9261	1
18-008-TD003_S005-0009	65	Picture	ITI	ITI								4452590	0	1	2004	1	0	next	other	0
18-008-TD003_S005-0009	66	Picture	Study	Study								4454594	0	1	10019	1	0	next	other	0
18-008-TD003_S005-0009	68	Picture	Stim;Main;1;4;111112211;111111212;Right;0	Stim	Main	1	4	111112211	111111212	Right	0	4494670	0	1	40076	1	0	next	hit	66
18-008-TD003_S005-0009	68	Response	2									4503646	8976	1
18-008-TD003_S005-0009	69	Picture	ITI	ITI								4534746	0	1	2004	1	0	next	other	0
18-008-TD003_S005-0009	70	Picture	Study	Study								4536749	0	1	10019	1	0	next	other	0
18-008-TD003_S005-0009	72	Picture	Stim;Main;1;5;221211211;121212211;Right;0	Stim	Main	1	5	221211211	121212211	Right	0	4576825	0	1	40076	1	0	next	hit	70
18-008-TD003_S005-0009	72	Response	2									4586955	10130	1
18-008-TD003_S005-0009	73	Picture	ITI	ITI								4616901	0	1	2004	1	0	next	other	0
18-008-TD003_S005-0009	74	Picture	Study	Study								4618905	0	1	10019	1	0	next	other	0
18-008-TD003_S005-0009	76	Picture	Stim;Main;1;6;121112112;121111212;Left;0	Stim	Main	1	6	121112112	121111212	Left	0	4658981	0	1	40076	1	0	next	hit	74
18-008-TD003_S005-0009	76	Response	1									4668027	9047	1
18-008-TD003_S005-0009	78	Picture	ITI	ITI								4839155	0	1	2004	1	0	next	other	0
18-008-TD003_S005-0009	79	Picture	Study	Study								4841159	0	1	10019	1	0	next	other	0
18-008-TD003_S005-0009	81	Picture	Stim;Main;1;1;112211122;112212112;Right;0	Stim	Main	1	1	112211122	112212112	Right	0	4881234	0	1	40076	1	0	next	hit	78
18-008-TD003_S005-0009	81	Response	2									4891575	10341	1
18-008-TD003_S005-0009	82	Picture	ITI	ITI								4921310	0	1	2004	1	0	next	other	0
18-008-TD003_S005-0009	83	Picture	Study	Study								4923314	0	1	10019	1	0	next	other	0
18-008-TD003_S005-0009	85	Picture	Stim;Main;1;2;121121122;211121122;Left;0	Stim	Main	1	2	121121122	211121122	Left	0	4963390	0	1	40076	1	0	next	hit	82
18-008-TD003_S005-0009	85	Response	1									4969929	6540	1
18-008-TD003_S005-0009	86	Picture	ITI	ITI								5003466	0	1	2004	1	0	next	other	0
18-008-TD003_S005-0009	87	Picture	Study	Study								5005469	0	1	10019	1	0	next	other	0
18-008-TD003_S005-0009	89	Picture	Stim;Main;1;3;121112111;111122111;Left;0	Stim	Main	1	3	121112111	111122111	Left	0	5045545	0	1	40076	1	0	next	hit	86
18-008-TD003_S005-0009	89	Response	1									5052120	6575	1
18-008-TD003_S005-0009	90	Picture	ITI	ITI								5085621	0	1	2004	1	0	next	other	0
18-008-TD003_S005-0009	91	Picture	Study	Study								5087625	0	1	10019	1	0	next	other	0
18-008-TD003_S005-0009	93	Picture	Stim;Main;1;4;111111222;121111122;Right;0	Stim	Main	1	4	111111222	121111122	Right	0	5127701	0	1	40076	1	0	next	hit	90
18-008-TD003_S005-0009	93	Response	2									5135750	8049	1
18-008-TD003_S005-0009	94	Picture	ITI	ITI								5167776	0	1	2004	1	0	next	other	0
18-008-TD003_S005-0009	95	Picture	Study	Study								5169780	0	1	10019	1	0	next	other	0
18-008-TD003_S005-0009	97	Picture	Stim;Main;1;5;121221111;121211112;Right;0	Stim	Main	1	5	121221111	121211112	Right	0	5209856	0	1	40076	1	0	next	hit	94
18-008-TD003_S005-0009	97	Response	2									5218261	8405	1
18-008-TD003_S005-0009	98	Picture	ITI	ITI								5249932	0	1	2004	1	0	next	other	0
18-008-TD003_S005-0009	99	Picture	Study	Study								5251935	0	1	10019	1	0	next	other	0
18-008-TD003_S005-0009	101	Picture	Stim;Main;1;6;111111122;111112112;Left;0	Stim	Main	1	6	111111122	111112112	Left	0	5292011	0	1	40076	1	0	next	hit	98
18-008-TD003_S005-0009	101	Response	1									5300933	8921	1
18-008-TD003_S005-0009	103	Picture	ITI	ITI								5472186	0	1	2004	1	0	next	other	0
18-008-TD003_S005-0009	104	Picture	Study	Study								5474189	0	1	10019	1	0	next	other	0
18-008-TD003_S005-0009	106	Picture	Stim;Main;1;1;211111211;211111112;Right;0	Stim	Main	1	1	211111211	211111112	Right	0	5514265	0	1	40076	1	0	next	hit	102
18-008-TD003_S005-0009	106	Response	2									5523360	9095	1
18-008-TD003_S005-0009	107	Picture	ITI	ITI								5554341	0	1	2004	1	0	next	other	0
18-008-TD003_S005-0009	108	Picture	Study	Study								5556345	0	1	10019	1	0	next	other	0
18-008-TD003_S005-0009	110	Picture	Stim;Main;1;2;212211111;211211211;Left;0	Stim	Main	1	2	212211111	211211211	Left	0	5596420	0	1	40076	1	0	next	hit	106
18-008-TD003_S005-0009	110	Response	1									5605072	8652	1
18-008-TD003_S005-0009	111	Picture	ITI	ITI								5636496	0	1	2004	1	0	next	other	0
18-008-TD003_S005-0009	112	Picture	Study	Study								5638500	0	1	10019	1	0	next	other	0
18-008-TD003_S005-0009	114	Picture	Stim;Main;1;3;111222121;211122121;Left;0	Stim	Main	1	3	111222121	211122121	Left	0	5678576	0	1	40076	1	0	next	hit	110
18-008-TD003_S005-0009	114	Response	1									5684865	6289	1
18-008-TD003_S005-0009	115	Picture	ITI	ITI								5718652	0	1	2004	1	0	next	other	0
18-008-TD003_S005-0009	116	Picture	Study	Study								5720655	0	1	10019	1	0	next	other	0
18-008-TD003_S005-0009	118	Picture	Stim;Main;1;4;121121111;211121111;Right;0	Stim	Main	1	4	121121111	211121111	Right	0	5760731	0	1	40076	1	0	next	hit	114
18-008-TD003_S005-0009	118	Response	2									5780327	19596	1
18-008-TD003_S005-0009	119	Picture	ITI	ITI								5800807	0	1	2004	1	0	next	other	0
18-008-TD003_S005-0009	120	Picture	Study	Study								5802811	0	1	10019	1	0	next	other	0
18-008-TD003_S005-0009	122	Picture	Stim;Main;1;5;112112111;111122111;Right;0	Stim	Main	1	5	112112111	111122111	Right	0	5842887	0	1	40076	1	0	next	hit	118
18-008-TD003_S005-0009	122	Response	2									5848927	6040	1
18-008-TD003_S005-0009	123	Picture	ITI	ITI								5882963	0	1	2004	1	0	next	other	0
18-008-TD003_S005-0009	124	Picture	Study	Study								5884966	0	1	10019	1	0	next	other	0
18-008-TD003_S005-0009	126	Picture	Stim;Main;1;6;111111122;111121112;Left;0	Stim	Main	1	6	111111122	111121112	Left	0	5925042	0	1	40076	1	0	next	hit	122
18-008-TD003_S005-0009	126	Response	1									5930959	5917	1
18-008-TD003_S005-0009	128	Quit										6411573	306357	NA
