Scenario - Match to Sample
Logfile written - 10/16/2019 11:00:29

Subject	Trial	Event Type	Code	event_cond(str)	block_name(str)	block_number(num)	trial_number(num)	study_grid(str)	dist_grid(str)	study_side(str)	delay(num)	Time	TTime	Uncertainty	Duration	Uncertainty	ReqTime	ReqDur	Stim Type	Pair Index

18014CAS005110162019 Difficult	0	Response	1									287062	287062	1
18014CAS005110162019 Difficult	0	Pulse	84									770896	770896	1
18014CAS005110162019 Difficult	3	Picture	ITI	ITI								941104	0	1	2004	1	0	next	other	0
18014CAS005110162019 Difficult	4	Picture	Study	Study								943108	0	1	10019	1	0	next	other	0
18014CAS005110162019 Difficult	6	Picture	Stim;Main;1;1;1111211111211111111111111;1121211111111111111111111;Right;0	Stim	Main	1	1	1111211111211111111111111	1121211111111111111111111	Right	0	983183	0	1	40075	1	0	next	hit	6
18014CAS005110162019 Difficult	6	Response	2									1011696	28513	1
18014CAS005110162019 Difficult	7	Picture	ITI	ITI								1023258	0	1	2004	1	0	next	other	0
18014CAS005110162019 Difficult	8	Picture	Study	Study								1025262	0	1	10019	1	0	next	other	0
18014CAS005110162019 Difficult	10	Picture	Stim;Main;1;2;1112111111111111121121111;1212111111111111111121111;Right;0	Stim	Main	1	2	1112111111111111121121111	1212111111111111111121111	Right	0	1065338	0	1	40075	1	0	next	miss	0
18014CAS005110162019 Difficult	11	Picture	ITI	ITI								1105413	0	1	2004	1	0	next	other	0
18014CAS005110162019 Difficult	12	Picture	Study	Study								1107417	0	1	10019	1	0	next	other	0
18014CAS005110162019 Difficult	14	Picture	Stim;Main;1;3;1111121111111111111112111;1111121111111121111111111;Right;0	Stim	Main	1	3	1111121111111111111112111	1111121111111121111111111	Right	0	1147492	0	1	40075	1	0	next	hit	13
18014CAS005110162019 Difficult	14	Response	2									1163755	16263	1
18014CAS005110162019 Difficult	14	Response	1									1163755	16263	1
18014CAS005110162019 Difficult	15	Picture	ITI	ITI								1187568	0	1	2004	1	0	next	other	0
18014CAS005110162019 Difficult	16	Picture	Study	Study								1189571	0	1	10019	1	0	next	other	0
18014CAS005110162019 Difficult	18	Picture	Stim;Main;1;4;2111121211111111112111111;1111121221111111112111111;Left;0	Stim	Main	1	4	2111121211111111112111111	1111121221111111112111111	Left	0	1229647	0	1	40075	1	0	next	hit	18
18014CAS005110162019 Difficult	18	Response	1									1252336	22689	1
18014CAS005110162019 Difficult	19	Picture	ITI	ITI								1269722	0	1	2004	1	0	next	other	0
18014CAS005110162019 Difficult	20	Picture	Study	Study								1271726	0	1	10019	1	0	next	other	0
18014CAS005110162019 Difficult	22	Picture	Stim;Main;1;5;2211111111111111111111112;2211111111111111112111111;Left;0	Stim	Main	1	5	2211111111111111111111112	2211111111111111112111111	Left	0	1311801	0	1	40075	1	0	next	hit	22
18014CAS005110162019 Difficult	22	Response	1									1325567	13766	1
18014CAS005110162019 Difficult	23	Picture	ITI	ITI								1351877	0	1	2004	1	0	next	other	0
18014CAS005110162019 Difficult	24	Picture	Study	Study								1353881	0	1	10019	1	0	next	other	0
18014CAS005110162019 Difficult	26	Picture	Stim;Main;1;6;1111112211111111121211111;1111112111111112121211111;Left;0	Stim	Main	1	6	1111112211111111121211111	1111112111111112121211111	Left	0	1393956	0	1	40075	1	0	next	hit	26
18014CAS005110162019 Difficult	26	Response	1									1412548	18592	1
18014CAS005110162019 Difficult	28	Picture	ITI	ITI								1574128	0	1	2004	1	0	next	other	0
18014CAS005110162019 Difficult	29	Picture	Study	Study								1576132	0	1	10019	1	0	next	other	0
18014CAS005110162019 Difficult	31	Picture	Stim;Main;1;1;1111111211121111121111111;1111111211122111111111111;Right;0	Stim	Main	1	1	1111111211121111121111111	1111111211122111111111111	Right	0	1616207	0	1	40075	1	0	next	hit	30
18014CAS005110162019 Difficult	31	Response	2									1633841	17634	1
18014CAS005110162019 Difficult	32	Picture	ITI	ITI								1656283	0	1	2004	1	0	next	other	0
18014CAS005110162019 Difficult	33	Picture	Study	Study								1658286	0	1	10019	1	0	next	other	0
18014CAS005110162019 Difficult	35	Picture	Stim;Main;1;2;1111112111111121111111111;1111112111121111111111111;Right;0	Stim	Main	1	2	1111112111111121111111111	1111112111121111111111111	Right	0	1698362	0	1	40075	1	0	next	hit	34
18014CAS005110162019 Difficult	35	Response	2									1706432	8070	1
18014CAS005110162019 Difficult	36	Picture	ITI	ITI								1738437	0	1	2004	1	0	next	other	0
18014CAS005110162019 Difficult	37	Picture	Study	Study								1740441	0	1	10019	1	0	next	other	0
18014CAS005110162019 Difficult	39	Picture	Stim;Main;1;3;1121211111111111111111221;1221111111111111111111221;Right;0	Stim	Main	1	3	1121211111111111111111221	1221111111111111111111221	Right	0	1780517	0	1	40075	1	0	next	hit	38
18014CAS005110162019 Difficult	39	Response	2									1792775	12258	1
18014CAS005110162019 Difficult	40	Picture	ITI	ITI								1820592	0	1	2004	1	0	next	other	0
18014CAS005110162019 Difficult	41	Picture	Study	Study								1822596	0	1	10019	1	0	next	other	0
18014CAS005110162019 Difficult	43	Picture	Stim;Main;1;4;1121121111111111111111111;1122111111111111111111111;Left;0	Stim	Main	1	4	1121121111111111111111111	1122111111111111111111111	Left	0	1862671	0	1	40075	1	0	next	hit	42
18014CAS005110162019 Difficult	43	Response	1									1873841	11170	1
18014CAS005110162019 Difficult	44	Picture	ITI	ITI								1902746	0	1	2004	1	0	next	other	0
18014CAS005110162019 Difficult	45	Picture	Study	Study								1904750	0	1	10019	1	0	next	other	0
18014CAS005110162019 Difficult	47	Picture	Stim;Main;1;5;1211111121211111121111111;1211111121211111111211111;Left;0	Stim	Main	1	5	1211111121211111121111111	1211111121211111111211111	Left	0	1944826	0	1	40075	1	0	next	hit	46
18014CAS005110162019 Difficult	47	Response	1									1959383	14557	1
18014CAS005110162019 Difficult	48	Picture	ITI	ITI								1984901	0	1	2004	1	0	next	other	0
18014CAS005110162019 Difficult	49	Picture	Study	Study								1986905	0	1	10019	1	0	next	other	0
18014CAS005110162019 Difficult	51	Picture	Stim;Main;1;6;1111111211111121111111112;1111111111111221111111112;Left;0	Stim	Main	1	6	1111111211111121111111112	1111111111111221111111112	Left	0	2026980	0	1	40075	1	0	next	hit	50
18014CAS005110162019 Difficult	51	Response	1									2047484	20504	1
18014CAS005110162019 Difficult	53	Picture	ITI	ITI								2207152	0	1	2004	1	0	next	other	0
18014CAS005110162019 Difficult	54	Picture	Study	Study								2209156	0	1	10019	1	0	next	other	0
18014CAS005110162019 Difficult	56	Picture	Stim;Main;1;1;1211111111111111111111221;1111111111111112111111221;Right;0	Stim	Main	1	1	1211111111111111111111221	1111111111111112111111221	Right	0	2249232	0	1	40075	1	0	next	hit	54
18014CAS005110162019 Difficult	56	Response	2									2265578	16346	1
18014CAS005110162019 Difficult	57	Picture	ITI	ITI								2289307	0	1	2004	1	0	next	other	0
18014CAS005110162019 Difficult	58	Picture	Study	Study								2291311	0	1	10019	1	0	next	other	0
18014CAS005110162019 Difficult	60	Picture	Stim;Main;1;2;1111112211121111111121111;1111111211121111111121211;Right;0	Stim	Main	1	2	1111112211121111111121111	1111111211121111111121211	Right	0	2331386	0	1	40075	1	0	next	hit	58
18014CAS005110162019 Difficult	60	Response	2									2344084	12698	1
18014CAS005110162019 Difficult	61	Picture	ITI	ITI								2371462	0	1	2004	1	0	next	other	0
18014CAS005110162019 Difficult	62	Picture	Study	Study								2373465	0	1	10019	1	0	next	other	0
18014CAS005110162019 Difficult	64	Picture	Stim;Main;1;3;1111211211211111121111111;1211211211111111121111111;Right;0	Stim	Main	1	3	1111211211211111121111111	1211211211111111121111111	Right	0	2413541	0	1	40075	1	0	next	hit	62
18014CAS005110162019 Difficult	64	Response	2									2425950	12409	1
18014CAS005110162019 Difficult	65	Picture	ITI	ITI								2453616	0	1	2004	1	0	next	other	0
18014CAS005110162019 Difficult	66	Picture	Study	Study								2455620	0	1	10019	1	0	next	other	0
18014CAS005110162019 Difficult	68	Picture	Stim;Main;1;4;1111221111111111111111111;1111211111111111111112111;Left;0	Stim	Main	1	4	1111221111111111111111111	1111211111111111111112111	Left	0	2495695	0	1	40076	1	0	next	hit	66
18014CAS005110162019 Difficult	68	Response	1									2511972	16276	1
18014CAS005110162019 Difficult	69	Picture	ITI	ITI								2535771	0	1	2004	1	0	next	other	0
18014CAS005110162019 Difficult	70	Picture	Study	Study								2537775	0	1	10019	1	0	next	other	0
18014CAS005110162019 Difficult	72	Picture	Stim;Main;1;5;2111121111111112111211111;2111121211111111111211111;Left;0	Stim	Main	1	5	2111121111111112111211111	2111121211111111111211111	Left	0	2577850	0	1	40075	1	0	next	hit	70
18014CAS005110162019 Difficult	72	Response	1									2588721	10871	1
18014CAS005110162019 Difficult	73	Picture	ITI	ITI								2617925	0	1	2004	1	0	next	other	0
18014CAS005110162019 Difficult	74	Picture	Study	Study								2619929	0	1	10019	1	0	next	other	0
18014CAS005110162019 Difficult	76	Picture	Stim;Main;1;6;1111111111111112111112111;1111111111111111121112111;Left;0	Stim	Main	1	6	1111111111111112111112111	1111111111111111121112111	Left	0	2660005	0	1	40075	1	0	next	hit	74
18014CAS005110162019 Difficult	76	Response	1									2678581	18577	1
18014CAS005110162019 Difficult	78	Picture	ITI	ITI								2840177	0	1	2004	1	0	next	other	0
18014CAS005110162019 Difficult	79	Picture	Study	Study								2842181	0	1	10019	1	0	next	other	0
18014CAS005110162019 Difficult	81	Picture	Stim;Main;1;1;1111111111111111111111122;1112111111111111111111112;Right;0	Stim	Main	1	1	1111111111111111111111122	1112111111111111111111112	Right	0	2882256	0	1	40075	1	0	next	hit	78
18014CAS005110162019 Difficult	81	Response	2									2893796	11540	1
18014CAS005110162019 Difficult	82	Picture	ITI	ITI								2922331	0	1	2004	1	0	next	other	0
18014CAS005110162019 Difficult	83	Picture	Study	Study								2924335	0	1	10019	1	0	next	other	0
18014CAS005110162019 Difficult	85	Picture	Stim;Main;1;2;1111212211111121111111111;1111112211111121111111112;Right;0	Stim	Main	1	2	1111212211111121111111111	1111112211111121111111112	Right	0	2964411	0	1	40075	1	0	next	hit	82
18014CAS005110162019 Difficult	85	Response	2									2978379	13968	1
18014CAS005110162019 Difficult	86	Picture	ITI	ITI								3004486	0	1	2004	1	0	next	other	0
18014CAS005110162019 Difficult	87	Picture	Study	Study								3006490	0	1	10019	1	0	next	other	0
18014CAS005110162019 Difficult	89	Picture	Stim;Main;1;3;1112111111111211121211111;1111111111111211121212111;Right;0	Stim	Main	1	3	1112111111111211121211111	1111111111111211121212111	Right	0	3046565	0	1	40075	1	0	next	hit	86
18014CAS005110162019 Difficult	89	Response	2									3059924	13359	1
18014CAS005110162019 Difficult	90	Picture	ITI	ITI								3086641	0	1	2004	1	0	next	other	0
18014CAS005110162019 Difficult	91	Picture	Study	Study								3088644	0	1	10019	1	0	next	other	0
18014CAS005110162019 Difficult	93	Picture	Stim;Main;1;4;1122111111111121111121111;1122111111211111111121111;Left;0	Stim	Main	1	4	1122111111111121111121111	1122111111211111111121111	Left	0	3128720	0	1	40075	1	0	next	hit	90
18014CAS005110162019 Difficult	93	Response	1									3150743	22024	1
18014CAS005110162019 Difficult	94	Picture	ITI	ITI								3168795	0	1	2004	1	0	next	other	0
18014CAS005110162019 Difficult	95	Picture	Study	Study								3170799	0	1	10019	1	0	next	other	0
18014CAS005110162019 Difficult	97	Picture	Stim;Main;1;5;1111111211111111121111111;1111111211111111111211111;Left;0	Stim	Main	1	5	1111111211111111121111111	1111111211111111111211111	Left	0	3210874	0	1	40075	1	0	next	hit	94
18014CAS005110162019 Difficult	97	Response	1									3221896	11021	1
18014CAS005110162019 Difficult	98	Picture	ITI	ITI								3250950	0	1	2004	1	0	next	other	0
18014CAS005110162019 Difficult	99	Picture	Study	Study								3252954	0	1	10019	1	0	next	other	0
18014CAS005110162019 Difficult	101	Picture	Stim;Main;1;6;1111111111121111111221111;1111111111122111111121111;Left;0	Stim	Main	1	6	1111111111121111111221111	1111111111122111111121111	Left	0	3293029	0	1	40075	1	0	next	hit	98
18014CAS005110162019 Difficult	101	Response	1									3304401	11372	1
18014CAS005110162019 Difficult	103	Picture	ITI	ITI								3473201	0	1	2004	1	0	next	other	0
18014CAS005110162019 Difficult	104	Picture	Study	Study								3475205	0	1	10019	1	0	next	other	0
18014CAS005110162019 Difficult	106	Picture	Stim;Main;1;1;1121111111111111112111111;1111112111111111112111111;Right;0	Stim	Main	1	1	1121111111111111112111111	1111112111111111112111111	Right	0	3515280	0	1	40075	1	0	next	hit	102
18014CAS005110162019 Difficult	106	Response	2									3534006	18726	1
18014CAS005110162019 Difficult	107	Picture	ITI	ITI								3555356	0	1	2004	1	0	next	other	0
18014CAS005110162019 Difficult	108	Picture	Study	Study								3557360	0	1	10019	1	0	next	other	0
18014CAS005110162019 Difficult	110	Picture	Stim;Main;1;2;1111121111212111111211111;1111121111211111111211112;Right;0	Stim	Main	1	2	1111121111212111111211111	1111121111211111111211112	Right	0	3597435	0	1	40075	1	0	next	hit	106
18014CAS005110162019 Difficult	110	Response	2									3619228	21793	1
18014CAS005110162019 Difficult	111	Picture	ITI	ITI								3637510	0	1	2004	1	0	next	other	0
18014CAS005110162019 Difficult	112	Picture	Study	Study								3639514	0	1	10019	1	0	next	other	0
18014CAS005110162019 Difficult	114	Picture	Stim;Main;1;3;1112111111111111121111111;1112111111111121111111111;Right;0	Stim	Main	1	3	1112111111111111121111111	1112111111111121111111111	Right	0	3679589	0	1	40075	1	0	next	hit	110
18014CAS005110162019 Difficult	114	Response	2									3698534	18945	1
18014CAS005110162019 Difficult	115	Picture	ITI	ITI								3719665	0	1	2004	1	0	next	other	0
18014CAS005110162019 Difficult	116	Picture	Study	Study								3721669	0	1	10019	1	0	next	other	0
18014CAS005110162019 Difficult	118	Picture	Stim;Main;1;4;1112211112121111111111111;1112111112121111111111211;Left;0	Stim	Main	1	4	1112211112121111111111111	1112111112121111111111211	Left	0	3761744	0	1	40075	1	0	next	hit	114
18014CAS005110162019 Difficult	118	Response	1									3776881	15137	1
18014CAS005110162019 Difficult	119	Picture	ITI	ITI								3801820	0	1	2004	1	0	next	other	0
18014CAS005110162019 Difficult	120	Picture	Study	Study								3803823	0	1	10019	1	0	next	other	0
18014CAS005110162019 Difficult	122	Picture	Stim;Main;1;5;1211121111111111121111111;1111121211111111121111111;Left;0	Stim	Main	1	5	1211121111111111121111111	1111121211111111121111111	Left	0	3843899	0	1	40075	1	0	next	hit	118
18014CAS005110162019 Difficult	122	Response	1									3853789	9891	1
18014CAS005110162019 Difficult	123	Picture	ITI	ITI								3883974	0	1	2004	1	0	next	other	0
18014CAS005110162019 Difficult	124	Picture	Study	Study								3885978	0	1	10019	1	0	next	other	0
18014CAS005110162019 Difficult	126	Picture	Stim;Main;1;6;1111111121111111111111211;1112111111111111111111211;Left;0	Stim	Main	1	6	1111111121111111111111211	1112111111111111111111211	Left	0	3926053	0	1	40075	1	0	next	hit	122
18014CAS005110162019 Difficult	126	Response	1									3935494	9441	1
18014CAS005110162019 Difficult	127	Pulse	84									4070763	104635	1
18014CAS005110162019 Difficult	128	Quit										4329667	223442	NA
