Scenario - Match to Sample
Logfile written - 10/16/2019 11:07:20

Subject	Trial	Event Type	Code	event_cond(str)	block_name(str)	block_number(num)	trial_number(num)	study_grid(str)	dist_grid(str)	study_side(str)	delay(num)	Time	TTime	Uncertainty	Duration	Uncertainty	ReqTime	ReqDur	Stim Type	Pair Index

18014CAS005110162019 Simple	0	Pulse	84									288453	288453	1
18014CAS005110162019 Simple	3	Picture	ITI	ITI								458696	0	1	2004	1	0	next	other	0
18014CAS005110162019 Simple	4	Picture	Study	Study								460700	0	1	10019	1	0	next	other	0
18014CAS005110162019 Simple	6	Picture	Stim;Main;1;1;122111111;121111211;Left;0	Stim	Main	1	1	122111111	121111211	Left	0	500775	0	1	40075	1	0	next	hit	5
18014CAS005110162019 Simple	6	Response	1									517260	16484	1
18014CAS005110162019 Simple	7	Picture	ITI	ITI								540851	0	1	2004	1	0	next	other	0
18014CAS005110162019 Simple	8	Picture	Study	Study								542855	0	1	10019	1	0	next	other	0
18014CAS005110162019 Simple	10	Picture	Stim;Main;1;2;211121221;221121121;Right;0	Stim	Main	1	2	211121221	221121121	Right	0	582930	0	1	40075	1	0	next	hit	9
18014CAS005110162019 Simple	10	Response	2									591769	8839	1
18014CAS005110162019 Simple	11	Picture	ITI	ITI								623005	0	1	2004	1	0	next	other	0
18014CAS005110162019 Simple	12	Picture	Study	Study								625009	0	1	10019	1	0	next	other	0
18014CAS005110162019 Simple	14	Picture	Stim;Main;1;3;111211121;111211211;Right;0	Stim	Main	1	3	111211121	111211211	Right	0	665085	0	1	40075	1	0	next	hit	13
18014CAS005110162019 Simple	14	Response	2									677951	12866	1
18014CAS005110162019 Simple	15	Picture	ITI	ITI								705160	0	1	2004	1	0	next	other	0
18014CAS005110162019 Simple	16	Picture	Study	Study								707164	0	1	10019	1	0	next	other	0
18014CAS005110162019 Simple	18	Picture	Stim;Main;1;4;121112112;111112212;Left;0	Stim	Main	1	4	121112112	111112212	Left	0	747239	0	1	40075	1	0	next	hit	17
18014CAS005110162019 Simple	18	Response	1									759657	12418	1
18014CAS005110162019 Simple	19	Picture	ITI	ITI								787315	0	1	2004	1	0	next	other	0
18014CAS005110162019 Simple	20	Picture	Study	Study								789318	0	1	10019	1	0	next	other	0
18014CAS005110162019 Simple	22	Picture	Stim;Main;1;5;211121111;111122111;Right;0	Stim	Main	1	5	211121111	111122111	Right	0	829394	0	1	40075	1	0	next	hit	21
18014CAS005110162019 Simple	22	Response	2									837526	8132	1
18014CAS005110162019 Simple	23	Picture	ITI	ITI								869469	0	1	2004	1	0	next	other	0
18014CAS005110162019 Simple	24	Picture	Study	Study								871473	0	1	10019	1	0	next	other	0
18014CAS005110162019 Simple	26	Picture	Stim;Main;1;6;211112121;211111221;Left;0	Stim	Main	1	6	211112121	211111221	Left	0	911548	0	1	40075	1	0	next	hit	25
18014CAS005110162019 Simple	26	Response	1									925307	13759	1
18014CAS005110162019 Simple	28	Picture	ITI	ITI								1091720	0	1	2004	1	0	next	other	0
18014CAS005110162019 Simple	29	Picture	Study	Study								1093724	0	1	10019	1	0	next	other	0
18014CAS005110162019 Simple	31	Picture	Stim;Main;1;1;221211211;211221211;Left;0	Stim	Main	1	1	221211211	211221211	Left	0	1133800	0	1	40075	1	0	next	hit	29
18014CAS005110162019 Simple	31	Response	1									1143559	9760	1
18014CAS005110162019 Simple	32	Picture	ITI	ITI								1173875	0	1	2004	1	0	next	other	0
18014CAS005110162019 Simple	33	Picture	Study	Study								1175879	0	1	10019	1	0	next	other	0
18014CAS005110162019 Simple	35	Picture	Stim;Main;1;2;111121122;111122121;Right;0	Stim	Main	1	2	111121122	111122121	Right	0	1215954	0	1	40075	1	0	next	hit	33
18014CAS005110162019 Simple	35	Response	2									1227663	11709	1
18014CAS005110162019 Simple	36	Picture	ITI	ITI								1256030	0	1	2004	1	0	next	other	0
18014CAS005110162019 Simple	37	Picture	Study	Study								1258033	0	1	10019	1	0	next	other	0
18014CAS005110162019 Simple	39	Picture	Stim;Main;1;3;211111211;111111212;Right;0	Stim	Main	1	3	211111211	111111212	Right	0	1298109	0	1	40075	1	0	next	hit	37
18014CAS005110162019 Simple	39	Response	2									1315764	17655	1
18014CAS005110162019 Simple	40	Picture	ITI	ITI								1338184	0	1	2004	1	0	next	other	0
18014CAS005110162019 Simple	41	Picture	Study	Study								1340188	0	1	10019	1	0	next	other	0
18014CAS005110162019 Simple	43	Picture	Stim;Main;1;4;212211112;212211121;Left;0	Stim	Main	1	4	212211112	212211121	Left	0	1380263	0	1	40075	1	0	next	hit	41
18014CAS005110162019 Simple	43	Response	1									1394532	14268	1
18014CAS005110162019 Simple	44	Picture	ITI	ITI								1420339	0	1	2004	1	0	next	other	0
18014CAS005110162019 Simple	45	Picture	Study	Study								1422343	0	1	10019	1	0	next	other	0
18014CAS005110162019 Simple	47	Picture	Stim;Main;1;5;111111122;111112112;Right;0	Stim	Main	1	5	111111122	111112112	Right	0	1462418	0	1	40075	1	0	next	hit	45
18014CAS005110162019 Simple	47	Response	2									1478315	15897	1
18014CAS005110162019 Simple	48	Picture	ITI	ITI								1502493	0	1	2004	1	0	next	other	0
18014CAS005110162019 Simple	49	Picture	Study	Study								1504497	0	1	10019	1	0	next	other	0
18014CAS005110162019 Simple	50	Response	2									1518928	4412	1
18014CAS005110162019 Simple	51	Picture	Stim;Main;1;6;111111122;112111112;Left;0	Stim	Main	1	6	111111122	112111112	Left	0	1544572	0	1	40075	1	0	next	incorrect	50
18014CAS005110162019 Simple	51	Response	2									1556183	11610	1
18014CAS005110162019 Simple	51	Response	1									1563698	19125	1
18014CAS005110162019 Simple	51	Response	1									1579367	34795	1
18014CAS005110162019 Simple	53	Picture	ITI	ITI								1724745	0	1	2004	1	0	next	other	0
18014CAS005110162019 Simple	54	Picture	Study	Study								1726748	0	1	10019	1	0	next	other	0
18014CAS005110162019 Simple	56	Picture	Stim;Main;1;1;121211111;122111111;Left;0	Stim	Main	1	1	121211111	122111111	Left	0	1766824	0	1	40075	1	0	next	hit	56
18014CAS005110162019 Simple	56	Response	1									1782590	15766	1
18014CAS005110162019 Simple	57	Picture	ITI	ITI								1806899	0	1	2004	1	0	next	other	0
18014CAS005110162019 Simple	58	Picture	Study	Study								1808903	0	1	10019	1	0	next	other	0
18014CAS005110162019 Simple	60	Picture	Stim;Main;1;2;111211121;111212111;Right;0	Stim	Main	1	2	111211121	111212111	Right	0	1848978	0	1	40075	1	0	next	hit	60
18014CAS005110162019 Simple	60	Response	2									1860778	11799	1
18014CAS005110162019 Simple	61	Picture	ITI	ITI								1889054	0	1	2004	1	0	next	other	0
18014CAS005110162019 Simple	62	Picture	Study	Study								1891058	0	1	10019	1	0	next	other	0
18014CAS005110162019 Simple	64	Picture	Stim;Main;1;3;211122111;211121121;Right;0	Stim	Main	1	3	211122111	211121121	Right	0	1931133	0	1	40075	1	0	next	hit	64
18014CAS005110162019 Simple	64	Response	2									1947440	16307	1
18014CAS005110162019 Simple	65	Picture	ITI	ITI								1971209	0	1	2004	1	0	next	other	0
18014CAS005110162019 Simple	66	Picture	Study	Study								1973212	0	1	10019	1	0	next	other	0
18014CAS005110162019 Simple	68	Picture	Stim;Main;1;4;212121121;211221121;Left;0	Stim	Main	1	4	212121121	211221121	Left	0	2013288	0	1	40075	1	0	next	hit	68
18014CAS005110162019 Simple	68	Response	1									2028245	14957	1
18014CAS005110162019 Simple	69	Picture	ITI	ITI								2053363	0	1	2004	1	0	next	other	0
18014CAS005110162019 Simple	70	Picture	Study	Study								2055367	0	1	10019	1	0	next	other	0
18014CAS005110162019 Simple	72	Picture	Stim;Main;1;5;212111122;112111222;Right;0	Stim	Main	1	5	212111122	112111222	Right	0	2095442	0	1	40075	1	0	next	hit	72
18014CAS005110162019 Simple	72	Response	2									2103875	8433	1
18014CAS005110162019 Simple	73	Picture	ITI	ITI								2135518	0	1	2004	1	0	next	other	0
18014CAS005110162019 Simple	74	Picture	Study	Study								2137521	0	1	10018	1	0	next	other	0
18014CAS005110162019 Simple	76	Picture	Stim;Main;1;6;121112111;111212111;Left;0	Stim	Main	1	6	121112111	111212111	Left	0	2177597	0	1	40075	1	0	next	hit	76
18014CAS005110162019 Simple	76	Response	1									2187340	9743	1
18014CAS005110162019 Simple	78	Picture	ITI	ITI								2357769	0	1	2004	1	0	next	other	0
18014CAS005110162019 Simple	79	Picture	Study	Study								2359773	0	1	10019	1	0	next	other	0
18014CAS005110162019 Simple	81	Picture	Stim;Main;1;1;211121112;211121121;Left;0	Stim	Main	1	1	211121112	211121121	Left	0	2399848	0	1	40075	1	0	next	hit	80
18014CAS005110162019 Simple	81	Response	1									2411830	11982	1
18014CAS005110162019 Simple	82	Picture	ITI	ITI								2439924	0	1	2004	1	0	next	other	0
18014CAS005110162019 Simple	83	Picture	Study	Study								2441927	0	1	10019	1	0	next	other	0
18014CAS005110162019 Simple	85	Picture	Stim;Main;1;2;111121121;121121111;Right;0	Stim	Main	1	2	111121121	121121111	Right	0	2482003	0	1	40075	1	0	next	hit	84
18014CAS005110162019 Simple	85	Response	2									2494813	12811	1
18014CAS005110162019 Simple	86	Picture	ITI	ITI								2522078	0	1	2004	1	0	next	other	0
18014CAS005110162019 Simple	87	Picture	Study	Study								2524082	0	1	10019	1	0	next	other	0
18014CAS005110162019 Simple	89	Picture	Stim;Main;1;3;121121211;121112211;Right;0	Stim	Main	1	3	121121211	121112211	Right	0	2564157	0	1	40075	1	0	next	hit	88
18014CAS005110162019 Simple	89	Response	2									2579237	15080	1
18014CAS005110162019 Simple	90	Picture	ITI	ITI								2604233	0	1	2004	1	0	next	other	0
18014CAS005110162019 Simple	91	Picture	Study	Study								2606236	0	1	10019	1	0	next	other	0
18014CAS005110162019 Simple	93	Picture	Stim;Main;1;4;211212121;212112121;Left;0	Stim	Main	1	4	211212121	212112121	Left	0	2646312	0	1	40075	1	0	next	hit	92
18014CAS005110162019 Simple	93	Response	1									2657589	11278	1
18014CAS005110162019 Simple	94	Picture	ITI	ITI								2686387	0	1	2004	1	0	next	other	0
18014CAS005110162019 Simple	95	Picture	Study	Study								2688391	0	1	10019	1	0	next	other	0
18014CAS005110162019 Simple	97	Picture	Stim;Main;1;5;111112121;112112111;Right;0	Stim	Main	1	5	111112121	112112111	Right	0	2728466	0	1	40075	1	0	next	hit	96
18014CAS005110162019 Simple	97	Response	2									2738822	10355	1
18014CAS005110162019 Simple	98	Picture	ITI	ITI								2768542	0	1	2004	1	0	next	other	0
18014CAS005110162019 Simple	99	Picture	Study	Study								2770546	0	1	10019	1	0	next	other	0
18014CAS005110162019 Simple	101	Picture	Stim;Main;1;6;211112212;221112211;Left;0	Stim	Main	1	6	211112212	221112211	Left	0	2810621	0	1	40075	1	0	next	hit	100
18014CAS005110162019 Simple	101	Response	1									2823249	12628	1
18014CAS005110162019 Simple	103	Picture	ITI	ITI								2990793	0	1	2004	1	0	next	other	0
18014CAS005110162019 Simple	104	Picture	Study	Study								2992797	0	1	10019	1	0	next	other	0
18014CAS005110162019 Simple	106	Picture	Stim;Main;1;1;121121211;121221111;Left;0	Stim	Main	1	1	121121211	121221111	Left	0	3032872	0	1	40075	1	0	next	hit	104
18014CAS005110162019 Simple	106	Response	1									3044071	11198	1
18014CAS005110162019 Simple	107	Picture	ITI	ITI								3072948	0	1	2004	1	0	next	other	0
18014CAS005110162019 Simple	108	Picture	Study	Study								3074952	0	1	10019	1	0	next	other	0
18014CAS005110162019 Simple	110	Picture	Stim;Main;1;2;111111221;111211121;Right;0	Stim	Main	1	2	111111221	111211121	Right	0	3115027	0	1	40075	1	0	next	hit	108
18014CAS005110162019 Simple	110	Response	2									3130667	15640	1
18014CAS005110162019 Simple	111	Picture	ITI	ITI								3155102	0	1	2004	1	0	next	other	0
18014CAS005110162019 Simple	112	Picture	Study	Study								3157106	0	1	10019	1	0	next	other	0
18014CAS005110162019 Simple	114	Picture	Stim;Main;1;3;112212111;122211111;Right;0	Stim	Main	1	3	112212111	122211111	Right	0	3197182	0	1	40075	1	0	next	hit	112
18014CAS005110162019 Simple	114	Response	2									3208700	11518	1
18014CAS005110162019 Simple	115	Picture	ITI	ITI								3237257	0	1	2004	1	0	next	other	0
18014CAS005110162019 Simple	116	Picture	Study	Study								3239261	0	1	10019	1	0	next	other	0
18014CAS005110162019 Simple	118	Picture	Stim;Main;1;4;111112112;121111112;Left;0	Stim	Main	1	4	111112112	121111112	Left	0	3279336	0	1	40075	1	0	next	hit	116
18014CAS005110162019 Simple	118	Response	1									3288808	9472	1
18014CAS005110162019 Simple	119	Picture	ITI	ITI								3319412	0	1	2004	1	0	next	other	0
18014CAS005110162019 Simple	120	Picture	Study	Study								3321415	0	1	10019	1	0	next	other	0
18014CAS005110162019 Simple	122	Picture	Stim;Main;1;5;211111212;221111112;Right;0	Stim	Main	1	5	211111212	221111112	Right	0	3361491	0	1	40075	1	0	next	hit	120
18014CAS005110162019 Simple	122	Response	2									3378033	16542	1
18014CAS005110162019 Simple	123	Picture	ITI	ITI								3401566	0	1	2004	1	0	next	other	0
18014CAS005110162019 Simple	124	Picture	Study	Study								3403570	0	1	10019	1	0	next	other	0
18014CAS005110162019 Simple	126	Picture	Stim;Main;1;6;212111211;211211211;Left;0	Stim	Main	1	6	212111211	211211211	Left	0	3443645	0	1	40075	1	0	next	hit	124
18014CAS005110162019 Simple	126	Response	1									3457823	14177	1
18014CAS005110162019 Simple	127	Pulse	84									3588300	104580	1
18014CAS005110162019 Simple	128	Quit										3904810	280993	NA
