Scenario - 
Logfile written - 04/29/2019 14:48:11

Subject	Trial	Event Type	Code	event_cond(str)	block_name(str)	block_number(num)	trial_number(num)	study_grid(str)	dist_grid(str)	study_side(str)	delay(num)	Time	TTime	Uncertainty	Duration	Uncertainty	ReqTime	ReqDur	Stim Type	Pair Index

H18-014_S01-01-simple	0	Pulse	0									0	0	NA
H18-014_S01-01-simple	0	Pulse	0									20000	20000	NA
H18-014_S01-01-simple	0	Pulse	0									40000	40000	NA
H18-014_S01-01-simple	0	Pulse	0									60000	60000	NA
H18-014_S01-01-simple	0	Pulse	0									80000	80000	NA
H18-014_S01-01-simple	0	Pulse	0									100000	100000	NA
H18-014_S01-01-simple	1	Pulse	0									120000	19811	NA
H18-014_S01-01-simple	2	Pulse	0									140000	9755	NA
H18-014_S01-01-simple	2	Pulse	0									160000	29755	NA
H18-014_S01-01-simple	2	Pulse	0									180000	49755	NA
H18-014_S01-01-simple	2	Pulse	0									200000	69755	NA
H18-014_S01-01-simple	2	Pulse	0									220000	89755	NA
H18-014_S01-01-simple	2	Pulse	0									240000	109755	NA
H18-014_S01-01-simple	2	Pulse	0									260000	129755	NA
H18-014_S01-01-simple	3	Picture	ITI	ITI								270343	0	1	2004	1	0	next	other	0
H18-014_S01-01-simple	4	Picture	Study	Study								272347	0	1	10019	1	0	next	other	0
H18-014_S01-01-simple	4	Pulse	0									280000	7653	NA
H18-014_S01-01-simple	5	Pulse	0									300000	17634	NA
H18-014_S01-01-simple	6	Picture	Stim;Main;1;1;121211121;121121121;Left;0	Stim	Main	1	1	121211121	121121121	Left	0	309417	0	1	40076	1	0	next	miss	0
H18-014_S01-01-simple	6	Pulse	0									320000	10583	NA
H18-014_S01-01-simple	6	Pulse	0									340000	30583	NA
H18-014_S01-01-simple	7	Picture	ITI	ITI								349492	0	1	2004	1	0	next	other	0
H18-014_S01-01-simple	8	Picture	Study	Study								351496	0	1	10019	1	0	next	other	0
H18-014_S01-01-simple	8	Pulse	0									360000	8504	NA
H18-014_S01-01-simple	9	Pulse	0									380000	18485	NA
H18-014_S01-01-simple	10	Picture	Stim;Main;1;2;122211121;112212121;Left;0	Stim	Main	1	2	122211121	112212121	Left	0	388566	0	1	40076	1	0	next	miss	0
H18-014_S01-01-simple	10	Pulse	0									400000	11434	NA
H18-014_S01-01-simple	10	Pulse	0									420000	31434	NA
H18-014_S01-01-simple	11	Picture	ITI	ITI								428641	0	1	2004	1	0	next	other	0
H18-014_S01-01-simple	12	Picture	Study	Study								430645	0	1	10019	1	0	next	other	0
H18-014_S01-01-simple	12	Pulse	0									440000	9355	NA
H18-014_S01-01-simple	13	Pulse	0									460000	19336	NA
H18-014_S01-01-simple	14	Picture	Stim;Main;1;3;111212122;121211122;Left;0	Stim	Main	1	3	111212122	121211122	Left	0	467715	0	1	40076	1	0	next	miss	0
H18-014_S01-01-simple	14	Pulse	0									480000	12285	NA
H18-014_S01-01-simple	14	Pulse	0									500000	32285	NA
H18-014_S01-01-simple	15	Picture	ITI	ITI								507791	0	1	2004	1	0	next	other	0
H18-014_S01-01-simple	16	Picture	Study	Study								509794	0	1	10019	1	0	next	other	0
H18-014_S01-01-simple	17	Pulse	0									520000	187	NA
H18-014_S01-01-simple	17	Pulse	0									540000	20187	NA
H18-014_S01-01-simple	18	Picture	Stim;Main;1;4;211111112;121111112;Right;0	Stim	Main	1	4	211111112	121111112	Right	0	546864	0	1	40076	1	0	next	miss	0
H18-014_S01-01-simple	18	Pulse	0									560000	13136	NA
H18-014_S01-01-simple	18	Pulse	0									580000	33136	NA
H18-014_S01-01-simple	19	Picture	ITI	ITI								586940	0	1	2004	1	0	next	other	0
H18-014_S01-01-simple	20	Picture	Study	Study								588944	0	1	10019	1	0	next	other	0
H18-014_S01-01-simple	21	Pulse	0									600000	1037	NA
H18-014_S01-01-simple	21	Pulse	0									620000	21037	NA
H18-014_S01-01-simple	22	Picture	Stim;Main;1;5;122111111;112111211;Right;0	Stim	Main	1	5	122111111	112111211	Right	0	626014	0	1	40076	1	0	next	miss	0
H18-014_S01-01-simple	22	Pulse	0									640000	13986	NA
H18-014_S01-01-simple	22	Pulse	0									660000	33986	NA
H18-014_S01-01-simple	23	Picture	ITI	ITI								666089	0	1	2004	1	0	next	other	0
H18-014_S01-01-simple	24	Picture	Study	Study								668093	0	1	10019	1	0	next	other	0
H18-014_S01-01-simple	25	Pulse	0									680000	1888	NA
H18-014_S01-01-simple	25	Pulse	0									700000	21888	NA
H18-014_S01-01-simple	26	Picture	Stim;Main;1;6;212111211;212112111;Right;0	Stim	Main	1	6	212111211	212112111	Right	0	705163	0	1	40076	1	0	next	miss	0
H18-014_S01-01-simple	26	Pulse	0									720000	14837	NA
H18-014_S01-01-simple	26	Pulse	0									740000	34837	NA
H18-014_S01-01-simple	27	Pulse	0									760000	14762	NA
H18-014_S01-01-simple	27	Pulse	0									780000	34762	NA
H18-014_S01-01-simple	27	Pulse	0									800000	54762	NA
H18-014_S01-01-simple	27	Pulse	0									820000	74762	NA
H18-014_S01-01-simple	27	Pulse	0									840000	94762	NA
H18-014_S01-01-simple	27	Pulse	0									860000	114762	NA
H18-014_S01-01-simple	27	Pulse	0									880000	134762	NA
H18-014_S01-01-simple	28	Picture	ITI	ITI								885336	0	1	2004	1	0	next	other	0
H18-014_S01-01-simple	29	Picture	Study	Study								887339	0	1	10019	1	0	next	other	0
H18-014_S01-01-simple	30	Pulse	0									900000	2642	NA
H18-014_S01-01-simple	30	Quit										910443	13085	NA
