Scenario - Match to Sample
Logfile written - 06/28/2022 12:43:26

Subject	Trial	Event Type	Code	event_cond(str)	block_name(str)	block_number(num)	trial_number(num)	study_grid(str)	dist_grid(str)	study_side(str)	delay(num)	Time	TTime	Uncertainty	Duration	Uncertainty	ReqTime	ReqDur	Stim Type	Pair Index

P005D	1	Picture	ITI	ITI								332	0	1	2997	1	0	next	other	0
P005D	2	Picture	Study	Study								3330	0	1	9990	1	0	next	other	0
P005D	4	Picture	Stim;Practice;0;1;1111111111211121111112211;1111111121211121111112111;Right;0	Stim	Practice	0	1	1111111111211121111112211	1111111121211121111112111	Right	0	43457	0	1	39961	1	0	next	hit	4
P005D	4	Response	2									60794	17337	1
P005D	5	Picture	ITI	ITI								83418	0	1	2997	1	0	next	other	0
P005D	6	Picture	Study	Study								86415	0	1	9990	1	0	next	other	0
P005D	7	Response	1									100471	4066	1
P005D	8	Picture	Stim;Practice;0;2;1111111111211211212111111;1211111111211111212111111;Right;0	Stim	Practice	0	2	1111111111211211212111111	1211111111211111212111111	Right	0	126542	0	1	39961	1	0	next	hit	9
P005D	8	Response	2									148651	22109	1
P005D	9	Picture	ITI	ITI								166503	0	1	2997	1	0	next	other	0
P005D	10	Picture	Study	Study								169500	0	1	9990	1	0	next	other	0
P005D	12	Picture	Stim;Practice;0;3;1111211121112111111111111;1111111121112111111112111;Left;0	Stim	Practice	0	3	1111211121112111111111111	1111111121112111111112111	Left	0	209628	0	1	39961	1	0	next	hit	13
P005D	12	Response	1									221063	11435	1
P005D	13	Picture	ITI	ITI								249588	0	1	2997	1	0	next	other	0
P005D	14	Picture	Study	Study								252585	0	1	9990	1	0	next	other	0
P005D	16	Picture	Stim;Practice;0;4;1111121111111112111122111;1111121111111112112112111;Left;0	Stim	Practice	0	4	1111121111111112111122111	1111121111111112112112111	Left	0	292713	0	1	39961	1	0	next	hit	17
P005D	16	Response	1									304861	12149	1
P005D	17	Picture	ITI	ITI								332674	0	1	2997	1	0	next	other	0
P005D	18	Picture	Study	Study								335671	0	1	9990	1	0	next	other	0
P005D	20	Picture	Stim;Practice;0;5;1111112111111122111111211;1211111111111122111111211;Left;0	Stim	Practice	0	5	1111112111111122111111211	1211111111111122111111211	Left	0	375798	0	1	39961	1	0	next	hit	21
P005D	20	Response	1									389516	13718	1
P005D	21	Picture	ITI	ITI								415759	0	1	2997	1	0	next	other	0
P005D	22	Picture	Study	Study								418756	0	1	9990	1	0	next	other	0
P005D	24	Picture	Stim;Practice;0;6;1111111111111111112122121;1111111111211111112122111;Right;0	Stim	Practice	0	6	1111111111111111112122121	1111111111211111112122111	Right	0	458884	0	1	39961	1	0	next	hit	25
P005D	24	Response	2									471861	12977	1
P005D	25	Quit										566920	68076	NA
