Scenario - Match to Sample
Logfile written - 06/28/2022 12:44:55

Subject	Trial	Event Type	Code	event_cond(str)	block_name(str)	block_number(num)	trial_number(num)	study_grid(str)	dist_grid(str)	study_side(str)	delay(num)	Time	TTime	Uncertainty	Duration	Uncertainty	ReqTime	ReqDur	Stim Type	Pair Index

P005S	1	Picture	ITI	ITI								332	0	1	2997	1	0	next	other	0
P005S	2	Picture	Study	Study								3329	0	1	9990	1	0	next	other	0
P005S	4	Picture	Stim;Practice;0;1;211121122;211122112;Left;0	Stim	Practice	0	1	211121122	211122112	Left	0	43457	0	1	39961	1	0	next	hit	4
P005S	4	Response	1									55522	12065	1
P005S	5	Picture	ITI	ITI								83418	0	1	2995	3	0	next	other	0
P005S	6	Picture	Study	Study								86413	0	3	9992	3	0	next	other	0
P005S	8	Picture	Stim;Practice;0;2;211122111;211121121;Left;0	Stim	Practice	0	2	211122111	211121121	Left	0	126542	0	1	39961	1	0	next	hit	8
P005S	8	Response	1									136897	10355	1
P005S	9	Picture	ITI	ITI								166503	0	1	2997	1	0	next	other	0
P005S	10	Picture	Study	Study								169500	0	1	9990	1	0	next	other	0
P005S	12	Picture	Stim;Practice;0;3;121211111;112211111;Left;0	Stim	Practice	0	3	121211111	112211111	Left	0	209628	0	1	39961	1	0	next	hit	12
P005S	12	Response	1									220851	11223	1
P005S	13	Picture	ITI	ITI								249588	0	1	2997	1	0	next	other	0
P005S	14	Picture	Study	Study								252586	0	1	9990	1	0	next	other	0
P005S	16	Picture	Stim;Practice;0;4;211112211;111112221;Left;0	Stim	Practice	0	4	211112211	111112221	Left	0	292713	0	1	39961	1	0	next	hit	16
P005S	16	Response	1									305163	12450	1
P005S	17	Picture	ITI	ITI								332674	0	1	2997	1	0	next	other	0
P005S	18	Picture	Study	Study								335671	0	1	9990	1	0	next	other	0
P005S	20	Picture	Stim;Practice;0;5;121122111;121121112;Right;0	Stim	Practice	0	5	121122111	121121112	Right	0	375798	0	1	39961	1	0	next	hit	20
P005S	20	Response	2									386355	10557	1
P005S	21	Picture	ITI	ITI								415759	0	1	2997	1	0	next	other	0
P005S	22	Picture	Study	Study								418756	0	1	9990	1	0	next	other	0
P005S	24	Picture	Stim;Practice;0;6;111211211;211111211;Right;0	Stim	Practice	0	6	111211211	211111211	Right	0	458884	0	1	39961	1	0	next	incorrect	24
P005S	24	Response	1									471305	12421	1
P005S	25	Quit										586346	87502	NA
