Scenario - Match to Sample
Logfile written - 06/23/2022 13:11:13

Subject	Trial	Event Type	Code	event_cond(str)	block_name(str)	block_number(num)	trial_number(num)	study_grid(str)	dist_grid(str)	study_side(str)	delay(num)	Time	TTime	Uncertainty	Duration	Uncertainty	ReqTime	ReqDur	Stim Type	Pair Index

practicebg2	1	Picture	ITI	ITI								332	0	1	1998	1	0	next	other	0
practicebg2	2	Picture	Study	Study								2330	0	1	9990	1	0	next	other	0
practicebg2	4	Picture	Stim;Practice;0;1;1111112111112111111111111;1111122111111111111111111;Right;0	Stim	Practice	0	1	1111112111112111111111111	1111122111111111111111111	Right	0	42458	0	1	39961	1	0	next	hit	4
practicebg2	4	Response	2									54769	12311	1
practicebg2	5	Picture	ITI	ITI								82419	0	1	1998	1	0	next	other	0
practicebg2	6	Picture	Study	Study								84417	0	1	9990	1	0	next	other	0
practicebg2	8	Picture	Stim;Practice;0;2;1111111211111111212111111;1121111211111111112111111;Left;0	Stim	Practice	0	2	1111111211111111212111111	1121111211111111112111111	Left	0	124544	0	1	39961	1	0	next	hit	8
practicebg2	8	Response	1									136010	11466	1
practicebg2	9	Picture	ITI	ITI								164505	0	1	1998	1	0	next	other	0
practicebg2	10	Picture	Study	Study								166503	0	1	9990	1	0	next	other	0
practicebg2	12	Picture	Stim;Practice;0;3;1111121111111111121111111;1111111111111111121111211;Right;0	Stim	Practice	0	3	1111121111111111121111111	1111111111111111121111211	Right	0	206630	0	1	39961	1	0	next	hit	12
practicebg2	12	Response	2									213335	6705	1
practicebg2	13	Picture	ITI	ITI								246591	0	1	1998	1	0	next	other	0
practicebg2	14	Picture	Study	Study								248589	0	1	9990	1	0	next	other	0
practicebg2	16	Picture	Stim;Practice;0;4;1111111211112111111211111;1111111211111111111212111;Left;0	Stim	Practice	0	4	1111111211112111111211111	1111111211111111111212111	Left	0	288717	0	1	39961	1	0	next	hit	16
practicebg2	16	Response	1									302734	14017	1
practicebg2	17	Picture	ITI	ITI								328678	0	1	1998	1	0	next	other	0
practicebg2	18	Picture	Study	Study								330676	0	1	9990	1	0	next	other	0
practicebg2	20	Picture	Stim;Practice;0;5;2111111111112111212111111;1111111111112111212111121;Right;0	Stim	Practice	0	5	2111111111112111212111111	1111111111112111212111121	Right	0	370803	0	1	39961	1	0	next	hit	20
practicebg2	20	Response	2									382946	12143	1
practicebg2	21	Picture	ITI	ITI								410764	0	1	1998	1	0	next	other	0
practicebg2	22	Picture	Study	Study								412762	0	1	9990	1	0	next	other	0
practicebg2	24	Picture	Stim;Practice;0;6;1111111111111211111211112;1111111111111221111111112;Left;0	Stim	Practice	0	6	1111111111111211111211112	1111111111111221111111112	Left	0	452889	0	1	39961	1	0	next	hit	24
practicebg2	24	Response	1									466073	13183	1
practicebg2	25	Quit										513650	20800	NA
