Scenario - Match to Sample
Logfile written - 07/24/2019 09:49:15

Subject	Trial	Event Type	Code	event_cond(str)	block_name(str)	block_number(num)	trial_number(num)	study_grid(str)	dist_grid(str)	study_side(str)	delay(num)	Time	TTime	Uncertainty	Duration	Uncertainty	ReqTime	ReqDur	Stim Type	Pair Index

ssd	0	Pulse	84									443004	443004	1
ssd	3	Picture	ITI	ITI								613327	0	1	2004	1	0	next	other	0
ssd	4	Picture	Study	Study								615331	0	1	10019	1	0	next	other	0
ssd	6	Picture	Stim;Main;1;1;2112111111111111111212111;2111111121111111111212111;Right;0	Stim	Main	1	1	2112111111111111111212111	2111111121111111111212111	Right	0	655407	0	1	40076	1	0	next	miss	0
ssd	7	Picture	ITI	ITI								695483	0	1	2004	1	0	next	other	0
ssd	8	Picture	Study	Study								697486	0	1	10019	1	0	next	other	0
ssd	10	Picture	Stim;Main;1;2;1211111111111121111111211;1211111111121121111111111;Left;0	Stim	Main	1	2	1211111111111121111111211	1211111111121121111111111	Left	0	737562	0	1	40076	1	0	next	miss	0
ssd	11	Picture	ITI	ITI								777638	0	1	2004	1	0	next	other	0
ssd	12	Picture	Study	Study								779642	0	1	10019	1	0	next	other	0
ssd	14	Picture	Stim;Main;1;3;1211111111111111121111111;1111111111121111121111111;Right;0	Stim	Main	1	3	1211111111111111121111111	1111111111121111121111111	Right	0	819718	0	1	40076	1	0	next	miss	0
ssd	15	Picture	ITI	ITI								859794	0	1	2004	1	0	next	other	0
ssd	16	Picture	Study	Study								861797	0	1	10019	1	0	next	other	0
ssd	18	Picture	Stim;Main;1;4;1111111211112111111121121;1111111211112111111111221;Right;0	Stim	Main	1	4	1111111211112111111121121	1111111211112111111111221	Right	0	901873	0	1	40076	1	0	next	miss	0
ssd	19	Picture	ITI	ITI								941949	0	1	2004	1	0	next	other	0
ssd	20	Picture	Study	Study								943953	0	1	10019	1	0	next	other	0
ssd	22	Picture	Stim;Main;1;5;1111111112121211111111111;1111112112121111111111111;Left;0	Stim	Main	1	5	1111111112121211111111111	1111112112121111111111111	Left	0	984029	0	1	40076	1	0	next	miss	0
ssd	23	Picture	ITI	ITI								1024104	0	1	2004	1	0	next	other	0
ssd	24	Picture	Study	Study								1026108	0	1	10019	1	0	next	other	0
ssd	26	Picture	Stim;Main;1;6;1112111111221111111111111;1111211111221111111111111;Left;0	Stim	Main	1	6	1112111111221111111111111	1111211111221111111111111	Left	0	1066184	0	1	40076	1	0	next	miss	0
ssd	28	Picture	ITI	ITI								1246358	0	1	2004	1	0	next	other	0
ssd	29	Picture	Study	Study								1248362	0	1	10019	1	0	next	other	0
ssd	31	Picture	Stim;Main;1;1;1111111111111111121111121;1111111111111111221111111;Right;0	Stim	Main	1	1	1111111111111111121111121	1111111111111111221111111	Right	0	1288438	0	1	40076	1	0	next	miss	0
ssd	32	Picture	ITI	ITI								1328514	0	1	2004	1	0	next	other	0
ssd	33	Picture	Study	Study								1330518	0	1	10019	1	0	next	other	0
ssd	35	Picture	Stim;Main;1;2;1121111112111111111111111;1121111111121111111111111;Left;0	Stim	Main	1	2	1121111112111111111111111	1121111111121111111111111	Left	0	1370594	0	1	40076	1	0	next	miss	0
ssd	36	Picture	ITI	ITI								1410669	0	1	2004	1	0	next	other	0
ssd	37	Picture	Study	Study								1412673	0	1	10019	1	0	next	other	0
ssd	39	Picture	Stim;Main;1;3;1111121111211111111121111;2111111111211111111121111;Right;0	Stim	Main	1	3	1111121111211111111121111	2111111111211111111121111	Right	0	1452749	0	1	40076	1	0	next	miss	0
ssd	40	Picture	ITI	ITI								1492825	0	1	2004	1	0	next	other	0
ssd	41	Picture	Study	Study								1494829	0	1	10019	1	0	next	other	0
ssd	43	Picture	Stim;Main;1;4;1211121111111111111122111;1211121111111111112121111;Right;0	Stim	Main	1	4	1211121111111111111122111	1211121111111111112121111	Right	0	1534904	0	1	40076	1	0	next	miss	0
ssd	44	Picture	ITI	ITI								1574980	0	1	2004	1	0	next	other	0
ssd	45	Picture	Study	Study								1576984	0	1	10019	1	0	next	other	0
ssd	47	Picture	Stim;Main;1;5;1121212111111111111111121;1122212111111111111111111;Left;0	Stim	Main	1	5	1121212111111111111111121	1122212111111111111111111	Left	0	1617060	0	1	40076	1	0	next	miss	0
ssd	48	Picture	ITI	ITI								1657136	0	1	2004	1	0	next	other	0
ssd	49	Picture	Study	Study								1659139	0	1	10019	1	0	next	other	0
ssd	51	Picture	Stim;Main;1;6;1211111111111121111221111;1211112111111121111121111;Left;0	Stim	Main	1	6	1211111111111121111221111	1211112111111121111121111	Left	0	1699215	0	1	40076	1	0	next	miss	0
ssd	53	Picture	ITI	ITI								1879390	0	1	2004	1	0	next	other	0
ssd	54	Picture	Study	Study								1881393	0	1	10019	1	0	next	other	0
ssd	56	Picture	Stim;Main;1;1;1211111121112111111111111;1211111111112111112111111;Right;0	Stim	Main	1	1	1211111121112111111111111	1211111111112111112111111	Right	0	1921469	0	1	40076	1	0	next	miss	0
ssd	57	Picture	ITI	ITI								1961545	0	1	2004	1	0	next	other	0
ssd	58	Picture	Study	Study								1963549	0	1	10019	1	0	next	other	0
ssd	60	Picture	Stim;Main;1;2;1111111112211111111111211;1111111111211111111111221;Left;0	Stim	Main	1	2	1111111112211111111111211	1111111111211111111111221	Left	0	2003625	0	1	40076	1	0	next	miss	0
ssd	61	Picture	ITI	ITI								2043701	0	1	2004	1	0	next	other	0
ssd	62	Picture	Study	Study								2045704	0	1	10019	1	0	next	other	0
ssd	64	Picture	Stim;Main;1;3;1111111111111121112111111;1111111111111121111111211;Right;0	Stim	Main	1	3	1111111111111121112111111	1111111111111121111111211	Right	0	2085780	0	1	40076	1	0	next	miss	0
ssd	65	Picture	ITI	ITI								2125856	0	1	2004	1	0	next	other	0
ssd	66	Picture	Study	Study								2127860	0	1	10019	1	0	next	other	0
ssd	68	Picture	Stim;Main;1;4;1111111111112111112122111;1111121111112111112112111;Right;0	Stim	Main	1	4	1111111111112111112122111	1111121111112111112112111	Right	0	2167936	0	1	40076	1	0	next	miss	0
ssd	69	Picture	ITI	ITI								2208011	0	1	2004	1	0	next	other	0
ssd	70	Picture	Study	Study								2210015	0	1	10019	1	0	next	other	0
ssd	72	Picture	Stim;Main;1;5;2111111111211111111121111;2111111111111111121121111;Left;0	Stim	Main	1	5	2111111111211111111121111	2111111111111111121121111	Left	0	2250091	0	1	40076	1	0	next	miss	0
ssd	73	Picture	ITI	ITI								2290167	0	1	2004	1	0	next	other	0
ssd	74	Picture	Study	Study								2292171	0	1	10019	1	0	next	other	0
ssd	76	Picture	Stim;Main;1;6;1111111111111121112111111;1121111111111121111111111;Left;0	Stim	Main	1	6	1111111111111121112111111	1121111111111121111111111	Left	0	2332247	0	1	40076	1	0	next	miss	0
ssd	78	Picture	ITI	ITI								2512421	0	1	2004	1	0	next	other	0
ssd	79	Picture	Study	Study								2514425	0	1	10019	1	0	next	other	0
ssd	81	Picture	Stim;Main;1;1;1111111211111211221111111;1111111111111211221111211;Right;0	Stim	Main	1	1	1111111211111211221111111	1111111111111211221111211	Right	0	2554500	0	1	40076	1	0	next	miss	0
ssd	82	Picture	ITI	ITI								2594576	0	1	2004	1	0	next	other	0
ssd	83	Picture	Study	Study								2596580	0	1	10019	1	0	next	other	0
ssd	85	Picture	Stim;Main;1;2;1111111111111112111111121;1111111111111111121111121;Left;0	Stim	Main	1	2	1111111111111112111111121	1111111111111111121111121	Left	0	2636656	0	1	40076	1	0	next	miss	0
ssd	86	Picture	ITI	ITI								2676732	0	1	2004	1	0	next	other	0
ssd	87	Picture	Study	Study								2678736	0	1	10019	1	0	next	other	0
ssd	89	Picture	Stim;Main;1;3;1111112111111121211111111;1111112111111111211111112;Right;0	Stim	Main	1	3	1111112111111121211111111	1111112111111111211111112	Right	0	2718811	0	1	40076	1	0	next	miss	0
ssd	90	Picture	ITI	ITI								2758887	0	1	2004	1	0	next	other	0
ssd	91	Picture	Study	Study								2760891	0	1	10019	1	0	next	other	0
ssd	93	Picture	Stim;Main;1;4;1111111111111211111121111;1111111111111211112111111;Right;0	Stim	Main	1	4	1111111111111211111121111	1111111111111211112111111	Right	0	2800967	0	1	40076	1	0	next	miss	0
ssd	94	Picture	ITI	ITI								2841043	0	1	2004	1	0	next	other	0
ssd	95	Picture	Study	Study								2843046	0	1	10019	1	0	next	other	0
ssd	97	Picture	Stim;Main;1;5;2111111111112111111111111;2111112111111111111111111;Left;0	Stim	Main	1	5	2111111111112111111111111	2111112111111111111111111	Left	0	2883122	0	1	40076	1	0	next	miss	0
ssd	98	Picture	ITI	ITI								2923198	0	1	2004	1	0	next	other	0
ssd	99	Picture	Study	Study								2925202	0	1	10019	1	0	next	other	0
ssd	101	Picture	Stim;Main;1;6;1112111111111111111221211;1112111111111211111221111;Left;0	Stim	Main	1	6	1112111111111111111221211	1112111111111211111221111	Left	0	2965278	0	1	40076	1	0	next	miss	0
ssd	103	Picture	ITI	ITI								3145452	0	1	2004	1	0	next	other	0
ssd	104	Picture	Study	Study								3147456	0	1	10019	1	0	next	other	0
ssd	106	Picture	Stim;Main;1;1;1111111211111111111111112;1111111111111111121111112;Right;0	Stim	Main	1	1	1111111211111111111111112	1111111111111111121111112	Right	0	3187532	0	1	40076	1	0	next	miss	0
ssd	107	Picture	ITI	ITI								3227607	0	1	2004	1	0	next	other	0
ssd	108	Picture	Study	Study								3229611	0	1	10019	1	0	next	other	0
ssd	110	Picture	Stim;Main;1;2;1121121111111111111111111;1111221111111111111111111;Left;0	Stim	Main	1	2	1121121111111111111111111	1111221111111111111111111	Left	0	3269687	0	1	40076	1	0	next	miss	0
ssd	111	Picture	ITI	ITI								3309763	0	1	2004	1	0	next	other	0
ssd	112	Picture	Study	Study								3311767	0	1	10019	1	0	next	other	0
ssd	114	Picture	Stim;Main;1;3;1211111211111121111111111;1211211211111111111111111;Right;0	Stim	Main	1	3	1211111211111121111111111	1211211211111111111111111	Right	0	3351843	0	1	40076	1	0	next	miss	0
ssd	115	Picture	ITI	ITI								3391918	0	1	2004	1	0	next	other	0
ssd	116	Picture	Study	Study								3393922	0	1	10019	1	0	next	other	0
ssd	118	Picture	Stim;Main;1;4;1111221111111111111111111;1111211112111111111111111;Right;0	Stim	Main	1	4	1111221111111111111111111	1111211112111111111111111	Right	0	3433998	0	1	40076	1	0	next	miss	0
ssd	119	Picture	ITI	ITI								3474074	0	1	2004	1	0	next	other	0
ssd	120	Picture	Study	Study								3476078	0	1	10019	1	0	next	other	0
ssd	122	Picture	Stim;Main;1;5;1111112111112112111111111;1111112111111112111111211;Left;0	Stim	Main	1	5	1111112111112112111111111	1111112111111112111111211	Left	0	3516154	0	1	40076	1	0	next	miss	0
ssd	123	Picture	ITI	ITI								3556229	0	1	2004	1	0	next	other	0
ssd	124	Picture	Study	Study								3558233	0	1	10019	1	0	next	other	0
ssd	126	Picture	Stim;Main;1;6;1121111112112111112111111;1121111112112111111111211;Left;0	Stim	Main	1	6	1121111112112111112111111	1121111112112111111111211	Left	0	3598309	0	1	40076	1	0	next	miss	0
ssd	127	Pulse	84									3742907	104522	1
ssd	128	Quit										5529111	1750628	NA
