Scenario - Match to Sample
Logfile written - 05/08/2019 13:49:47

Subject	Trial	Event Type	Code	event_cond(str)	block_name(str)	block_number(num)	trial_number(num)	study_grid(str)	dist_grid(str)	study_side(str)	delay(num)	Time	TTime	Uncertainty	Duration	Uncertainty	ReqTime	ReqDur	Stim Type	Pair Index

TD004_S003-0041 Simple task	0	Pulse	84									267344	267344	1
TD004_S003-0041 Simple task	3	Picture	ITI	ITI								437660	0	1	2004	1	0	next	other	0
TD004_S003-0041 Simple task	4	Picture	Study	Study								439664	0	1	10019	1	0	next	other	0
TD004_S003-0041 Simple task	6	Picture	Stim;Main;1;1;121221211;121222111;Right;0	Stim	Main	1	1	121221211	121222111	Right	0	479740	0	1	40076	1	0	next	hit	5
TD004_S003-0041 Simple task	6	Response	2									487539	7799	1
TD004_S003-0041 Simple task	6	Response	2									495055	15316	1
TD004_S003-0041 Simple task	7	Picture	ITI	ITI								519815	0	1	2004	1	0	next	other	0
TD004_S003-0041 Simple task	8	Picture	Study	Study								521819	0	1	10019	1	0	next	other	0
TD004_S003-0041 Simple task	10	Picture	Stim;Main;1;2;112211111;111211211;Right;0	Stim	Main	1	2	112211111	111211211	Right	0	561895	0	1	40076	1	0	next	hit	10
TD004_S003-0041 Simple task	10	Response	2									569572	7677	1
TD004_S003-0041 Simple task	11	Picture	ITI	ITI								601971	0	1	2004	1	0	next	other	0
TD004_S003-0041 Simple task	12	Picture	Study	Study								603974	0	1	10019	1	0	next	other	0
TD004_S003-0041 Simple task	14	Picture	Stim;Main;1;3;121112211;121122111;Right;0	Stim	Main	1	3	121112211	121122111	Right	0	644050	0	1	40076	1	0	next	hit	14
TD004_S003-0041 Simple task	14	Response	2									651925	7875	1
TD004_S003-0041 Simple task	15	Picture	ITI	ITI								684126	0	1	2004	1	0	next	other	0
TD004_S003-0041 Simple task	16	Picture	Study	Study								686129	0	1	10019	1	0	next	other	0
TD004_S003-0041 Simple task	18	Picture	Stim;Main;1;4;112111222;122111122;Left;0	Stim	Main	1	4	112111222	122111122	Left	0	726205	0	1	40076	1	0	next	hit	18
TD004_S003-0041 Simple task	18	Response	1									732199	5994	1
TD004_S003-0041 Simple task	19	Picture	ITI	ITI								766281	0	1	2004	1	0	next	other	0
TD004_S003-0041 Simple task	20	Picture	Study	Study								768285	0	1	10019	1	0	next	other	0
TD004_S003-0041 Simple task	22	Picture	Stim;Main;1;5;122112211;221112211;Left;0	Stim	Main	1	5	122112211	221112211	Left	0	808361	0	1	40076	1	0	next	hit	22
TD004_S003-0041 Simple task	22	Response	1									815512	7152	1
TD004_S003-0041 Simple task	23	Picture	ITI	ITI								848436	0	1	2004	1	0	next	other	0
TD004_S003-0041 Simple task	24	Picture	Study	Study								850440	0	1	10019	1	0	next	other	0
TD004_S003-0041 Simple task	26	Picture	Stim;Main;1;6;112112121;112212111;Left;0	Stim	Main	1	6	112112121	112212111	Left	0	890516	0	1	40076	1	0	next	hit	26
TD004_S003-0041 Simple task	26	Response	1									896747	6231	1
TD004_S003-0041 Simple task	26	Response	2									899405	8890	1
TD004_S003-0041 Simple task	28	Picture	ITI	ITI								1070689	0	1	2004	1	0	next	other	0
TD004_S003-0041 Simple task	29	Picture	Study	Study								1072693	0	1	10019	1	0	next	other	0
TD004_S003-0041 Simple task	31	Picture	Stim;Main;1;1;111211122;121111122;Right;0	Stim	Main	1	1	111211122	121111122	Right	0	1112769	0	1	40076	1	0	next	hit	31
TD004_S003-0041 Simple task	31	Response	2									1122637	9868	1
TD004_S003-0041 Simple task	32	Picture	ITI	ITI								1152845	0	1	2004	1	0	next	other	0
TD004_S003-0041 Simple task	33	Picture	Study	Study								1154848	0	1	10019	1	0	next	other	0
TD004_S003-0041 Simple task	35	Picture	Stim;Main;1;2;112222111;112212121;Right;0	Stim	Main	1	2	112222111	112212121	Right	0	1194924	0	1	40076	1	0	next	hit	35
TD004_S003-0041 Simple task	35	Response	2									1202272	7348	1
TD004_S003-0041 Simple task	36	Picture	ITI	ITI								1235000	0	1	2004	1	0	next	other	0
TD004_S003-0041 Simple task	37	Picture	Study	Study								1237004	0	1	10019	1	0	next	other	0
TD004_S003-0041 Simple task	39	Picture	Stim;Main;1;3;211112112;112112112;Right;0	Stim	Main	1	3	211112112	112112112	Right	0	1277079	0	1	40076	1	0	next	hit	39
TD004_S003-0041 Simple task	39	Response	2									1285266	8186	1
TD004_S003-0041 Simple task	40	Picture	ITI	ITI								1317155	0	1	2004	1	0	next	other	0
TD004_S003-0041 Simple task	41	Picture	Study	Study								1319159	0	1	10019	1	0	next	other	0
TD004_S003-0041 Simple task	43	Picture	Stim;Main;1;4;211111112;112111112;Left;0	Stim	Main	1	4	211111112	112111112	Left	0	1359235	0	1	40076	1	0	next	hit	43
TD004_S003-0041 Simple task	43	Response	1									1364740	5505	1
TD004_S003-0041 Simple task	44	Picture	ITI	ITI								1399310	0	1	2004	1	0	next	other	0
TD004_S003-0041 Simple task	45	Picture	Study	Study								1401314	0	1	10019	1	0	next	other	0
TD004_S003-0041 Simple task	47	Picture	Stim;Main;1;5;121121111;122111111;Left;0	Stim	Main	1	5	121121111	122111111	Left	0	1441390	0	1	40076	1	0	next	hit	47
TD004_S003-0041 Simple task	47	Response	1									1446934	5544	1
TD004_S003-0041 Simple task	48	Picture	ITI	ITI								1481466	0	1	2004	1	0	next	other	0
TD004_S003-0041 Simple task	49	Picture	Study	Study								1483469	0	1	10019	1	0	next	other	0
TD004_S003-0041 Simple task	51	Picture	Stim;Main;1;6;122111221;222111121;Left;0	Stim	Main	1	6	122111221	222111121	Left	0	1523545	0	1	40076	1	0	next	hit	51
TD004_S003-0041 Simple task	51	Response	1									1529608	6063	1
TD004_S003-0041 Simple task	53	Picture	ITI	ITI								1703719	0	1	2004	1	0	next	other	0
TD004_S003-0041 Simple task	54	Picture	Study	Study								1705723	0	1	10019	1	0	next	other	0
TD004_S003-0041 Simple task	56	Picture	Stim;Main;1;1;212211112;112212112;Right;0	Stim	Main	1	1	212211112	112212112	Right	0	1745798	0	1	40076	1	0	next	hit	55
TD004_S003-0041 Simple task	56	Response	2									1753800	8001	1
TD004_S003-0041 Simple task	57	Picture	ITI	ITI								1785874	0	1	2004	1	0	next	other	0
TD004_S003-0041 Simple task	58	Picture	Study	Study								1787878	0	1	10019	1	0	next	other	0
TD004_S003-0041 Simple task	60	Picture	Stim;Main;1;2;121221121;122221111;Right;0	Stim	Main	1	2	121221121	122221111	Right	0	1827953	0	1	40076	1	0	next	hit	59
TD004_S003-0041 Simple task	60	Response	2									1834874	6921	1
TD004_S003-0041 Simple task	61	Picture	ITI	ITI								1868029	0	1	2004	1	0	next	other	0
TD004_S003-0041 Simple task	62	Picture	Study	Study								1870033	0	1	10019	1	0	next	other	0
TD004_S003-0041 Simple task	64	Picture	Stim;Main;1;3;111221121;111211122;Right;0	Stim	Main	1	3	111221121	111211122	Right	0	1910109	0	1	40076	1	0	next	hit	63
TD004_S003-0041 Simple task	64	Response	2									1916427	6319	1
TD004_S003-0041 Simple task	65	Picture	ITI	ITI								1950184	0	1	2004	1	0	next	other	0
TD004_S003-0041 Simple task	66	Picture	Study	Study								1952188	0	1	10019	1	0	next	other	0
TD004_S003-0041 Simple task	68	Picture	Stim;Main;1;4;111211222;112211122;Left;0	Stim	Main	1	4	111211222	112211122	Left	0	1992264	0	1	40076	1	0	next	hit	67
TD004_S003-0041 Simple task	68	Response	1									1997821	5557	1
TD004_S003-0041 Simple task	69	Picture	ITI	ITI								2032340	0	1	2004	1	0	next	other	0
TD004_S003-0041 Simple task	70	Picture	Study	Study								2034343	0	1	10019	1	0	next	other	0
TD004_S003-0041 Simple task	72	Picture	Stim;Main;1;5;112121111;112112111;Left;0	Stim	Main	1	5	112121111	112112111	Left	0	2074419	0	1	40076	1	0	next	hit	71
TD004_S003-0041 Simple task	72	Response	1									2080975	6555	1
TD004_S003-0041 Simple task	73	Picture	ITI	ITI								2114495	0	1	2004	1	0	next	other	0
TD004_S003-0041 Simple task	74	Picture	Study	Study								2116499	0	1	10019	1	0	next	other	0
TD004_S003-0041 Simple task	76	Picture	Stim;Main;1;6;211211112;211221111;Left;0	Stim	Main	1	6	211211112	211221111	Left	0	2156574	0	1	40076	1	0	next	hit	75
TD004_S003-0041 Simple task	76	Response	1									2162530	5955	1
TD004_S003-0041 Simple task	78	Picture	ITI	ITI								2336748	0	1	2004	1	0	next	other	0
TD004_S003-0041 Simple task	79	Picture	Study	Study								2338752	0	1	10019	1	0	next	other	0
TD004_S003-0041 Simple task	81	Picture	Stim;Main;1;1;112121121;112221111;Right;0	Stim	Main	1	1	112121121	112221111	Right	0	2378828	0	1	40076	1	0	next	hit	79
TD004_S003-0041 Simple task	81	Response	2									2385602	6774	1
TD004_S003-0041 Simple task	82	Picture	ITI	ITI								2418903	0	1	2004	1	0	next	other	0
TD004_S003-0041 Simple task	83	Picture	Study	Study								2420907	0	1	10019	1	0	next	other	0
TD004_S003-0041 Simple task	85	Picture	Stim;Main;1;2;111221111;111121211;Right;0	Stim	Main	1	2	111221111	111121211	Right	0	2460983	0	1	40076	1	0	next	hit	83
TD004_S003-0041 Simple task	85	Response	2									2467315	6333	1
TD004_S003-0041 Simple task	86	Picture	ITI	ITI								2501059	0	1	2004	1	0	next	other	0
TD004_S003-0041 Simple task	87	Picture	Study	Study								2503062	0	1	10019	1	0	next	other	0
TD004_S003-0041 Simple task	89	Picture	Stim;Main;1;3;112122112;112122211;Right;0	Stim	Main	1	3	112122112	112122211	Right	0	2543138	0	1	40076	1	0	next	hit	87
TD004_S003-0041 Simple task	89	Response	2									2551109	7971	1
TD004_S003-0041 Simple task	90	Picture	ITI	ITI								2583214	0	1	2004	1	0	next	other	0
TD004_S003-0041 Simple task	91	Picture	Study	Study								2585218	0	1	10019	1	0	next	other	0
TD004_S003-0041 Simple task	93	Picture	Stim;Main;1;4;211111112;211211111;Left;0	Stim	Main	1	4	211111112	211211111	Left	0	2625293	0	1	40076	1	0	next	hit	91
TD004_S003-0041 Simple task	93	Response	1									2631223	5930	1
TD004_S003-0041 Simple task	94	Picture	ITI	ITI								2665369	0	1	2004	1	0	next	other	0
TD004_S003-0041 Simple task	95	Picture	Study	Study								2667373	0	1	10019	1	0	next	other	0
TD004_S003-0041 Simple task	97	Picture	Stim;Main;1;5;112221111;111221211;Left;0	Stim	Main	1	5	112221111	111221211	Left	0	2707448	0	1	40076	1	0	next	hit	95
TD004_S003-0041 Simple task	97	Response	1									2713577	6129	1
TD004_S003-0041 Simple task	98	Picture	ITI	ITI								2747524	0	1	2004	1	0	next	other	0
TD004_S003-0041 Simple task	99	Picture	Study	Study								2749528	0	1	10019	1	0	next	other	0
TD004_S003-0041 Simple task	101	Picture	Stim;Main;1;6;121211112;111221112;Left;0	Stim	Main	1	6	121211112	111221112	Left	0	2789604	0	1	40076	1	0	next	hit	99
TD004_S003-0041 Simple task	101	Response	1									2795452	5848	1
TD004_S003-0041 Simple task	103	Picture	ITI	ITI								2969777	0	1	2004	1	0	next	other	0
TD004_S003-0041 Simple task	104	Picture	Study	Study								2971781	0	1	10019	1	0	next	other	0
TD004_S003-0041 Simple task	106	Picture	Stim;Main;1;1;111221111;121211111;Right;0	Stim	Main	1	1	111221111	121211111	Right	0	3011857	0	1	40076	1	0	next	hit	103
TD004_S003-0041 Simple task	106	Response	2									3018684	6828	1
TD004_S003-0041 Simple task	107	Picture	ITI	ITI								3051933	0	1	2004	1	0	next	other	0
TD004_S003-0041 Simple task	108	Picture	Study	Study								3053936	0	1	10019	1	0	next	other	0
TD004_S003-0041 Simple task	110	Picture	Stim;Main;1;2;111222211;111212221;Right;0	Stim	Main	1	2	111222211	111212221	Right	0	3094012	0	1	40076	1	0	next	hit	107
TD004_S003-0041 Simple task	110	Response	2									3101357	7345	1
TD004_S003-0041 Simple task	111	Picture	ITI	ITI								3134088	0	1	2004	1	0	next	other	0
TD004_S003-0041 Simple task	112	Picture	Study	Study								3136092	0	1	10019	1	0	next	other	0
TD004_S003-0041 Simple task	114	Picture	Stim;Main;1;3;112211111;211211111;Right;0	Stim	Main	1	3	112211111	211211111	Right	0	3176167	0	1	40076	1	0	next	hit	111
TD004_S003-0041 Simple task	114	Response	2									3182111	5943	1
TD004_S003-0041 Simple task	115	Picture	ITI	ITI								3216243	0	1	2004	1	0	next	other	0
TD004_S003-0041 Simple task	116	Picture	Study	Study								3218247	0	1	10019	1	0	next	other	0
TD004_S003-0041 Simple task	118	Picture	Stim;Main;1;4;121221112;111221212;Left;0	Stim	Main	1	4	121221112	111221212	Left	0	3258322	0	1	40243	1	0	next	hit	115
TD004_S003-0041 Simple task	118	Response	1									3264215	5892	1
TD004_S003-0041 Simple task	119	Picture	ITI	ITI								3298565	0	1	2004	1	0	next	other	0
TD004_S003-0041 Simple task	120	Picture	Study	Study								3300569	0	1	10019	1	0	next	other	0
TD004_S003-0041 Simple task	122	Picture	Stim;Main;1;5;211112122;211112212;Left;0	Stim	Main	1	5	211112122	211112212	Left	0	3340645	0	1	40076	1	0	next	hit	119
TD004_S003-0041 Simple task	122	Response	1									3345928	5283	1
TD004_S003-0041 Simple task	123	Picture	ITI	ITI								3380720	0	1	2004	1	0	next	other	0
TD004_S003-0041 Simple task	124	Picture	Study	Study								3382724	0	1	10019	1	0	next	other	0
TD004_S003-0041 Simple task	126	Picture	Stim;Main;1;6;111122111;112121111;Left;0	Stim	Main	1	6	111122111	112121111	Left	0	3422800	0	1	40076	1	0	next	hit	123
TD004_S003-0041 Simple task	126	Response	1									3428281	5481	1
TD004_S003-0041 Simple task	128	Quit										3864927	261953	NA
