Scenario - Match to Sample
Logfile written - 05/08/2019 13:54:26

Subject	Trial	Event Type	Code	event_cond(str)	block_name(str)	block_number(num)	trial_number(num)	study_grid(str)	dist_grid(str)	study_side(str)	delay(num)	Time	TTime	Uncertainty	Duration	Uncertainty	ReqTime	ReqDur	Stim Type	Pair Index

TD004_S003-0041 Difficult	1	Picture	ITI	ITI								334	0	1	5009	1	0	next	other	0
TD004_S003-0041 Difficult	2	Picture	Fixation	Fixation								5343	0	1	5009	1	0	next	other	0
TD004_S003-0041 Difficult	3	Picture	Study	Study								10353	0	1	10019	1	0	next	other	0
TD004_S003-0041 Difficult	5	Picture	Stim;Practice;0;1;1111211111111111111211122;1111211111111111121211121;Left;1000	Stim	Practice	0	1	1111211111111111111211122	1111211111111111121211121	Left	1000	60447	0	1	50095	1	0	next	hit	5
TD004_S003-0041 Difficult	5	Response	1									72639	12191	1
TD004_S003-0041 Difficult	6	Picture	Feedback	Feedback								110542	0	1	5009	1	0	next	other	0
TD004_S003-0041 Difficult	7	Picture	ITI	ITI								115551	0	1	5010	1	0	next	other	0
TD004_S003-0041 Difficult	7	Pulse	84									115656	104	1
TD004_S003-0041 Difficult	8	Picture	Fixation	Fixation								120561	0	1	5009	1	0	next	other	0
TD004_S003-0041 Difficult	9	Picture	Study	Study								125570	0	1	10019	1	0	next	other	0
TD004_S003-0041 Difficult	11	Picture	Stim;Practice;0;2;1112111111121121111111111;1112211111121111111111111;Right;1000	Stim	Practice	0	2	1112111111121121111111111	1112211111121111111111111	Right	1000	175665	0	1	50095	1	0	next	hit	12
TD004_S003-0041 Difficult	11	Response	2									183138	7473	1
TD004_S003-0041 Difficult	12	Picture	Feedback	Feedback								225760	0	1	5009	1	0	next	other	0
TD004_S003-0041 Difficult	13	Picture	ITI	ITI								230769	0	1	5009	1	0	next	other	0
TD004_S003-0041 Difficult	14	Picture	Fixation	Fixation								235779	0	1	5009	1	0	next	other	0
TD004_S003-0041 Difficult	15	Picture	Study	Study								240788	0	1	10019	1	0	next	other	0
TD004_S003-0041 Difficult	17	Picture	Stim;Practice;0;3;1111111211111111121112111;1111111111111121121112111;Left;5000	Stim	Practice	0	3	1111111211111111121112111	1111111111111121121112111	Left	5000	330958	0	1	50095	1	0	next	hit	18
TD004_S003-0041 Difficult	17	Response	1									336972	6014	1
TD004_S003-0041 Difficult	18	Picture	Feedback	Feedback								381053	0	1	5010	1	0	next	other	0
TD004_S003-0041 Difficult	19	Quit										983388	597325	NA
