Scenario - Match to Sample
Logfile written - 05/08/2019 14:10:42

Subject	Trial	Event Type	Code	event_cond(str)	block_name(str)	block_number(num)	trial_number(num)	study_grid(str)	dist_grid(str)	study_side(str)	delay(num)	Time	TTime	Uncertainty	Duration	Uncertainty	ReqTime	ReqDur	Stim Type	Pair Index

TD004_S003-0041 Difficult	0	Pulse	84									278130	278130	1
TD004_S003-0041 Difficult	3	Picture	ITI	ITI								448347	0	1	2004	1	0	next	other	0
TD004_S003-0041 Difficult	4	Picture	Study	Study								450351	0	1	10019	1	0	next	other	0
TD004_S003-0041 Difficult	6	Picture	Stim;Main;1;1;1111111211111211121111112;1112111111111211121111112;Left;0	Stim	Main	1	1	1111111211111211121111112	1112111111111211121111112	Left	0	490426	0	1	40076	1	0	next	hit	5
TD004_S003-0041 Difficult	6	Response	1									496245	5819	1
TD004_S003-0041 Difficult	7	Picture	ITI	ITI								530502	0	1	2004	1	0	next	other	0
TD004_S003-0041 Difficult	8	Picture	Study	Study								532506	0	1	10019	1	0	next	other	0
TD004_S003-0041 Difficult	10	Picture	Stim;Main;1;2;1111111211111111111111211;2111111211111111111111111;Right;0	Stim	Main	1	2	1111111211111111111111211	2111111211111111111111111	Right	0	572582	0	1	40076	1	0	next	hit	9
TD004_S003-0041 Difficult	10	Response	2									578117	5536	1
TD004_S003-0041 Difficult	11	Picture	ITI	ITI								612657	0	1	2004	1	0	next	other	0
TD004_S003-0041 Difficult	12	Picture	Study	Study								614661	0	1	10019	1	0	next	other	0
TD004_S003-0041 Difficult	14	Picture	Stim;Main;1;3;1111111121111212111121111;1111111111111212211121111;Right;0	Stim	Main	1	3	1111111121111212111121111	1111111111111212211121111	Right	0	654737	0	1	40076	1	0	next	hit	13
TD004_S003-0041 Difficult	14	Response	2									660950	6213	1
TD004_S003-0041 Difficult	15	Picture	ITI	ITI								694813	0	1	2004	1	0	next	other	0
TD004_S003-0041 Difficult	16	Picture	Study	Study								696816	0	1	10019	1	0	next	other	0
TD004_S003-0041 Difficult	18	Picture	Stim;Main;1;4;1211111111111111111211112;1211111111111111112211111;Left;0	Stim	Main	1	4	1211111111111111111211112	1211111111111111112211111	Left	0	736892	0	1	40076	1	0	next	hit	17
TD004_S003-0041 Difficult	18	Response	1									742503	5611	1
TD004_S003-0041 Difficult	19	Picture	ITI	ITI								776968	0	1	2004	1	0	next	other	0
TD004_S003-0041 Difficult	20	Picture	Study	Study								778971	0	1	10019	1	0	next	other	0
TD004_S003-0041 Difficult	22	Picture	Stim;Main;1;5;1211111211111111211111111;1111121211111111211111111;Left;0	Stim	Main	1	5	1211111211111111211111111	1111121211111111211111111	Left	0	819047	0	1	40076	1	0	next	hit	21
TD004_S003-0041 Difficult	22	Response	1									825336	6288	1
TD004_S003-0041 Difficult	23	Picture	ITI	ITI								859123	0	1	2004	1	0	next	other	0
TD004_S003-0041 Difficult	24	Picture	Study	Study								861127	0	1	10019	1	0	next	other	0
TD004_S003-0041 Difficult	26	Picture	Stim;Main;1;6;1111111111212121111111111;1111112111212111111111111;Right;0	Stim	Main	1	6	1111111111212121111111111	1111112111212111111111111	Right	0	901202	0	1	40076	1	0	next	hit	25
TD004_S003-0041 Difficult	26	Response	2									908969	7766	1
TD004_S003-0041 Difficult	28	Picture	ITI	ITI								1081376	0	1	2004	1	0	next	other	0
TD004_S003-0041 Difficult	29	Picture	Study	Study								1083380	0	1	10019	1	0	next	other	0
TD004_S003-0041 Difficult	31	Picture	Stim;Main;1;1;1111111111211111211111221;1111111111212111211111121;Left;0	Stim	Main	1	1	1111111111211111211111221	1111111111212111211111121	Left	0	1123456	0	1	40076	1	0	next	hit	29
TD004_S003-0041 Difficult	31	Response	1									1129324	5869	1
TD004_S003-0041 Difficult	32	Picture	ITI	ITI								1163531	0	1	2004	1	0	next	other	0
TD004_S003-0041 Difficult	33	Picture	Study	Study								1165535	0	1	10019	1	0	next	other	0
TD004_S003-0041 Difficult	35	Picture	Stim;Main;1;2;1111111111121111121112111;2111111111111111121112111;Right;0	Stim	Main	1	2	1111111111121111121112111	2111111111111111121112111	Right	0	1205611	0	1	40076	1	0	next	hit	33
TD004_S003-0041 Difficult	35	Response	2									1213119	7508	1
TD004_S003-0041 Difficult	36	Picture	ITI	ITI								1245686	0	1	2004	1	0	next	other	0
TD004_S003-0041 Difficult	37	Picture	Study	Study								1247690	0	1	10019	1	0	next	other	0
TD004_S003-0041 Difficult	39	Picture	Stim;Main;1;3;1112111221111111111111111;1112111121111112111111111;Right;0	Stim	Main	1	3	1112111221111111111111111	1112111121111112111111111	Right	0	1287766	0	1	40076	1	0	next	hit	37
TD004_S003-0041 Difficult	39	Response	2									1294672	6906	1
TD004_S003-0041 Difficult	40	Picture	ITI	ITI								1327842	0	1	2004	1	0	next	other	0
TD004_S003-0041 Difficult	41	Picture	Study	Study								1329845	0	1	10019	1	0	next	other	0
TD004_S003-0041 Difficult	43	Picture	Stim;Main;1;4;1111211111112111111111121;1111211111112111111211111;Left;0	Stim	Main	1	4	1111211111112111111111121	1111211111112111111211111	Left	0	1369921	0	1	40076	1	0	next	hit	41
TD004_S003-0041 Difficult	43	Response	1									1377665	7743	1
TD004_S003-0041 Difficult	44	Picture	ITI	ITI								1409997	0	1	2004	1	0	next	other	0
TD004_S003-0041 Difficult	45	Picture	Study	Study								1412001	0	1	10019	1	0	next	other	0
TD004_S003-0041 Difficult	47	Picture	Stim;Main;1;5;1111111111121112112121111;1111121111121111112121111;Left;0	Stim	Main	1	5	1111111111121112112121111	1111121111121111112121111	Left	0	1452076	0	1	40076	1	0	next	hit	45
TD004_S003-0041 Difficult	47	Response	1									1458898	6821	1
TD004_S003-0041 Difficult	48	Picture	ITI	ITI								1492152	0	1	2004	1	0	next	other	0
TD004_S003-0041 Difficult	49	Picture	Study	Study								1494156	0	1	10019	1	0	next	other	0
TD004_S003-0041 Difficult	51	Picture	Stim;Main;1;6;1111112111111211121121111;1121111111111211121121111;Right;0	Stim	Main	1	6	1111112111111211121121111	1121111111111211121121111	Right	0	1534232	0	1	40076	1	0	next	hit	49
TD004_S003-0041 Difficult	51	Response	2									1543011	8779	1
TD004_S003-0041 Difficult	53	Picture	ITI	ITI								1714405	0	1	2004	1	0	next	other	0
TD004_S003-0041 Difficult	54	Picture	Study	Study								1716409	0	1	10019	1	0	next	other	0
TD004_S003-0041 Difficult	56	Picture	Stim;Main;1;1;2111111111211111112111111;2111111111211111111111121;Left;0	Stim	Main	1	1	2111111111211111112111111	2111111111211111111111121	Left	0	1756485	0	1	40076	1	0	next	hit	53
TD004_S003-0041 Difficult	56	Response	1									1762886	6401	1
TD004_S003-0041 Difficult	57	Picture	ITI	ITI								1796560	0	1	2004	1	0	next	other	0
TD004_S003-0041 Difficult	58	Picture	Study	Study								1798564	0	1	10019	1	0	next	other	0
TD004_S003-0041 Difficult	60	Picture	Stim;Main;1;2;1111111111221111111121211;1111111111222111111111211;Right;0	Stim	Main	1	2	1111111111221111111121211	1111111111222111111111211	Right	0	1838640	0	1	40076	1	0	next	hit	57
TD004_S003-0041 Difficult	60	Response	2									1846679	8039	1
TD004_S003-0041 Difficult	61	Picture	ITI	ITI								1878716	0	1	2004	1	0	next	other	0
TD004_S003-0041 Difficult	62	Picture	Study	Study								1880719	0	1	10019	1	0	next	other	0
TD004_S003-0041 Difficult	64	Picture	Stim;Main;1;3;1111121111211111111112111;1111121111211112111111111;Right;0	Stim	Main	1	3	1111121111211111111112111	1111121111211112111111111	Right	0	1920795	0	1	40076	1	0	next	hit	61
TD004_S003-0041 Difficult	64	Response	2									1928073	7278	1
TD004_S003-0041 Difficult	65	Picture	ITI	ITI								1960871	0	1	2004	1	0	next	other	0
TD004_S003-0041 Difficult	66	Picture	Study	Study								1962875	0	1	10019	1	0	next	other	0
TD004_S003-0041 Difficult	68	Picture	Stim;Main;1;4;1112111112211111111111111;1111111112211111111112111;Left;0	Stim	Main	1	4	1112111112211111111111111	1111111112211111111112111	Left	0	2002950	0	1	40076	1	0	next	hit	65
TD004_S003-0041 Difficult	68	Response	1									2008988	6037	1
TD004_S003-0041 Difficult	69	Picture	ITI	ITI								2043026	0	1	2004	1	0	next	other	0
TD004_S003-0041 Difficult	70	Picture	Study	Study								2045030	0	1	10019	1	0	next	other	0
TD004_S003-0041 Difficult	72	Picture	Stim;Main;1;5;1112112111111111111111121;1111112111111112111111121;Left;0	Stim	Main	1	5	1112112111111111111111121	1111112111111112111111121	Left	0	2085106	0	1	40076	1	0	next	hit	69
TD004_S003-0041 Difficult	72	Response	1									2091661	6555	1
TD004_S003-0041 Difficult	73	Picture	ITI	ITI								2125181	0	1	2004	1	0	next	other	0
TD004_S003-0041 Difficult	74	Picture	Study	Study								2127185	0	1	10019	1	0	next	other	0
TD004_S003-0041 Difficult	76	Picture	Stim;Main;1;6;2111121211111111211111111;2111121121111111211111111;Right;0	Stim	Main	1	6	2111121211111111211111111	2111121121111111211111111	Right	0	2167261	0	1	40076	1	0	next	incorrect	73
TD004_S003-0041 Difficult	76	Response	1									2174495	7234	1
TD004_S003-0041 Difficult	76	Response	2									2178492	11232	1
TD004_S003-0041 Difficult	78	Picture	ITI	ITI								2347434	0	1	2004	1	0	next	other	0
TD004_S003-0041 Difficult	79	Picture	Study	Study								2349438	0	1	10019	1	0	next	other	0
TD004_S003-0041 Difficult	81	Picture	Stim;Main;1;1;1111111121111121211111121;1111111121111111211111122;Left;0	Stim	Main	1	1	1111111121111121211111121	1111111121111111211111122	Left	0	2389514	0	1	40076	1	0	next	hit	78
TD004_S003-0041 Difficult	81	Response	1									2399330	9816	1
TD004_S003-0041 Difficult	82	Picture	ITI	ITI								2429590	0	1	2004	1	0	next	other	0
TD004_S003-0041 Difficult	83	Picture	Study	Study								2431593	0	1	10019	1	0	next	other	0
TD004_S003-0041 Difficult	85	Picture	Stim;Main;1;2;2121111111121111111111111;2121111121111111111111111;Right;0	Stim	Main	1	2	2121111111121111111111111	2121111121111111111111111	Right	0	2471669	0	1	40076	1	0	next	hit	82
TD004_S003-0041 Difficult	85	Response	2									2480083	8414	1
TD004_S003-0041 Difficult	86	Picture	ITI	ITI								2511745	0	1	2004	1	0	next	other	0
TD004_S003-0041 Difficult	87	Picture	Study	Study								2513749	0	1	10019	1	0	next	other	0
TD004_S003-0041 Difficult	89	Picture	Stim;Main;1;3;1111111211121111211111111;1111211111121111211111111;Right;0	Stim	Main	1	3	1111111211121111211111111	1111211111121111211111111	Right	0	2553824	0	1	40076	1	0	next	hit	86
TD004_S003-0041 Difficult	89	Response	2									2561477	7653	1
TD004_S003-0041 Difficult	90	Picture	ITI	ITI								2593900	0	1	2004	1	0	next	other	0
TD004_S003-0041 Difficult	91	Picture	Study	Study								2595904	0	1	10019	1	0	next	other	0
TD004_S003-0041 Difficult	93	Picture	Stim;Main;1;4;1111211111111111111111112;1111111111111111121111112;Left;0	Stim	Main	1	4	1111211111111111111111112	1111111111111111121111112	Left	0	2635980	0	1	40076	1	0	next	hit	90
TD004_S003-0041 Difficult	93	Response	1									2643350	7371	1
TD004_S003-0041 Difficult	94	Picture	ITI	ITI								2676055	0	1	2004	1	0	next	other	0
TD004_S003-0041 Difficult	95	Picture	Study	Study								2678059	0	1	10019	1	0	next	other	0
TD004_S003-0041 Difficult	97	Picture	Stim;Main;1;5;1111112111121111121211111;1111111111221111121211111;Left;0	Stim	Main	1	5	1111112111121111121211111	1111111111221111121211111	Left	0	2718135	0	1	40076	1	0	next	hit	94
TD004_S003-0041 Difficult	97	Response	1									2728262	10127	1
TD004_S003-0041 Difficult	98	Picture	ITI	ITI								2758211	0	1	2004	1	0	next	other	0
TD004_S003-0041 Difficult	99	Picture	Study	Study								2760214	0	1	10019	1	0	next	other	0
TD004_S003-0041 Difficult	101	Picture	Stim;Main;1;6;1111111221121111111111121;1121111221121111111111111;Right;0	Stim	Main	1	6	1111111221121111111111121	1121111221121111111111111	Right	0	2800290	0	1	40076	1	0	next	hit	98
TD004_S003-0041 Difficult	101	Response	2									2808856	8567	1
TD004_S003-0041 Difficult	103	Picture	ITI	ITI								2980464	0	1	2004	1	0	next	other	0
TD004_S003-0041 Difficult	104	Picture	Study	Study								2982467	0	1	10019	1	0	next	other	0
TD004_S003-0041 Difficult	106	Picture	Stim;Main;1;1;1111111111111211111112111;1211111111111111111112111;Left;0	Stim	Main	1	1	1111111111111211111112111	1211111111111111111112111	Left	0	3022543	0	1	40076	1	0	next	hit	102
TD004_S003-0041 Difficult	106	Response	1									3028892	6349	1
TD004_S003-0041 Difficult	107	Picture	ITI	ITI								3062619	0	1	2004	1	0	next	other	0
TD004_S003-0041 Difficult	108	Picture	Study	Study								3064623	0	1	10019	1	0	next	other	0
TD004_S003-0041 Difficult	110	Picture	Stim;Main;1;2;1112111112111111111111111;1112111121111111111111111;Right;0	Stim	Main	1	2	1112111112111111111111111	1112111121111111111111111	Right	0	3104698	0	1	40076	1	0	next	hit	106
TD004_S003-0041 Difficult	110	Response	2									3111086	6388	1
TD004_S003-0041 Difficult	111	Picture	ITI	ITI								3144774	0	1	2004	1	0	next	other	0
TD004_S003-0041 Difficult	112	Picture	Study	Study								3146778	0	1	10019	1	0	next	other	0
TD004_S003-0041 Difficult	114	Picture	Stim;Main;1;3;1111112111111111111111211;1211111111111111111111211;Right;0	Stim	Main	1	3	1111112111111111111111211	1211111111111111111111211	Right	0	3186854	0	1	40076	1	0	next	hit	110
TD004_S003-0041 Difficult	114	Response	2									3194560	7707	1
TD004_S003-0041 Difficult	115	Picture	ITI	ITI								3226929	0	1	2004	1	0	next	other	0
TD004_S003-0041 Difficult	116	Picture	Study	Study								3228933	0	1	10019	1	0	next	other	0
TD004_S003-0041 Difficult	118	Picture	Stim;Main;1;4;1111111111121111112121112;1111111111121111111121212;Left;0	Stim	Main	1	4	1111111111121111112121112	1111111111121111111121212	Left	0	3269009	0	1	40076	1	0	next	hit	114
TD004_S003-0041 Difficult	118	Response	1									3279631	10622	1
TD004_S003-0041 Difficult	119	Picture	ITI	ITI								3309084	0	1	2004	1	0	next	other	0
TD004_S003-0041 Difficult	120	Picture	Study	Study								3311088	0	1	10019	1	0	next	other	0
TD004_S003-0041 Difficult	122	Picture	Stim;Main;1;5;1111221111111111112211111;1111221111111211111211111;Left;0	Stim	Main	1	5	1111221111111111112211111	1111221111111211111211111	Left	0	3351164	0	1	40076	1	0	next	hit	118
TD004_S003-0041 Difficult	122	Response	1									3366943	15779	1
TD004_S003-0041 Difficult	123	Picture	ITI	ITI								3391240	0	1	2004	1	0	next	other	0
TD004_S003-0041 Difficult	124	Picture	Study	Study								3393243	0	1	10019	1	0	next	other	0
TD004_S003-0041 Difficult	126	Picture	Stim;Main;1;6;1111111111121111111211111;1111111121111111111211111;Right;0	Stim	Main	1	6	1111111111121111111211111	1111111121111111111211111	Right	0	3433319	0	1	40076	1	0	next	hit	122
TD004_S003-0041 Difficult	126	Response	2									3441461	8142	1
TD004_S003-0041 Difficult	128	Response	1									3691239	77746	1
