Scenario - Match to Sample
Logfile written - 05/08/2019 14:03:09

Subject	Trial	Event Type	Code	event_cond(str)	block_name(str)	block_number(num)	trial_number(num)	study_grid(str)	dist_grid(str)	study_side(str)	delay(num)	Time	TTime	Uncertainty	Duration	Uncertainty	ReqTime	ReqDur	Stim Type	Pair Index

TD004_S003-0041 Difficult	1	Picture	ITI	ITI								334	0	1	5009	1	0	next	other	0
TD004_S003-0041 Difficult	2	Picture	Fixation	Fixation								5343	0	1	5009	1	0	next	other	0
TD004_S003-0041 Difficult	3	Picture	Study	Study								10353	0	1	10019	1	0	next	other	0
TD004_S003-0041 Difficult	5	Picture	Stim;Practice;0;1;1111112111211111111221111;1111212111111111111221111;Left;1000	Stim	Practice	0	1	1111112111211111111221111	1111212111111111111221111	Left	1000	60447	0	1	50095	1	0	next	hit	5
TD004_S003-0041 Difficult	5	Response	1									66734	6286	1
TD004_S003-0041 Difficult	6	Picture	Feedback	Feedback								110542	0	1	5009	1	0	next	other	0
TD004_S003-0041 Difficult	7	Picture	ITI	ITI								115551	0	1	5010	1	0	next	other	0
TD004_S003-0041 Difficult	8	Picture	Fixation	Fixation								120561	0	1	5009	1	0	next	other	0
TD004_S003-0041 Difficult	9	Picture	Study	Study								125570	0	1	10019	1	0	next	other	0
TD004_S003-0041 Difficult	11	Picture	Stim;Practice;0;2;1112111112111111111111112;1112111112111111121111111;Left;5000	Stim	Practice	0	2	1112111112111111111111112	1112111112111111121111111	Left	5000	215741	0	1	50095	1	0	next	hit	11
TD004_S003-0041 Difficult	11	Response	1									223286	7545	1
TD004_S003-0041 Difficult	12	Picture	Feedback	Feedback								265835	0	1	5010	1	0	next	other	0
TD004_S003-0041 Difficult	13	Picture	ITI	ITI								270845	0	1	5009	1	0	next	other	0
TD004_S003-0041 Difficult	14	Picture	Fixation	Fixation								275854	0	1	5009	1	0	next	other	0
TD004_S003-0041 Difficult	15	Picture	Study	Study								280864	0	1	10019	1	0	next	other	0
TD004_S003-0041 Difficult	17	Picture	Stim;Practice;0;3;1111111111111112121111111;1111121111111111121111111;Left;1000	Stim	Practice	0	3	1111111111111112121111111	1111121111111111121111111	Left	1000	330958	0	1	50095	1	0	next	hit	17
TD004_S003-0041 Difficult	17	Response	1									336821	5862	1
TD004_S003-0041 Difficult	18	Picture	Feedback	Feedback								381053	0	1	5009	1	0	next	other	0
TD004_S003-0041 Difficult	19	Quit										625578	239516	NA
