Scenario - Match to Sample
Logfile written - 05/02/2019 10:43:12

Subject	Trial	Event Type	Code	event_cond(str)	block_name(str)	block_number(num)	trial_number(num)	study_grid(str)	dist_grid(str)	study_side(str)	delay(num)	Time	TTime	Uncertainty	Duration	Uncertainty	ReqTime	ReqDur	Stim Type	Pair Index

td5by5	0	Pulse	84									276509	276509	1
td5by5	3	Picture	ITI	ITI								446845	0	1	2004	1	0	next	other	0
td5by5	4	Picture	Study	Study								448849	0	1	10019	1	0	next	other	0
td5by5	6	Picture	Stim;Main;1;1;1111111112211111111111111;1111111122111111111111111;Left;0	Stim	Main	1	1	1111111112211111111111111	1111111122111111111111111	Left	0	488925	0	1	40076	1	0	next	hit	5
td5by5	6	Response	1									495098	6173	1
td5by5	7	Picture	ITI	ITI								529000	0	1	2004	1	0	next	other	0
td5by5	8	Picture	Study	Study								531004	0	1	10019	1	0	next	other	0
td5by5	10	Picture	Stim;Main;1;2;2111111111211211121111111;1111112111211211121111111;Left;0	Stim	Main	1	2	2111111111211211121111111	1111112111211211121111111	Left	0	571080	0	1	40076	1	0	next	hit	9
td5by5	10	Response	1									582884	11804	1
td5by5	11	Picture	ITI	ITI								611156	0	1	2004	1	0	next	other	0
td5by5	12	Picture	Study	Study								613160	0	1	10019	1	0	next	other	0
td5by5	14	Picture	Stim;Main;1;3;1111111111211111211111111;1121111111111111211111111;Right;0	Stim	Main	1	3	1111111111211111211111111	1121111111111111211111111	Right	0	653235	0	1	40076	1	0	next	hit	13
td5by5	14	Response	2									662516	9281	1
td5by5	15	Picture	ITI	ITI								693311	0	1	2004	1	0	next	other	0
td5by5	16	Picture	Study	Study								695315	0	1	10019	1	0	next	other	0
td5by5	18	Picture	Stim;Main;1;4;2112111122111111111111111;1112111122111111121111111;Right;0	Stim	Main	1	4	2112111122111111111111111	1112111122111111121111111	Right	0	735391	0	1	40076	1	0	next	hit	17
td5by5	18	Response	2									744707	9317	1
td5by5	19	Picture	ITI	ITI								775467	0	1	2004	1	0	next	other	0
td5by5	20	Picture	Study	Study								777470	0	1	10019	1	0	next	other	0
td5by5	22	Picture	Stim;Main;1;5;1111111111111111211112111;1111111111111111211111211;Right;0	Stim	Main	1	5	1111111111111111211112111	1111111111111111211111211	Right	0	817546	0	1	40076	1	0	next	hit	21
td5by5	22	Response	2									825299	7753	1
td5by5	23	Picture	ITI	ITI								857622	0	1	2004	1	0	next	other	0
td5by5	24	Picture	Study	Study								859626	0	1	10019	1	0	next	other	0
td5by5	26	Picture	Stim;Main;1;6;1112211111112111111111111;1112221111111111111111111;Left;0	Stim	Main	1	6	1112211111112111111111111	1112221111111111111111111	Left	0	899702	0	1	40076	1	0	next	hit	25
td5by5	26	Response	1									907650	7948	1
td5by5	26	Response	2									911305	11603	1
td5by5	28	Picture	ITI	ITI								1079876	0	1	2004	1	0	next	other	0
td5by5	29	Picture	Study	Study								1081879	0	1	10019	1	0	next	other	0
td5by5	31	Picture	Stim;Main;1;1;1112111111111111111211111;1112111111211111111111111;Left;0	Stim	Main	1	1	1112111111111111111211111	1112111111211111111111111	Left	0	1121955	0	1	40076	1	0	next	hit	30
td5by5	31	Response	1									1127966	6011	1
td5by5	32	Picture	ITI	ITI								1162031	0	1	2004	1	0	next	other	0
td5by5	33	Picture	Study	Study								1164035	0	1	10019	1	0	next	other	0
td5by5	35	Picture	Stim;Main;1;2;1111111112111111121111111;1111111111111111121112111;Left;0	Stim	Main	1	2	1111111112111111121111111	1111111111111111121112111	Left	0	1204111	0	1	40076	1	0	next	hit	34
td5by5	35	Response	1									1217672	13561	1
td5by5	36	Picture	ITI	ITI								1244186	0	1	2004	1	0	next	other	0
td5by5	37	Picture	Study	Study								1246190	0	1	10019	1	0	next	other	0
td5by5	39	Picture	Stim;Main;1;3;1121111112111112121111111;1121111112111111121121111;Right;0	Stim	Main	1	3	1121111112111112121111111	1121111112111111121121111	Right	0	1286266	0	1	40076	1	0	next	hit	38
td5by5	39	Response	2									1302902	16635	1
td5by5	40	Picture	ITI	ITI								1326342	0	1	2004	1	0	next	other	0
td5by5	41	Picture	Study	Study								1328346	0	1	10019	1	0	next	other	0
td5by5	43	Picture	Stim;Main;1;4;1111111111121121112121111;1111111111121122112111111;Right;0	Stim	Main	1	4	1111111111121121112121111	1111111111121122112111111	Right	0	1368421	0	1	40076	1	0	next	hit	42
td5by5	43	Response	2									1379336	10915	1
td5by5	44	Picture	ITI	ITI								1408497	0	1	2004	1	0	next	other	0
td5by5	45	Picture	Study	Study								1410501	0	1	10019	1	0	next	other	0
td5by5	47	Picture	Stim;Main;1;5;1112111111111112112211111;1112111211111112112111111;Right;0	Stim	Main	1	5	1112111111111112112211111	1112111211111112112111111	Right	0	1450577	0	1	40076	1	0	next	hit	46
td5by5	47	Response	2									1463765	13188	1
td5by5	48	Picture	ITI	ITI								1490653	0	1	2004	1	0	next	other	0
td5by5	49	Picture	Study	Study								1492656	0	1	10019	1	0	next	other	0
td5by5	51	Picture	Stim;Main;1;6;1111121121111111112111112;1111111121111111112112112;Left;0	Stim	Main	1	6	1111121121111111112111112	1111111121111111112112112	Left	0	1532732	0	1	40076	1	0	next	hit	50
td5by5	51	Response	1									1544838	12105	1
td5by5	53	Picture	ITI	ITI								1712906	0	1	2004	1	0	next	other	0
td5by5	54	Picture	Study	Study								1714910	0	1	10019	1	0	next	other	0
td5by5	56	Picture	Stim;Main;1;1;1111111111111111112211111;1111111111211111112111111;Left;0	Stim	Main	1	1	1111111111111111112211111	1111111111211111112111111	Left	0	1754986	0	1	40076	1	0	next	hit	54
td5by5	56	Response	1									1760709	5723	1
td5by5	57	Picture	ITI	ITI								1795062	0	1	2004	1	0	next	other	0
td5by5	58	Picture	Study	Study								1797065	0	1	10019	1	0	next	other	0
td5by5	60	Picture	Stim;Main;1;2;1211111111111111111121111;1211111111111111211111111;Left;0	Stim	Main	1	2	1211111111111111111121111	1211111111111111211111111	Left	0	1837141	0	1	40076	1	0	next	hit	58
td5by5	60	Response	1									1844658	7517	1
td5by5	61	Picture	ITI	ITI								1877217	0	1	2004	1	0	next	other	0
td5by5	62	Picture	Study	Study								1879221	0	1	10019	1	0	next	other	0
td5by5	64	Picture	Stim;Main;1;3;1111111111111121211212111;1111112111111121211211111;Right;0	Stim	Main	1	3	1111111111111121211212111	1111112111111121211211111	Right	0	1919297	0	1	40076	1	0	next	hit	62
td5by5	64	Response	2									1927809	8512	1
td5by5	65	Picture	ITI	ITI								1959372	0	1	2004	1	0	next	other	0
td5by5	66	Picture	Study	Study								1961376	0	1	10019	1	0	next	other	0
td5by5	68	Picture	Stim;Main;1;4;1111111111111112111111112;1111121111111112111111111;Right;0	Stim	Main	1	4	1111111111111112111111112	1111121111111112111111111	Right	0	2001452	0	1	40076	1	0	next	hit	66
td5by5	68	Response	2									2008720	7268	1
td5by5	69	Picture	ITI	ITI								2041528	0	1	2004	1	0	next	other	0
td5by5	70	Picture	Study	Study								2043532	0	1	10019	1	0	next	other	0
td5by5	72	Picture	Stim;Main;1;5;1111111121111211111111111;1111111112111211111111111;Right;0	Stim	Main	1	5	1111111121111211111111111	1111111112111211111111111	Right	0	2083607	0	1	40076	1	0	next	hit	70
td5by5	72	Response	2									2091232	7624	1
td5by5	73	Picture	ITI	ITI								2123683	0	1	2004	1	0	next	other	0
td5by5	74	Picture	Study	Study								2125687	0	1	10019	1	0	next	other	0
td5by5	76	Picture	Stim;Main;1;6;1111111111112121121111211;1111111111112121121121111;Left;0	Stim	Main	1	6	1111111111112121121111211	1111111111112121121121111	Left	0	2165763	0	1	40076	1	0	next	hit	74
td5by5	76	Response	1									2173423	7660	1
td5by5	78	Picture	ITI	ITI								2345937	0	1	2004	1	0	next	other	0
td5by5	79	Picture	Study	Study								2347941	0	1	10019	1	0	next	other	0
td5by5	81	Picture	Stim;Main;1;1;1211111111121112111112111;1211111111121112121111111;Left;0	Stim	Main	1	1	1211111111121112111112111	1211111111121112121111111	Left	0	2388016	0	1	40076	1	0	next	hit	78
td5by5	81	Response	1									2394410	6394	1
td5by5	82	Picture	ITI	ITI								2428092	0	1	2004	1	0	next	other	0
td5by5	83	Picture	Study	Study								2430096	0	1	10019	1	0	next	other	0
td5by5	85	Picture	Stim;Main;1;2;1121121111112111111111111;1221111111112111111111111;Left;0	Stim	Main	1	2	1121121111112111111111111	1221111111112111111111111	Left	0	2470172	0	1	40076	1	0	next	hit	82
td5by5	85	Response	1									2477880	7708	1
td5by5	86	Picture	ITI	ITI								2510248	0	1	2004	1	0	next	other	0
td5by5	87	Picture	Study	Study								2512251	0	1	10019	1	0	next	other	0
td5by5	89	Picture	Stim;Main;1;3;1111121211111111111111111;1111111211112111111111111;Right;0	Stim	Main	1	3	1111121211111111111111111	1111111211112111111111111	Right	0	2552327	0	1	40076	1	0	next	hit	86
td5by5	89	Response	2									2559270	6943	1
td5by5	90	Picture	ITI	ITI								2592403	0	1	2004	1	0	next	other	0
td5by5	91	Picture	Study	Study								2594407	0	1	10019	1	0	next	other	0
td5by5	93	Picture	Stim;Main;1;4;1111111111121112111211111;1111111111121112111111121;Right;0	Stim	Main	1	4	1111111111121112111211111	1111111111121112111111121	Right	0	2634483	0	1	40076	1	0	next	hit	90
td5by5	93	Response	2									2643220	8737	1
td5by5	94	Picture	ITI	ITI								2674558	0	1	2004	1	0	next	other	0
td5by5	95	Picture	Study	Study								2676562	0	1	10019	1	0	next	other	0
td5by5	97	Picture	Stim;Main;1;5;1111111111111121211211111;1111112111111121111211111;Right;0	Stim	Main	1	5	1111111111111121211211111	1111112111111121111211111	Right	0	2716638	0	1	40076	1	0	next	hit	94
td5by5	97	Response	2									2725089	8451	1
td5by5	98	Picture	ITI	ITI								2756714	0	1	2004	1	0	next	other	0
td5by5	99	Picture	Study	Study								2758718	0	1	10019	1	0	next	other	0
td5by5	101	Picture	Stim;Main;1;6;1111121111111111121121111;1111111111111111221121111;Left;0	Stim	Main	1	6	1111121111111111121121111	1111111111111111221121111	Left	0	2798793	0	1	40076	1	0	next	hit	98
td5by5	101	Response	1									2806320	7527	1
td5by5	103	Picture	ITI	ITI								2978968	0	1	2004	1	0	next	other	0
td5by5	104	Picture	Study	Study								2980971	0	1	10019	1	0	next	other	0
td5by5	106	Picture	Stim;Main;1;1;1211211211111111111111111;1111211211111111111111121;Left;0	Stim	Main	1	1	1211211211111111111111111	1111211211111111111111121	Left	0	3021047	0	1	40076	1	0	next	hit	102
td5by5	106	Response	1									3029545	8498	1
td5by5	107	Picture	ITI	ITI								3061123	0	1	2004	1	0	next	other	0
td5by5	108	Picture	Study	Study								3063127	0	1	10019	1	0	next	other	0
td5by5	110	Picture	Stim;Main;1;2;1112111111112111112111121;1112111111112111111112121;Left;0	Stim	Main	1	2	1112111111112111112111121	1112111111112111111112121	Left	0	3103202	0	1	40076	1	0	next	hit	106
td5by5	110	Response	1									3109178	5976	1
td5by5	111	Picture	ITI	ITI								3143278	0	1	2004	1	0	next	other	0
td5by5	112	Picture	Study	Study								3145282	0	1	10019	1	0	next	other	0
td5by5	114	Picture	Stim;Main;1;3;1111211111111111122121111;1111111111111111122121112;Right;0	Stim	Main	1	3	1111211111111111122121111	1111111111111111122121112	Right	0	3185358	0	1	40076	1	0	next	hit	110
td5by5	114	Response	2									3192809	7451	1
td5by5	115	Picture	ITI	ITI								3225434	0	1	2004	1	0	next	other	0
td5by5	116	Picture	Study	Study								3227437	0	1	10019	1	0	next	other	0
td5by5	118	Picture	Stim;Main;1;4;1111121111111211111111111;1121121111111111111111111;Right;0	Stim	Main	1	4	1111121111111211111111111	1121121111111111111111111	Right	0	3267513	0	1	40076	1	0	next	hit	114
td5by5	118	Response	2									3276439	8926	1
td5by5	119	Picture	ITI	ITI								3307589	0	1	2004	1	0	next	other	0
td5by5	120	Picture	Study	Study								3309593	0	1	10019	1	0	next	other	0
td5by5	122	Picture	Stim;Main;1;5;1211111111111121111112121;1211111111111121111121121;Right;0	Stim	Main	1	5	1211111111111121111112121	1211111111111121111121121	Right	0	3349669	0	1	40076	1	0	next	hit	118
td5by5	122	Response	2									3363268	13600	1
td5by5	123	Picture	ITI	ITI								3389744	0	1	2004	1	0	next	other	0
td5by5	124	Picture	Study	Study								3391748	0	1	10019	1	0	next	other	0
td5by5	126	Picture	Stim;Main;1;6;2111111221111111111111111;2111111211111111211111111;Left;0	Stim	Main	1	6	2111111221111111111111111	2111111211111111211111111	Left	0	3431824	0	1	40076	1	0	next	hit	122
td5by5	126	Response	1									3439381	7557	1
td5by5	128	Pause										4659850	1047852	NA	208479
td5by5	128	Resume										4659850	1047852	NA
td5by5	128	Response	1									13481574	9869576	1
